2022-01-11 08:57:48 [restartedMain] INFO  c.e.test.rate.ManageRateApplication -
                Starting ManageRateApplication using Java 1.8.0_301 on DESKTOP-LMHFHK6 with PID 14656 (D:\manage-rate\target\classes started by dell in D:\manage-rate)
2022-01-11 08:57:48 [restartedMain] DEBUG c.e.test.rate.ManageRateApplication -
                Running with Spring Boot v2.5.8, Spring v5.3.14
2022-01-11 08:57:48 [restartedMain] INFO  c.e.test.rate.ManageRateApplication -
                No active profile set, falling back to default profiles: default
2022-01-11 08:58:09 [restartedMain] DEBUG c.example.test.rate.filter.JwtFilter -
                Filter 'jwtFilter' configured for use
2022-01-11 08:58:31 [restartedMain] INFO  c.e.test.rate.ManageRateApplication -
                Started ManageRateApplication in 49.198 seconds (JVM running for 60.249)
2022-01-11 09:47:58 [restartedMain] INFO  c.e.test.rate.ManageRateApplication -
                Starting ManageRateApplication using Java 1.8.0_301 on DESKTOP-LMHFHK6 with PID 4324 (D:\manage-rate\target\classes started by dell in D:\manage-rate)
2022-01-11 09:47:58 [restartedMain] DEBUG c.e.test.rate.ManageRateApplication -
                Running with Spring Boot v2.5.8, Spring v5.3.14
2022-01-11 09:47:58 [restartedMain] INFO  c.e.test.rate.ManageRateApplication -
                No active profile set, falling back to default profiles: default
2022-01-11 09:48:20 [restartedMain] DEBUG c.example.test.rate.filter.JwtFilter -
                Filter 'jwtFilter' configured for use
2022-01-11 09:48:46 [restartedMain] INFO  c.e.test.rate.ManageRateApplication -
                Started ManageRateApplication in 51.119 seconds (JVM running for 55.301)
2022-01-11 10:14:16 [restartedMain] INFO  c.e.test.rate.ManageRateApplication -
                Starting ManageRateApplication using Java 1.8.0_301 on DESKTOP-LMHFHK6 with PID 16864 (D:\manage-rate\target\classes started by dell in D:\manage-rate)
2022-01-11 10:14:16 [restartedMain] DEBUG c.e.test.rate.ManageRateApplication -
                Running with Spring Boot v2.5.8, Spring v5.3.14
2022-01-11 10:14:16 [restartedMain] INFO  c.e.test.rate.ManageRateApplication -
                No active profile set, falling back to default profiles: default
2022-01-11 10:14:37 [restartedMain] DEBUG c.example.test.rate.filter.JwtFilter -
                Filter 'jwtFilter' configured for use
2022-01-11 10:15:15 [restartedMain] INFO  c.e.test.rate.ManageRateApplication -
                Started ManageRateApplication in 62.618 seconds (JVM running for 68.102)
2022-01-11 10:25:00 [restartedMain] INFO  c.e.test.rate.ManageRateApplication -
                Starting ManageRateApplication using Java 1.8.0_301 on DESKTOP-LMHFHK6 with PID 6620 (D:\manage-rate\target\classes started by dell in D:\manage-rate)
2022-01-11 10:25:00 [restartedMain] DEBUG c.e.test.rate.ManageRateApplication -
                Running with Spring Boot v2.5.8, Spring v5.3.14
2022-01-11 10:25:00 [restartedMain] INFO  c.e.test.rate.ManageRateApplication -
                No active profile set, falling back to default profiles: default
2022-01-11 10:25:16 [restartedMain] DEBUG c.example.test.rate.filter.JwtFilter -
                Filter 'jwtFilter' configured for use
2022-01-11 10:25:31 [restartedMain] INFO  c.e.test.rate.ManageRateApplication -
                Started ManageRateApplication in 35.276 seconds (JVM running for 39.165)
2022-01-11 10:30:27 [restartedMain] INFO  c.e.test.rate.ManageRateApplication -
                Starting ManageRateApplication using Java 1.8.0_301 on DESKTOP-LMHFHK6 with PID 10308 (D:\manage-rate\target\classes started by dell in D:\manage-rate)
2022-01-11 10:30:27 [restartedMain] DEBUG c.e.test.rate.ManageRateApplication -
                Running with Spring Boot v2.5.8, Spring v5.3.14
2022-01-11 10:30:27 [restartedMain] INFO  c.e.test.rate.ManageRateApplication -
                No active profile set, falling back to default profiles: default
2022-01-11 10:30:39 [restartedMain] DEBUG c.example.test.rate.filter.JwtFilter -
                Filter 'jwtFilter' configured for use
2022-01-11 10:30:56 [restartedMain] INFO  c.e.test.rate.ManageRateApplication -
                Started ManageRateApplication in 32.318 seconds (JVM running for 36.087)
2022-01-11 10:42:41 [restartedMain] INFO  c.e.test.rate.ManageRateApplication -
                Starting ManageRateApplication using Java 1.8.0_301 on DESKTOP-LMHFHK6 with PID 344 (D:\manage-rate\target\classes started by dell in D:\manage-rate)
2022-01-11 10:42:41 [restartedMain] DEBUG c.e.test.rate.ManageRateApplication -
                Running with Spring Boot v2.5.8, Spring v5.3.14
2022-01-11 10:42:41 [restartedMain] INFO  c.e.test.rate.ManageRateApplication -
                No active profile set, falling back to default profiles: default
2022-01-11 10:42:55 [restartedMain] DEBUG c.example.test.rate.filter.JwtFilter -
                Filter 'jwtFilter' configured for use
2022-01-11 10:43:10 [restartedMain] INFO  c.e.test.rate.ManageRateApplication -
                Started ManageRateApplication in 32.305 seconds (JVM running for 35.851)
2022-01-11 10:45:07 [restartedMain] INFO  c.e.test.rate.ManageRateApplication -
                Starting ManageRateApplication using Java 1.8.0_301 on DESKTOP-LMHFHK6 with PID 15268 (D:\manage-rate\target\classes started by dell in D:\manage-rate)
2022-01-11 10:45:07 [restartedMain] DEBUG c.e.test.rate.ManageRateApplication -
                Running with Spring Boot v2.5.8, Spring v5.3.14
2022-01-11 10:45:07 [restartedMain] INFO  c.e.test.rate.ManageRateApplication -
                No active profile set, falling back to default profiles: default
2022-01-11 10:45:26 [restartedMain] DEBUG c.example.test.rate.filter.JwtFilter -
                Filter 'jwtFilter' configured for use
2022-01-11 10:45:43 [restartedMain] INFO  c.e.test.rate.ManageRateApplication -
                Started ManageRateApplication in 39.763 seconds (JVM running for 43.803)
2022-01-11 11:00:27 [restartedMain] INFO  c.e.test.rate.ManageRateApplication -
                Starting ManageRateApplication using Java 1.8.0_301 on DESKTOP-LMHFHK6 with PID 8720 (D:\manage-rate\target\classes started by dell in D:\manage-rate)
2022-01-11 11:00:27 [restartedMain] DEBUG c.e.test.rate.ManageRateApplication -
                Running with Spring Boot v2.5.8, Spring v5.3.14
2022-01-11 11:00:27 [restartedMain] INFO  c.e.test.rate.ManageRateApplication -
                No active profile set, falling back to default profiles: default
2022-01-11 11:01:01 [restartedMain] DEBUG c.example.test.rate.filter.JwtFilter -
                Filter 'jwtFilter' configured for use
2022-01-11 11:01:17 [restartedMain] INFO  c.e.test.rate.ManageRateApplication -
                Started ManageRateApplication in 56.232 seconds (JVM running for 62.05)
2022-01-11 11:23:40 [restartedMain] INFO  c.e.test.rate.ManageRateApplication -
                Starting ManageRateApplication using Java 1.8.0_301 on DESKTOP-LMHFHK6 with PID 17312 (D:\manage-rate\target\classes started by dell in D:\manage-rate)
2022-01-11 11:23:40 [restartedMain] DEBUG c.e.test.rate.ManageRateApplication -
                Running with Spring Boot v2.5.8, Spring v5.3.14
2022-01-11 11:23:40 [restartedMain] INFO  c.e.test.rate.ManageRateApplication -
                No active profile set, falling back to default profiles: default
2022-01-11 11:23:55 [restartedMain] DEBUG c.example.test.rate.filter.JwtFilter -
                Filter 'jwtFilter' configured for use
2022-01-11 11:24:19 [restartedMain] INFO  c.e.test.rate.ManageRateApplication -
                Started ManageRateApplication in 43.38 seconds (JVM running for 47.016)
2022-01-11 11:26:37 [restartedMain] INFO  c.e.test.rate.ManageRateApplication -
                Starting ManageRateApplication using Java 1.8.0_301 on DESKTOP-LMHFHK6 with PID 16380 (D:\manage-rate\target\classes started by dell in D:\manage-rate)
2022-01-11 11:26:37 [restartedMain] DEBUG c.e.test.rate.ManageRateApplication -
                Running with Spring Boot v2.5.8, Spring v5.3.14
2022-01-11 11:26:37 [restartedMain] INFO  c.e.test.rate.ManageRateApplication -
                No active profile set, falling back to default profiles: default
2022-01-11 11:26:53 [restartedMain] DEBUG c.example.test.rate.filter.JwtFilter -
                Filter 'jwtFilter' configured for use
2022-01-11 11:27:16 [restartedMain] INFO  c.e.test.rate.ManageRateApplication -
                Started ManageRateApplication in 43.146 seconds (JVM running for 48.167)
2022-01-11 12:21:14 [http-nio-9002-exec-8] INFO  c.e.t.rate.controller.RateController -
                Get all the Rate details are added to RMS
2022-01-11 12:24:04 [restartedMain] INFO  c.e.test.rate.ManageRateApplication -
                Starting ManageRateApplication using Java 1.8.0_301 on DESKTOP-LMHFHK6 with PID 12352 (D:\manage-rate\target\classes started by dell in D:\manage-rate)
2022-01-11 12:24:04 [restartedMain] DEBUG c.e.test.rate.ManageRateApplication -
                Running with Spring Boot v2.5.8, Spring v5.3.14
2022-01-11 12:24:04 [restartedMain] INFO  c.e.test.rate.ManageRateApplication -
                No active profile set, falling back to default profiles: default
2022-01-11 12:24:23 [restartedMain] DEBUG c.example.test.rate.filter.JwtFilter -
                Filter 'jwtFilter' configured for use
2022-01-11 12:24:48 [restartedMain] INFO  c.e.test.rate.ManageRateApplication -
                Started ManageRateApplication in 49.644 seconds (JVM running for 53.737)
2022-01-11 13:51:56 [restartedMain] INFO  c.e.test.rate.ManageRateApplication -
                Starting ManageRateApplication using Java 1.8.0_301 on DESKTOP-LMHFHK6 with PID 15228 (D:\manage-rate\target\classes started by dell in D:\manage-rate)
2022-01-11 13:51:56 [restartedMain] DEBUG c.e.test.rate.ManageRateApplication -
                Running with Spring Boot v2.5.8, Spring v5.3.14
2022-01-11 13:51:56 [restartedMain] INFO  c.e.test.rate.ManageRateApplication -
                No active profile set, falling back to default profiles: default
2022-01-11 13:52:09 [restartedMain] DEBUG c.example.test.rate.filter.JwtFilter -
                Filter 'jwtFilter' configured for use
2022-01-11 13:52:32 [restartedMain] INFO  c.e.test.rate.ManageRateApplication -
                Started ManageRateApplication in 40.05 seconds (JVM running for 53.5)
2022-01-11 14:40:03 [http-nio-9002-exec-7] INFO  c.e.t.rate.controller.RateController -
                Get all the Rate details are added to RMS
2022-01-11 14:40:13 [http-nio-9002-exec-10] INFO  c.e.t.rate.controller.RateController -
                Get all the Rate details are added to RMS
2022-01-11 14:40:19 [http-nio-9002-exec-3] INFO  c.e.t.rate.controller.RateController -
                Get all the Rate details are added to RMS
2022-01-11 14:40:39 [http-nio-9002-exec-6] INFO  c.e.t.rate.controller.RateController -
                Get all the Rate details are added to RMS
2022-01-11 14:40:41 [http-nio-9002-exec-8] INFO  c.e.t.rate.controller.RateController -
                Get all the Rate details are added to RMS
2022-01-11 15:25:48 [restartedMain] INFO  c.e.test.rate.ManageRateApplication -
                Starting ManageRateApplication using Java 1.8.0_301 on DESKTOP-LMHFHK6 with PID 760 (D:\manage-rate\target\classes started by dell in D:\manage-rate)
2022-01-11 15:25:48 [restartedMain] DEBUG c.e.test.rate.ManageRateApplication -
                Running with Spring Boot v2.5.8, Spring v5.3.14
2022-01-11 15:25:48 [restartedMain] INFO  c.e.test.rate.ManageRateApplication -
                No active profile set, falling back to default profiles: default
2022-01-11 15:26:08 [restartedMain] DEBUG c.example.test.rate.filter.JwtFilter -
                Filter 'jwtFilter' configured for use
2022-01-11 15:26:35 [restartedMain] INFO  c.e.test.rate.ManageRateApplication -
                Started ManageRateApplication in 52.207 seconds (JVM running for 61.659)
2022-01-11 16:01:48 [restartedMain] INFO  c.e.test.rate.ManageRateApplication -
                Starting ManageRateApplication using Java 1.8.0_301 on DESKTOP-LMHFHK6 with PID 9636 (D:\manage-rate\target\classes started by dell in D:\manage-rate)
2022-01-11 16:01:48 [restartedMain] DEBUG c.e.test.rate.ManageRateApplication -
                Running with Spring Boot v2.5.8, Spring v5.3.14
2022-01-11 16:01:48 [restartedMain] INFO  c.e.test.rate.ManageRateApplication -
                No active profile set, falling back to default profiles: default
2022-01-11 16:02:05 [restartedMain] DEBUG c.example.test.rate.filter.JwtFilter -
                Filter 'jwtFilter' configured for use
2022-01-11 16:02:33 [restartedMain] INFO  c.e.test.rate.ManageRateApplication -
                Started ManageRateApplication in 48.306 seconds (JVM running for 52.151)
2022-01-11 16:05:19 [http-nio-9002-exec-5] INFO  c.e.t.rate.controller.RateController -
                Get all the Rate details in RMS
2022-01-11 16:05:22 [http-nio-9002-exec-7] INFO  c.e.t.rate.controller.RateController -
                Get all the Rate details in RMS
2022-01-11 16:06:16 [http-nio-9002-exec-9] INFO  c.e.t.rate.controller.RateController -
                Get all the Rate details in RMS
2022-01-11 16:12:53 [http-nio-9002-exec-6] INFO  c.e.t.rate.controller.RateController -
                Get all the Rate details in RMS
2022-01-11 16:13:50 [http-nio-9002-exec-5] INFO  c.e.t.rate.controller.RateController -
                Get all the Rate details in RMS
2022-01-11 16:14:04 [http-nio-9002-exec-9] INFO  c.e.t.rate.controller.RateController -
                Get all the Rate details in RMS
2022-01-11 16:14:14 [http-nio-9002-exec-1] INFO  c.e.t.rate.controller.RateController -
                Get all the Rate details in RMS
2022-01-11 16:14:22 [http-nio-9002-exec-3] INFO  c.e.t.rate.controller.RateController -
                Get all the Rate details in RMS
2022-01-11 16:14:28 [http-nio-9002-exec-5] INFO  c.e.t.rate.controller.RateController -
                Get all the Rate details in RMS
2022-01-11 16:15:23 [http-nio-9002-exec-2] INFO  c.e.t.rate.controller.RateController -
                Get all the Rate details in RMS
2022-01-11 16:17:42 [hystrix-RateController-1] INFO  c.e.test.rate.service.RateService -
                Service Layer : New Rate details are added to RMS
2022-01-11 16:17:42 [hystrix-RateController-1] INFO  c.e.t.rate.controller.RateController -
                Inside Controller:New Rate details are added to RMS
2022-01-11 16:17:42 [http-nio-9002-exec-6] INFO  c.e.t.rate.controller.RateController -
                Get all the Rate details in RMS
2022-01-11 16:26:50 [http-nio-9002-exec-8] INFO  c.e.t.rate.controller.RateController -
                Get all the Rate details in RMS
2022-01-11 16:32:42 [http-nio-9002-exec-2] INFO  c.e.t.rate.controller.RateController -
                Get all the Rate details in RMS
2022-01-11 16:33:16 [http-nio-9002-exec-1] INFO  c.e.t.rate.controller.RateController -
                Get all the Rate details in RMS
2022-01-11 16:33:20 [http-nio-9002-exec-10] INFO  c.e.t.rate.controller.RateController -
                Get all the Rate details in RMS
2022-01-11 16:33:27 [http-nio-9002-exec-7] INFO  c.e.t.rate.controller.RateController -
                Get all the Rate details in RMS
2022-01-11 16:33:42 [hystrix-RateController-2] INFO  c.e.test.rate.service.RateService -
                Service Layer : New Rate details are added to RMS
2022-01-11 16:33:42 [hystrix-RateController-2] INFO  c.e.t.rate.controller.RateController -
                Inside Controller:New Rate details are added to RMS
2022-01-11 16:33:42 [http-nio-9002-exec-9] INFO  c.e.t.rate.controller.RateController -
                Get all the Rate details in RMS
2022-01-11 16:35:26 [http-nio-9002-exec-3] INFO  c.e.t.rate.controller.RateController -
                Get all the Rate details in RMS
2022-01-11 16:35:28 [http-nio-9002-exec-1] INFO  c.e.t.rate.controller.RateController -
                Get all the Rate details in RMS
2022-01-11 16:35:30 [http-nio-9002-exec-10] INFO  c.e.t.rate.controller.RateController -
                Get all the Rate details in RMS
2022-01-11 16:35:39 [HystrixTimer-2] ERROR c.e.t.rate.controller.RateController -
                Inside get controller Hystrix timeout error
2022-01-11 16:35:41 [hystrix-RateController-3] INFO  c.e.test.rate.service.RateService -
                Service Layer:Retrieve rate details from RMS by Rate ID
2022-01-11 16:35:41 [hystrix-RateController-3] INFO  c.e.t.rate.controller.RateController -
                Inside Controller::Retrieve rate details from RMS by Rate ID
2022-01-11 16:35:42 [hystrix-RateController-3] INFO  c.e.test.rate.service.RateService -
                Service Layer:Retrieve rate details from RMS by Rate ID
2022-01-11 16:40:09 [http-nio-9002-exec-8] INFO  c.e.t.rate.controller.RateController -
                Get all the Rate details in RMS
2022-01-11 16:40:17 [hystrix-RateController-4] INFO  c.e.test.rate.service.RateService -
                Service Layer:Retrieve rate details from RMS by Rate ID
2022-01-11 16:40:17 [hystrix-RateController-4] INFO  c.e.t.rate.controller.RateController -
                Inside Controller::Retrieve rate details from RMS by Rate ID
2022-01-11 16:40:17 [hystrix-RateController-4] INFO  c.e.test.rate.service.RateService -
                Service Layer:Retrieve rate details from RMS by Rate ID
2022-01-11 16:40:29 [http-nio-9002-exec-3] INFO  c.e.t.rate.controller.RateController -
                Get all the Rate details in RMS
2022-01-11 16:40:35 [hystrix-RateController-5] INFO  c.e.test.rate.service.RateService -
                Service Layer:Retrieve rate details from RMS by Rate ID
2022-01-11 16:40:35 [hystrix-RateController-5] INFO  c.e.t.rate.controller.RateController -
                Inside Controller::Retrieve rate details from RMS by Rate ID
2022-01-11 16:40:35 [hystrix-RateController-5] INFO  c.e.test.rate.service.RateService -
                Service Layer:Retrieve rate details from RMS by Rate ID
2022-01-11 16:47:14 [hystrix-RateController-6] INFO  c.e.test.rate.service.RateService -
                Service Layer:Retrieve rate details from RMS by Rate ID
2022-01-11 16:47:14 [hystrix-RateController-6] INFO  c.e.t.rate.controller.RateController -
                Inside Controller::Retrieve rate details from RMS by Rate ID
2022-01-11 16:47:14 [hystrix-RateController-6] INFO  c.e.test.rate.service.RateService -
                Service Layer:Retrieve rate details from RMS by Rate ID
2022-01-11 16:47:58 [hystrix-RateController-7] INFO  c.e.test.rate.service.RateService -
                Service Layer:Retrieve rate details from RMS by Rate ID
2022-01-11 16:47:58 [hystrix-RateController-7] INFO  c.e.t.rate.controller.RateController -
                Inside Controller::Retrieve rate details from RMS by Rate ID
2022-01-11 16:47:58 [hystrix-RateController-7] INFO  c.e.test.rate.service.RateService -
                Service Layer:Retrieve rate details from RMS by Rate ID
2022-01-11 16:48:04 [hystrix-RateController-8] INFO  c.e.test.rate.service.RateService -
                Service Layer:Retrieve rate details from RMS by Rate ID
2022-01-11 16:48:04 [hystrix-RateController-8] INFO  c.e.t.rate.controller.RateController -
                Inside Controller::Retrieve rate details from RMS by Rate ID
2022-01-11 16:48:05 [hystrix-RateController-8] INFO  c.e.test.rate.service.RateService -
                Service Layer:Retrieve rate details from RMS by Rate ID
2022-01-11 16:48:07 [http-nio-9002-exec-10] INFO  c.e.t.rate.controller.RateController -
                Get all the Rate details in RMS
2022-01-11 16:48:11 [hystrix-RateController-9] INFO  c.e.test.rate.service.RateService -
                Service Layer:Retrieve rate details from RMS by Rate ID
2022-01-11 16:48:11 [hystrix-RateController-9] INFO  c.e.t.rate.controller.RateController -
                Inside Controller::Retrieve rate details from RMS by Rate ID
2022-01-11 16:48:11 [hystrix-RateController-9] INFO  c.e.test.rate.service.RateService -
                Service Layer:Retrieve rate details from RMS by Rate ID
2022-01-11 16:48:16 [http-nio-9002-exec-5] INFO  c.e.t.rate.controller.RateController -
                Inside controller: Rate details updated successfully for Rate ID: 16
2022-01-11 16:48:16 [updateExecutor-1] INFO  c.e.test.rate.service.RateService -
                Service Layer:Rate details updated successfully for Rate ID: 16
2022-01-11 16:48:17 [http-nio-9002-exec-9] INFO  c.e.t.rate.controller.RateController -
                Get all the Rate details in RMS
2022-01-11 16:49:17 [http-nio-9002-exec-3] INFO  c.e.t.rate.controller.RateController -
                Get all the Rate details in RMS
2022-01-11 16:50:04 [http-nio-9002-exec-8] INFO  c.e.t.rate.controller.RateController -
                Get all the Rate details in RMS
2022-01-11 16:50:09 [hystrix-RateController-10] INFO  c.e.test.rate.service.RateService -
                Service Layer:Rate details deleted successfully for Rate ID: 15
2022-01-11 16:50:09 [hystrix-RateController-10] INFO  c.e.t.rate.controller.RateController -
                Inside controller: Rate details deleted successfully for Rate ID: 15
2022-01-11 16:50:09 [http-nio-9002-exec-2] INFO  c.e.t.rate.controller.RateController -
                Get all the Rate details in RMS
2022-01-11 16:50:56 [http-nio-9002-exec-1] INFO  c.e.t.rate.controller.RateController -
                Get all the Rate details in RMS
2022-01-11 16:51:07 [http-nio-9002-exec-7] INFO  c.e.t.rate.controller.RateController -
                Get all the Rate details in RMS
2022-01-11 16:51:23 [http-nio-9002-exec-8] INFO  c.e.t.rate.controller.RateController -
                Get all the Rate details in RMS
2022-01-11 16:51:26 [hystrix-RateController-10] INFO  c.e.test.rate.service.RateService -
                Service Layer:Retrieve rate details from RMS by Rate ID
2022-01-11 16:51:26 [hystrix-RateController-10] INFO  c.e.t.rate.controller.RateController -
                Inside Controller::Retrieve rate details from RMS by Rate ID
2022-01-11 16:51:27 [hystrix-RateController-10] INFO  c.e.test.rate.service.RateService -
                Service Layer:Retrieve rate details from RMS by Rate ID
2022-01-11 16:51:27 [http-nio-9002-exec-2] INFO  c.e.t.rate.controller.RateController -
                Get all the Rate details in RMS
2022-01-11 16:51:30 [hystrix-RateController-10] INFO  c.e.test.rate.service.RateService -
                Service Layer:Retrieve rate details from RMS by Rate ID
2022-01-11 16:51:30 [hystrix-RateController-10] INFO  c.e.t.rate.controller.RateController -
                Inside Controller::Retrieve rate details from RMS by Rate ID
2022-01-11 16:51:30 [hystrix-RateController-10] INFO  c.e.test.rate.service.RateService -
                Service Layer:Retrieve rate details from RMS by Rate ID
2022-01-11 16:51:34 [http-nio-9002-exec-10] INFO  c.e.t.rate.controller.RateController -
                Get all the Rate details in RMS
2022-01-11 16:56:40 [restartedMain] INFO  c.e.test.rate.ManageRateApplication -
                Starting ManageRateApplication using Java 1.8.0_301 on DESKTOP-LMHFHK6 with PID 9748 (D:\manage-rate\target\classes started by dell in D:\manage-rate)
2022-01-11 16:56:40 [restartedMain] DEBUG c.e.test.rate.ManageRateApplication -
                Running with Spring Boot v2.5.8, Spring v5.3.14
2022-01-11 16:56:40 [restartedMain] INFO  c.e.test.rate.ManageRateApplication -
                No active profile set, falling back to default profiles: default
2022-01-11 16:56:57 [restartedMain] DEBUG c.example.test.rate.filter.JwtFilter -
                Filter 'jwtFilter' configured for use
2022-01-11 16:57:21 [restartedMain] INFO  c.e.test.rate.ManageRateApplication -
                Started ManageRateApplication in 43.371 seconds (JVM running for 47.164)
2022-01-11 17:01:37 [http-nio-9002-exec-4] INFO  c.e.t.rate.controller.RateController -
                Get all the Rate details in RMS
2022-01-11 17:01:37 [http-nio-9002-exec-2] INFO  c.e.t.rate.controller.RateController -
                Get all the Rate details in RMS
2022-01-11 17:01:37 [http-nio-9002-exec-1] INFO  c.e.t.rate.controller.RateController -
                Get all the Rate details in RMS
2022-01-11 17:01:37 [http-nio-9002-exec-3] INFO  c.e.t.rate.controller.RateController -
                Get all the Rate details in RMS
2022-01-11 17:01:43 [http-nio-9002-exec-5] INFO  c.e.t.rate.controller.RateController -
                Get all the Rate details in RMS
2022-01-11 17:01:44 [http-nio-9002-exec-6] INFO  c.e.t.rate.controller.RateController -
                Get all the Rate details in RMS
2022-01-11 17:01:47 [http-nio-9002-exec-8] INFO  c.e.t.rate.controller.RateController -
                Get all the Rate details in RMS
2022-01-11 17:01:50 [http-nio-9002-exec-10] INFO  c.e.t.rate.controller.RateController -
                Get all the Rate details in RMS
2022-01-11 17:02:28 [http-nio-9002-exec-2] INFO  c.e.t.rate.controller.RateController -
                Get all the Rate details in RMS
2022-01-11 17:02:32 [http-nio-9002-exec-1] INFO  c.e.t.rate.controller.RateController -
                Get all the Rate details in RMS
2022-01-11 17:02:35 [http-nio-9002-exec-6] INFO  c.e.t.rate.controller.RateController -
                Get all the Rate details in RMS
2022-01-11 17:02:42 [http-nio-9002-exec-8] INFO  c.e.t.rate.controller.RateController -
                Get all the Rate details in RMS
2022-01-11 17:02:49 [http-nio-9002-exec-10] INFO  c.e.t.rate.controller.RateController -
                Get all the Rate details in RMS
2022-01-11 17:02:58 [http-nio-9002-exec-2] INFO  c.e.t.rate.controller.RateController -
                Get all the Rate details in RMS
2022-01-11 17:02:59 [http-nio-9002-exec-3] INFO  c.e.t.rate.controller.RateController -
                Get all the Rate details in RMS
2022-01-11 17:03:19 [http-nio-9002-exec-5] INFO  c.e.t.rate.controller.RateController -
                Get all the Rate details in RMS
2022-01-11 17:03:34 [hystrix-RateController-1] INFO  c.e.test.rate.service.RateService -
                Service Layer:Retrieve rate details from RMS by Rate ID
2022-01-11 17:03:34 [hystrix-RateController-1] INFO  c.e.t.rate.controller.RateController -
                Inside Controller::Retrieve rate details from RMS by Rate ID
2022-01-11 17:03:34 [hystrix-RateController-1] INFO  c.e.test.rate.service.RateService -
                Service Layer:Retrieve rate details from RMS by Rate ID
2022-01-11 17:03:44 [http-nio-9002-exec-9] INFO  c.e.t.rate.controller.RateController -
                Get all the Rate details in RMS
2022-01-11 17:04:04 [http-nio-9002-exec-4] INFO  c.e.t.rate.controller.RateController -
                Get all the Rate details in RMS
2022-01-11 17:04:05 [http-nio-9002-exec-2] INFO  c.e.t.rate.controller.RateController -
                Get all the Rate details in RMS
2022-01-11 17:04:14 [http-nio-9002-exec-1] INFO  c.e.t.rate.controller.RateController -
                Get all the Rate details in RMS
2022-01-11 17:04:19 [hystrix-RateController-2] INFO  c.e.test.rate.service.RateService -
                Service Layer:Retrieve rate details from RMS by Rate ID
2022-01-11 17:04:19 [hystrix-RateController-2] INFO  c.e.t.rate.controller.RateController -
                Inside Controller::Retrieve rate details from RMS by Rate ID
2022-01-11 17:04:20 [hystrix-RateController-2] INFO  c.e.test.rate.service.RateService -
                Service Layer:Retrieve rate details from RMS by Rate ID
2022-01-11 17:04:43 [http-nio-9002-exec-8] INFO  c.e.t.rate.controller.RateController -
                Get all the Rate details in RMS
2022-01-11 17:04:57 [hystrix-RateController-3] INFO  c.e.test.rate.service.RateService -
                Service Layer:Rate details deleted successfully for Rate ID: 16
2022-01-11 17:04:57 [hystrix-RateController-3] INFO  c.e.t.rate.controller.RateController -
                Inside controller: Rate details deleted successfully for Rate ID: 16
2022-01-11 17:04:57 [http-nio-9002-exec-4] INFO  c.e.t.rate.controller.RateController -
                Get all the Rate details in RMS
2022-01-11 17:04:58 [hystrix-RateController-4] INFO  c.e.test.rate.service.RateService -
                Service Layer:Rate details deleted successfully for Rate ID: 14
2022-01-11 17:04:58 [hystrix-RateController-4] INFO  c.e.t.rate.controller.RateController -
                Inside controller: Rate details deleted successfully for Rate ID: 14
2022-01-11 17:04:58 [http-nio-9002-exec-1] INFO  c.e.t.rate.controller.RateController -
                Get all the Rate details in RMS
2022-01-11 17:04:59 [hystrix-RateController-5] INFO  c.e.test.rate.service.RateService -
                Service Layer:Rate details deleted successfully for Rate ID: 11
2022-01-11 17:04:59 [hystrix-RateController-5] INFO  c.e.t.rate.controller.RateController -
                Inside controller: Rate details deleted successfully for Rate ID: 11
2022-01-11 17:04:59 [http-nio-9002-exec-7] INFO  c.e.t.rate.controller.RateController -
                Get all the Rate details in RMS
2022-01-11 17:05:00 [hystrix-RateController-6] INFO  c.e.test.rate.service.RateService -
                Service Layer:Rate details deleted successfully for Rate ID: 12
2022-01-11 17:05:00 [hystrix-RateController-6] INFO  c.e.t.rate.controller.RateController -
                Inside controller: Rate details deleted successfully for Rate ID: 12
2022-01-11 17:05:00 [http-nio-9002-exec-10] INFO  c.e.t.rate.controller.RateController -
                Get all the Rate details in RMS
2022-01-11 17:05:01 [hystrix-RateController-7] INFO  c.e.test.rate.service.RateService -
                Service Layer:Rate details deleted successfully for Rate ID: 13
2022-01-11 17:05:01 [hystrix-RateController-7] INFO  c.e.t.rate.controller.RateController -
                Inside controller: Rate details deleted successfully for Rate ID: 13
2022-01-11 17:05:01 [http-nio-9002-exec-1] INFO  c.e.t.rate.controller.RateController -
                Get all the Rate details in RMS
2022-01-11 17:05:11 [hystrix-RateController-8] INFO  c.e.test.rate.service.RateService -
                Service Layer : New Rate details are added to RMS
2022-01-11 17:05:11 [hystrix-RateController-8] INFO  c.e.t.rate.controller.RateController -
                Inside Controller:New Rate details are added to RMS
2022-01-11 17:05:11 [http-nio-9002-exec-8] INFO  c.e.t.rate.controller.RateController -
                Get all the Rate details in RMS
2022-01-11 17:06:08 [http-nio-9002-exec-2] INFO  c.e.t.rate.controller.RateController -
                Get all the Rate details in RMS
2022-01-11 17:06:51 [http-nio-9002-exec-5] INFO  c.e.t.rate.controller.RateController -
                Get all the Rate details in RMS
2022-01-11 17:06:56 [hystrix-RateController-9] INFO  c.e.test.rate.service.RateService -
                Service Layer:Retrieve rate details from RMS by Rate ID
2022-01-11 17:06:56 [hystrix-RateController-9] INFO  c.e.t.rate.controller.RateController -
                Inside Controller::Retrieve rate details from RMS by Rate ID
2022-01-11 17:06:57 [hystrix-RateController-9] INFO  c.e.test.rate.service.RateService -
                Service Layer:Retrieve rate details from RMS by Rate ID
2022-01-11 17:07:06 [http-nio-9002-exec-9] INFO  c.e.t.rate.controller.RateController -
                Get all the Rate details in RMS
2022-01-11 17:07:09 [hystrix-RateController-10] INFO  c.e.test.rate.service.RateService -
                Service Layer:Retrieve rate details from RMS by Rate ID
2022-01-11 17:07:09 [hystrix-RateController-10] INFO  c.e.t.rate.controller.RateController -
                Inside Controller::Retrieve rate details from RMS by Rate ID
2022-01-11 17:07:10 [hystrix-RateController-10] INFO  c.e.test.rate.service.RateService -
                Service Layer:Retrieve rate details from RMS by Rate ID
2022-01-11 17:07:13 [http-nio-9002-exec-3] INFO  c.e.t.rate.controller.RateController -
                Inside controller: Rate details updated successfully for Rate ID: 17
2022-01-11 17:07:13 [updateExecutor-1] INFO  c.e.test.rate.service.RateService -
                Service Layer:Rate details updated successfully for Rate ID: 17
2022-01-11 17:07:14 [http-nio-9002-exec-5] INFO  c.e.t.rate.controller.RateController -
                Get all the Rate details in RMS
2022-01-11 17:07:27 [hystrix-RateController-10] INFO  c.e.test.rate.service.RateService -
                Service Layer : New Rate details are added to RMS
2022-01-11 17:07:27 [hystrix-RateController-10] INFO  c.e.t.rate.controller.RateController -
                Inside Controller:New Rate details are added to RMS
2022-01-11 17:07:27 [http-nio-9002-exec-9] INFO  c.e.t.rate.controller.RateController -
                Get all the Rate details in RMS
2022-01-11 17:08:07 [http-nio-9002-exec-2] INFO  c.e.t.rate.controller.RateController -
                Get all the Rate details in RMS
2022-01-11 17:08:29 [http-nio-9002-exec-5] INFO  c.e.t.rate.controller.RateController -
                Get all the Rate details in RMS
2022-01-11 17:08:33 [hystrix-RateController-10] INFO  c.e.test.rate.service.RateService -
                Service Layer:Retrieve rate details from RMS by Rate ID
2022-01-11 17:08:33 [hystrix-RateController-10] INFO  c.e.t.rate.controller.RateController -
                Inside Controller::Retrieve rate details from RMS by Rate ID
2022-01-11 17:08:33 [hystrix-RateController-10] INFO  c.e.test.rate.service.RateService -
                Service Layer:Retrieve rate details from RMS by Rate ID
2022-01-11 17:08:56 [http-nio-9002-exec-4] INFO  c.e.t.rate.controller.RateController -
                Get all the Rate details in RMS
2022-01-11 17:08:59 [hystrix-RateController-10] INFO  c.e.test.rate.service.RateService -
                Service Layer:Retrieve rate details from RMS by Rate ID
2022-01-11 17:08:59 [hystrix-RateController-10] INFO  c.e.t.rate.controller.RateController -
                Inside Controller::Retrieve rate details from RMS by Rate ID
2022-01-11 17:09:00 [hystrix-RateController-10] INFO  c.e.test.rate.service.RateService -
                Service Layer:Retrieve rate details from RMS by Rate ID
2022-01-11 17:09:14 [hystrix-RateController-10] INFO  c.e.test.rate.service.RateService -
                Service Layer : New Rate details are added to RMS
2022-01-11 17:09:14 [hystrix-RateController-10] INFO  c.e.t.rate.controller.RateController -
                Inside Controller:New Rate details are added to RMS
2022-01-11 17:09:14 [http-nio-9002-exec-5] INFO  c.e.t.rate.controller.RateController -
                Get all the Rate details in RMS
2022-01-11 17:09:36 [hystrix-RateController-10] INFO  c.e.test.rate.service.RateService -
                Service Layer:Retrieve rate details from RMS by Rate ID
2022-01-11 17:09:36 [hystrix-RateController-10] INFO  c.e.t.rate.controller.RateController -
                Inside Controller::Retrieve rate details from RMS by Rate ID
2022-01-11 17:09:36 [hystrix-RateController-10] INFO  c.e.test.rate.service.RateService -
                Service Layer:Retrieve rate details from RMS by Rate ID
2022-01-11 17:09:44 [http-nio-9002-exec-10] INFO  c.e.t.rate.controller.RateController -
                Get all the Rate details in RMS
2022-01-11 17:11:55 [http-nio-9002-exec-2] INFO  c.e.t.rate.controller.RateController -
                Get all the Rate details in RMS
2022-01-11 17:15:59 [http-nio-9002-exec-1] INFO  c.e.t.rate.controller.RateController -
                Get all the Rate details in RMS
2022-01-11 17:16:05 [http-nio-9002-exec-7] INFO  c.e.t.rate.controller.RateController -
                Get all the Rate details in RMS
2022-01-11 17:16:11 [http-nio-9002-exec-10] INFO  c.e.t.rate.controller.RateController -
                Get all the Rate details in RMS
2022-01-11 17:16:21 [http-nio-9002-exec-3] INFO  c.e.t.rate.controller.RateController -
                Get all the Rate details in RMS
2022-01-11 17:16:35 [http-nio-9002-exec-5] INFO  c.e.t.rate.controller.RateController -
                Get all the Rate details in RMS
2022-01-11 17:16:43 [http-nio-9002-exec-7] INFO  c.e.t.rate.controller.RateController -
                Get all the Rate details in RMS
2022-01-11 17:16:44 [http-nio-9002-exec-8] INFO  c.e.t.rate.controller.RateController -
                Get all the Rate details in RMS
2022-01-11 17:16:51 [http-nio-9002-exec-10] INFO  c.e.t.rate.controller.RateController -
                Get all the Rate details in RMS
2022-01-11 17:16:59 [http-nio-9002-exec-2] INFO  c.e.t.rate.controller.RateController -
                Get all the Rate details in RMS
2022-01-11 17:17:01 [http-nio-9002-exec-3] INFO  c.e.t.rate.controller.RateController -
                Get all the Rate details in RMS
2022-01-11 17:17:06 [http-nio-9002-exec-5] INFO  c.e.t.rate.controller.RateController -
                Get all the Rate details in RMS
2022-01-11 17:17:16 [http-nio-9002-exec-8] INFO  c.e.t.rate.controller.RateController -
                Get all the Rate details in RMS
2022-01-11 17:17:42 [http-nio-9002-exec-10] INFO  c.e.t.rate.controller.RateController -
                Get all the Rate details in RMS
2022-01-11 17:17:46 [http-nio-9002-exec-4] INFO  c.e.t.rate.controller.RateController -
                Get all the Rate details in RMS
2022-01-11 17:18:01 [http-nio-9002-exec-5] INFO  c.e.t.rate.controller.RateController -
                Get all the Rate details in RMS
2022-01-11 17:19:08 [http-nio-9002-exec-9] INFO  c.e.t.rate.controller.RateController -
                Get all the Rate details in RMS
2022-01-11 17:19:14 [hystrix-RateController-10] INFO  c.e.test.rate.service.RateService -
                Service Layer:Retrieve rate details from RMS by Rate ID
2022-01-11 17:19:14 [hystrix-RateController-10] INFO  c.e.t.rate.controller.RateController -
                Inside Controller::Retrieve rate details from RMS by Rate ID
2022-01-11 17:19:15 [hystrix-RateController-10] INFO  c.e.test.rate.service.RateService -
                Service Layer:Retrieve rate details from RMS by Rate ID
2022-01-11 17:19:16 [http-nio-9002-exec-4] INFO  c.e.t.rate.controller.RateController -
                Get all the Rate details in RMS
2022-01-11 17:25:25 [http-nio-9002-exec-3] INFO  c.e.t.rate.controller.RateController -
                Get all the Rate details in RMS
2022-01-11 17:27:12 [http-nio-9002-exec-6] INFO  c.e.t.rate.controller.RateController -
                Get all the Rate details in RMS
2022-01-11 17:27:27 [http-nio-9002-exec-8] INFO  c.e.t.rate.controller.RateController -
                Get all the Rate details in RMS
2022-01-11 17:29:38 [http-nio-9002-exec-2] INFO  c.e.t.rate.controller.RateController -
                Get all the Rate details in RMS
2022-01-11 17:31:25 [http-nio-9002-exec-7] INFO  c.e.t.rate.controller.RateController -
                Get all the Rate details in RMS
2022-01-11 17:31:38 [http-nio-9002-exec-9] INFO  c.e.t.rate.controller.RateController -
                Get all the Rate details in RMS
2022-01-11 17:32:00 [http-nio-9002-exec-2] INFO  c.e.t.rate.controller.RateController -
                Get all the Rate details in RMS
2022-01-11 17:36:16 [http-nio-9002-exec-8] INFO  c.e.t.rate.controller.RateController -
                Get all the Rate details in RMS
2022-01-11 17:37:53 [http-nio-9002-exec-4] INFO  c.e.t.rate.controller.RateController -
                Get all the Rate details in RMS
2022-01-11 17:38:50 [http-nio-9002-exec-1] INFO  c.e.t.rate.controller.RateController -
                Get all the Rate details in RMS
2022-01-11 17:38:59 [http-nio-9002-exec-6] INFO  c.e.t.rate.controller.RateController -
                Get all the Rate details in RMS
2022-01-11 17:40:56 [http-nio-9002-exec-3] INFO  c.e.t.rate.controller.RateController -
                Get all the Rate details in RMS
2022-01-11 17:41:27 [http-nio-9002-exec-7] INFO  c.e.t.rate.controller.RateController -
                Get all the Rate details in RMS
2022-01-11 17:41:51 [http-nio-9002-exec-4] INFO  c.e.t.rate.controller.RateController -
                Get all the Rate details in RMS
2022-01-11 17:42:39 [http-nio-9002-exec-3] INFO  c.e.t.rate.controller.RateController -
                Get all the Rate details in RMS
2022-01-11 17:42:51 [http-nio-9002-exec-5] INFO  c.e.t.rate.controller.RateController -
                Get all the Rate details in RMS
2022-01-11 17:58:02 [http-nio-9002-exec-4] INFO  c.e.t.rate.controller.RateController -
                Get all the Rate details in RMS
2022-01-11 17:59:13 [http-nio-9002-exec-10] INFO  c.e.t.rate.controller.RateController -
                Get all the Rate details in RMS
2022-01-11 17:59:37 [hystrix-RateController-10] INFO  c.e.test.rate.service.RateService -
                Service Layer : New Rate details are added to RMS
2022-01-11 17:59:37 [hystrix-RateController-10] INFO  c.e.t.rate.controller.RateController -
                Inside Controller:New Rate details are added to RMS
2022-01-11 17:59:37 [http-nio-9002-exec-1] INFO  c.e.t.rate.controller.RateController -
                Get all the Rate details in RMS
2022-01-11 17:59:42 [hystrix-RateController-10] INFO  c.e.test.rate.service.RateService -
                Service Layer:Retrieve rate details from RMS by Rate ID
2022-01-11 17:59:42 [hystrix-RateController-10] INFO  c.e.t.rate.controller.RateController -
                Inside Controller::Retrieve rate details from RMS by Rate ID
2022-01-11 17:59:42 [hystrix-RateController-10] INFO  c.e.test.rate.service.RateService -
                Service Layer:Retrieve rate details from RMS by Rate ID
2022-01-11 17:59:44 [http-nio-9002-exec-8] INFO  c.e.t.rate.controller.RateController -
                Get all the Rate details in RMS
2022-01-11 17:59:46 [hystrix-RateController-10] INFO  c.e.test.rate.service.RateService -
                Service Layer:Retrieve rate details from RMS by Rate ID
2022-01-11 17:59:46 [hystrix-RateController-10] INFO  c.e.t.rate.controller.RateController -
                Inside Controller::Retrieve rate details from RMS by Rate ID
2022-01-11 17:59:46 [hystrix-RateController-10] INFO  c.e.test.rate.service.RateService -
                Service Layer:Retrieve rate details from RMS by Rate ID
2022-01-11 17:59:49 [http-nio-9002-exec-4] INFO  c.e.t.rate.controller.RateController -
                Inside controller: Rate details updated successfully for Rate ID: 20
2022-01-11 17:59:49 [updateExecutor-2] INFO  c.e.test.rate.service.RateService -
                Service Layer:Rate details updated successfully for Rate ID: 20
2022-01-11 17:59:49 [http-nio-9002-exec-3] INFO  c.e.t.rate.controller.RateController -
                Get all the Rate details in RMS
2022-01-11 17:59:51 [hystrix-RateController-10] INFO  c.e.test.rate.service.RateService -
                Service Layer:Rate details deleted successfully for Rate ID: 17
2022-01-11 17:59:51 [hystrix-RateController-10] INFO  c.e.t.rate.controller.RateController -
                Inside controller: Rate details deleted successfully for Rate ID: 17
2022-01-11 17:59:51 [http-nio-9002-exec-7] INFO  c.e.t.rate.controller.RateController -
                Get all the Rate details in RMS
2022-01-11 18:01:02 [http-nio-9002-exec-6] INFO  c.e.t.rate.controller.RateController -
                Get all the Rate details in RMS
2022-01-11 18:01:46 [http-nio-9002-exec-8] INFO  c.e.t.rate.controller.RateController -
                Get all the Rate details in RMS
2022-01-11 18:01:56 [http-nio-9002-exec-2] INFO  c.e.t.rate.controller.RateController -
                Get all the Rate details in RMS
2022-01-11 18:04:13 [http-nio-9002-exec-2] INFO  c.e.t.rate.controller.RateController -
                Get all the Rate details in RMS
2022-01-11 18:05:18 [http-nio-9002-exec-1] INFO  c.e.t.rate.controller.RateController -
                Get all the Rate details in RMS
2022-01-11 18:06:54 [http-nio-9002-exec-2] INFO  c.e.t.rate.controller.RateController -
                Get all the Rate details in RMS
2022-01-11 18:08:29 [http-nio-9002-exec-6] INFO  c.e.t.rate.controller.RateController -
                Get all the Rate details in RMS
2022-01-11 18:08:36 [http-nio-9002-exec-8] INFO  c.e.t.rate.controller.RateController -
                Get all the Rate details in RMS
2022-01-11 18:08:50 [http-nio-9002-exec-4] INFO  c.e.t.rate.controller.RateController -
                Get all the Rate details in RMS
2022-01-11 18:09:08 [http-nio-9002-exec-5] INFO  c.e.t.rate.controller.RateController -
                Get all the Rate details in RMS
2022-01-11 18:09:10 [http-nio-9002-exec-1] INFO  c.e.t.rate.controller.RateController -
                Get all the Rate details in RMS
2022-01-11 18:28:36 [main] INFO  c.e.t.rate.controller.RateController -
                Inside controller: Rate details deleted successfully for Rate ID: 2
2022-01-11 18:28:37 [main] INFO  c.e.t.rate.controller.RateController -
                Inside Controller::Retrieve rate details from RMS by Rate ID
2022-01-11 18:28:37 [main] INFO  c.e.t.rate.controller.RateController -
                Inside Controller:New Rate details are added to RMS
2022-01-11 18:28:40 [main] INFO  c.e.t.r.ManageRateApplicationTests -
                Starting ManageRateApplicationTests using Java 1.8.0_301 on DESKTOP-LMHFHK6 with PID 10576 (started by dell in D:\manage-rate)
2022-01-11 18:28:40 [main] DEBUG c.e.t.r.ManageRateApplicationTests -
                Running with Spring Boot v2.5.8, Spring v5.3.14
2022-01-11 18:28:40 [main] INFO  c.e.t.r.ManageRateApplicationTests -
                No active profile set, falling back to default profiles: default
2022-01-11 18:29:12 [main] INFO  c.e.t.r.r.RateRepositoryTest -
                Starting RateRepositoryTest using Java 1.8.0_301 on DESKTOP-LMHFHK6 with PID 10576 (started by dell in D:\manage-rate)
2022-01-11 18:29:12 [main] DEBUG c.e.t.r.r.RateRepositoryTest -
                Running with Spring Boot v2.5.8, Spring v5.3.14
2022-01-11 18:29:12 [main] INFO  c.e.t.r.r.RateRepositoryTest -
                No active profile set, falling back to default profiles: default
2022-01-11 18:29:20 [main] INFO  c.e.t.r.r.RateRepositoryTest -
                Started RateRepositoryTest in 8.354 seconds (JVM running for 56.646)
2022-01-11 18:29:24 [main] INFO  c.e.test.rate.service.RateService -
                Service Layer : New Rate details are added to RMS
2022-01-11 18:32:52 [main] INFO  c.e.t.rate.controller.RateController -
                Inside controller: Rate details deleted successfully for Rate ID: 2
2022-01-11 18:32:52 [main] INFO  c.e.t.rate.controller.RateController -
                Inside Controller::Retrieve rate details from RMS by Rate ID
2022-01-11 18:32:52 [main] INFO  c.e.t.rate.controller.RateController -
                Inside Controller:New Rate details are added to RMS
2022-01-11 18:32:55 [main] INFO  c.e.t.r.ManageRateApplicationTests -
                Starting ManageRateApplicationTests using Java 1.8.0_301 on DESKTOP-LMHFHK6 with PID 8204 (started by dell in D:\manage-rate)
2022-01-11 18:32:55 [main] DEBUG c.e.t.r.ManageRateApplicationTests -
                Running with Spring Boot v2.5.8, Spring v5.3.14
2022-01-11 18:32:55 [main] INFO  c.e.t.r.ManageRateApplicationTests -
                No active profile set, falling back to default profiles: default
2022-01-11 18:33:25 [main] INFO  c.e.t.r.ManageRateApplicationTests -
                Started ManageRateApplicationTests in 31.806 seconds (JVM running for 43.751)
2022-01-11 18:33:27 [main] INFO  c.e.t.r.r.RateRepositoryTest -
                Starting RateRepositoryTest using Java 1.8.0_301 on DESKTOP-LMHFHK6 with PID 8204 (started by dell in D:\manage-rate)
2022-01-11 18:33:27 [main] DEBUG c.e.t.r.r.RateRepositoryTest -
                Running with Spring Boot v2.5.8, Spring v5.3.14
2022-01-11 18:33:27 [main] INFO  c.e.t.r.r.RateRepositoryTest -
                No active profile set, falling back to default profiles: default
2022-01-11 18:33:31 [main] INFO  c.e.t.r.r.RateRepositoryTest -
                Started RateRepositoryTest in 4.501 seconds (JVM running for 49.485)
2022-01-11 18:33:34 [main] INFO  c.e.test.rate.service.RateService -
                Service Layer : New Rate details are added to RMS
2022-01-11 19:07:17 [main] INFO  c.e.t.rate.controller.RateController -
                Inside controller: Rate details deleted successfully for Rate ID: 2
2022-01-11 19:07:18 [main] INFO  c.e.t.rate.controller.RateController -
                Inside Controller::Retrieve rate details from RMS by Rate ID
2022-01-11 19:07:20 [main] INFO  c.e.t.rate.controller.RateController -
                Inside Controller:New Rate details are added to RMS
2022-01-11 19:07:23 [main] INFO  c.e.t.r.ManageRateApplicationTests -
                Starting ManageRateApplicationTests using Java 1.8.0_301 on DESKTOP-LMHFHK6 with PID 10352 (started by dell in D:\manage-rate)
2022-01-11 19:07:23 [main] DEBUG c.e.t.r.ManageRateApplicationTests -
                Running with Spring Boot v2.5.8, Spring v5.3.14
2022-01-11 19:07:23 [main] INFO  c.e.t.r.ManageRateApplicationTests -
                No active profile set, falling back to default profiles: default
2022-01-11 19:07:58 [main] INFO  c.e.t.r.ManageRateApplicationTests -
                Started ManageRateApplicationTests in 37.538 seconds (JVM running for 54.59)
2022-01-11 19:08:01 [main] INFO  c.e.t.r.r.RateRepositoryTest -
                Starting RateRepositoryTest using Java 1.8.0_301 on DESKTOP-LMHFHK6 with PID 10352 (started by dell in D:\manage-rate)
2022-01-11 19:08:01 [main] DEBUG c.e.t.r.r.RateRepositoryTest -
                Running with Spring Boot v2.5.8, Spring v5.3.14
2022-01-11 19:08:01 [main] INFO  c.e.t.r.r.RateRepositoryTest -
                No active profile set, falling back to default profiles: default
2022-01-11 19:08:13 [main] INFO  c.e.t.r.r.RateRepositoryTest -
                Started RateRepositoryTest in 13.629 seconds (JVM running for 69.348)
2022-01-11 19:08:23 [main] INFO  c.e.test.rate.service.RateService -
                Service Layer : New Rate details are added to RMS
2022-01-11 19:10:20 [restartedMain] INFO  c.e.test.rate.ManageRateApplication -
                Starting ManageRateApplication using Java 1.8.0_301 on DESKTOP-LMHFHK6 with PID 10396 (D:\manage-rate\target\classes started by dell in D:\manage-rate)
2022-01-11 19:10:20 [restartedMain] DEBUG c.e.test.rate.ManageRateApplication -
                Running with Spring Boot v2.5.8, Spring v5.3.14
2022-01-11 19:10:20 [restartedMain] INFO  c.e.test.rate.ManageRateApplication -
                No active profile set, falling back to default profiles: default
2022-01-11 19:10:35 [restartedMain] DEBUG c.example.test.rate.filter.JwtFilter -
                Filter 'jwtFilter' configured for use
2022-01-11 19:10:51 [restartedMain] INFO  c.e.test.rate.ManageRateApplication -
                Started ManageRateApplication in 34.741 seconds (JVM running for 38.489)
2022-01-11 19:12:29 [http-nio-9002-exec-6] INFO  c.e.t.rate.controller.RateController -
                Get all the Rate details in RMS
2022-01-11 19:12:48 [hystrix-RateController-1] INFO  c.e.test.rate.service.RateService -
                Service Layer : New Rate details are added to RMS
2022-01-11 19:12:48 [hystrix-RateController-1] INFO  c.e.t.rate.controller.RateController -
                Inside Controller:New Rate details are added to RMS
2022-01-11 19:12:48 [http-nio-9002-exec-10] INFO  c.e.t.rate.controller.RateController -
                Get all the Rate details in RMS
2022-01-11 19:13:04 [hystrix-RateController-2] INFO  c.e.test.rate.service.RateService -
                Service Layer : New Rate details are added to RMS
2022-01-11 19:13:04 [hystrix-RateController-2] INFO  c.e.t.rate.controller.RateController -
                Inside Controller:New Rate details are added to RMS
2022-01-11 19:13:04 [http-nio-9002-exec-3] INFO  c.e.t.rate.controller.RateController -
                Get all the Rate details in RMS
2022-01-11 19:13:09 [hystrix-RateController-3] ERROR c.e.t.rate.controller.RateController -
                Inside get controller Hystrix timeout error
2022-01-11 19:13:09 [http-nio-9002-exec-6] INFO  c.e.t.rate.controller.RateController -
                Get all the Rate details in RMS
2022-01-11 19:13:11 [hystrix-RateController-4] ERROR c.e.t.rate.controller.RateController -
                Inside get controller Hystrix timeout error
2022-01-11 19:13:33 [http-nio-9002-exec-1] INFO  c.e.t.rate.controller.RateController -
                Get all the Rate details in RMS
2022-01-11 19:13:47 [hystrix-RateController-5] ERROR c.e.t.rate.controller.RateController -
                Inside get controller Hystrix timeout error
2022-01-11 19:13:54 [http-nio-9002-exec-5] INFO  c.e.t.rate.controller.RateController -
                Get all the Rate details in RMS
2022-01-11 19:13:59 [hystrix-RateController-6] INFO  c.e.test.rate.service.RateService -
                Service Layer:Rate details deleted successfully for Rate ID: 2
2022-01-11 19:13:59 [hystrix-RateController-6] INFO  c.e.t.rate.controller.RateController -
                Inside controller: Rate details deleted successfully for Rate ID: 2
2022-01-11 19:14:01 [http-nio-9002-exec-8] INFO  c.e.t.rate.controller.RateController -
                Get all the Rate details in RMS
2022-01-11 19:14:25 [hystrix-RateController-7] ERROR c.e.t.rate.controller.RateController -
                Inside get controller Hystrix timeout error
2022-01-11 19:15:24 [hystrix-RateController-8] ERROR c.e.t.rate.controller.RateController -
                Inside get controller Hystrix timeout error
2022-01-11 19:17:45 [http-nio-9002-exec-4] INFO  c.e.t.rate.controller.RateController -
                Get all the Rate details in RMS
2022-01-11 19:17:54 [hystrix-RateController-9] ERROR c.e.t.rate.controller.RateController -
                Inside get controller Hystrix timeout error
2022-01-11 19:18:09 [http-nio-9002-exec-9] INFO  c.e.t.rate.controller.RateController -
                Inside controller: Rate details updated successfully for Rate ID: 2
2022-01-11 19:18:09 [updateExecutor-1] ERROR c.e.test.rate.service.RateService -
                RateId not found in RMS
2022-01-11 19:18:15 [http-nio-9002-exec-10] INFO  c.e.t.rate.controller.RateController -
                Inside controller: Rate details updated successfully for Rate ID: 1
2022-01-11 19:18:15 [updateExecutor-2] INFO  c.e.test.rate.service.RateService -
                Service Layer:Rate details updated successfully for Rate ID: 1
2022-01-11 19:18:30 [hystrix-RateController-10] ERROR c.e.t.rate.controller.RateController -
                Inside get controller Hystrix timeout error
2022-01-11 19:18:58 [hystrix-RateController-10] INFO  c.e.test.rate.service.RateService -
                Service Layer : New Rate details are added to RMS
2022-01-11 19:18:58 [hystrix-RateController-10] INFO  c.e.t.rate.controller.RateController -
                Inside Controller:New Rate details are added to RMS
2022-01-11 19:19:00 [http-nio-9002-exec-5] INFO  c.e.t.rate.controller.RateController -
                Get all the Rate details in RMS
2022-01-11 19:19:10 [hystrix-RateController-10] ERROR c.e.t.rate.controller.RateController -
                Inside get controller Hystrix timeout error
2022-01-11 19:19:20 [http-nio-9002-exec-10] INFO  c.e.t.rate.controller.RateController -
                Get all the Rate details in RMS
2022-01-11 19:19:25 [hystrix-RateController-10] ERROR c.e.t.rate.controller.RateController -
                Inside get controller Hystrix timeout error
2022-01-11 19:19:40 [http-nio-9002-exec-4] INFO  c.e.t.rate.controller.RateController -
                Inside controller: Rate details updated successfully for Rate ID: 1
2022-01-11 19:19:40 [updateExecutor-3] INFO  c.e.test.rate.service.RateService -
                Service Layer:Rate details updated successfully for Rate ID: 1
2022-01-11 19:19:53 [http-nio-9002-exec-6] INFO  c.e.t.rate.controller.RateController -
                Get all the Rate details in RMS
2022-01-11 19:20:22 [hystrix-RateController-10] ERROR c.e.t.rate.controller.RateController -
                Inside get controller Hystrix timeout error
2022-01-11 19:21:33 [http-nio-9002-exec-1] INFO  c.e.t.rate.controller.RateController -
                Get all the Rate details in RMS
2022-01-11 19:21:40 [hystrix-RateController-10] ERROR c.e.t.rate.controller.RateController -
                Inside get controller Hystrix timeout error
2022-01-11 19:33:28 [main] INFO  c.e.t.rate.controller.RateController -
                Inside controller: Rate details deleted successfully for Rate ID: 2
2022-01-11 19:33:28 [main] INFO  c.e.t.rate.controller.RateController -
                Inside Controller::Retrieve rate details from RMS by Rate ID
2022-01-11 19:33:29 [main] INFO  c.e.t.rate.controller.RateController -
                Inside Controller:New Rate details are added to RMS
2022-01-11 19:33:32 [main] INFO  c.e.t.r.ManageRateApplicationTests -
                Starting ManageRateApplicationTests using Java 1.8.0_301 on DESKTOP-LMHFHK6 with PID 14468 (started by dell in D:\manage-rate)
2022-01-11 19:33:32 [main] DEBUG c.e.t.r.ManageRateApplicationTests -
                Running with Spring Boot v2.5.8, Spring v5.3.14
2022-01-11 19:33:32 [main] INFO  c.e.t.r.ManageRateApplicationTests -
                No active profile set, falling back to default profiles: default
2022-01-11 19:34:06 [main] INFO  c.e.t.r.ManageRateApplicationTests -
                Started ManageRateApplicationTests in 35.99 seconds (JVM running for 47.763)
2022-01-11 19:34:08 [main] INFO  c.e.t.r.r.RateRepositoryTest -
                Starting RateRepositoryTest using Java 1.8.0_301 on DESKTOP-LMHFHK6 with PID 14468 (started by dell in D:\manage-rate)
2022-01-11 19:34:08 [main] DEBUG c.e.t.r.r.RateRepositoryTest -
                Running with Spring Boot v2.5.8, Spring v5.3.14
2022-01-11 19:34:08 [main] INFO  c.e.t.r.r.RateRepositoryTest -
                No active profile set, falling back to default profiles: default
2022-01-11 19:34:10 [main] INFO  c.e.t.r.r.RateRepositoryTest -
                Started RateRepositoryTest in 2.7 seconds (JVM running for 51.359)
2022-01-11 19:34:12 [main] INFO  c.e.test.rate.service.RateService -
                Service Layer : New Rate details are added to RMS
