2022-01-05 23:46:19 [restartedMain] INFO  c.e.test.rate.ManageRateApplication -
                Starting ManageRateApplication using Java 1.8.0_301 on DESKTOP-LMHFHK6 with PID 13440 (D:\manage-rate\target\classes started by dell in D:\manage-rate)
2022-01-05 23:46:19 [restartedMain] DEBUG c.e.test.rate.ManageRateApplication -
                Running with Spring Boot v2.6.2, Spring v5.3.14
2022-01-05 23:46:19 [restartedMain] INFO  c.e.test.rate.ManageRateApplication -
                No active profile set, falling back to default profiles: default
2022-01-05 23:47:48 [restartedMain] INFO  c.e.test.rate.ManageRateApplication -
                Starting ManageRateApplication using Java 1.8.0_301 on DESKTOP-LMHFHK6 with PID 4592 (D:\manage-rate\target\classes started by dell in D:\manage-rate)
2022-01-05 23:47:48 [restartedMain] DEBUG c.e.test.rate.ManageRateApplication -
                Running with Spring Boot v2.6.2, Spring v5.3.14
2022-01-05 23:47:48 [restartedMain] INFO  c.e.test.rate.ManageRateApplication -
                No active profile set, falling back to default profiles: default
2022-01-05 23:48:10 [restartedMain] INFO  c.e.test.rate.ManageRateApplication -
                Started ManageRateApplication in 24.894 seconds (JVM running for 27.93)
2022-01-05 23:49:28 [restartedMain] INFO  c.e.test.rate.ManageRateApplication -
                Starting ManageRateApplication using Java 1.8.0_301 on DESKTOP-LMHFHK6 with PID 4592 (D:\manage-rate\target\classes started by dell in D:\manage-rate)
2022-01-05 23:49:28 [restartedMain] DEBUG c.e.test.rate.ManageRateApplication -
                Running with Spring Boot v2.6.2, Spring v5.3.14
2022-01-05 23:49:28 [restartedMain] INFO  c.e.test.rate.ManageRateApplication -
                No active profile set, falling back to default profiles: default
2022-01-05 23:49:53 [restartedMain] INFO  c.e.test.rate.ManageRateApplication -
                Started ManageRateApplication in 29.017 seconds (JVM running for 130.524)
2022-01-05 23:50:14 [main] INFO  c.e.t.rate.controller.RateController -
                Inside controller: Rate details deleted successfully for Rate ID: 2
2022-01-05 23:50:14 [main] INFO  c.e.t.rate.controller.RateController -
                Inside Controller:New Rate details are added to RMS
2022-01-05 23:50:15 [main] INFO  c.e.t.rate.controller.RateController -
                Inside Controller::Retrieve rate details from RMS by Rate ID
2022-01-05 23:50:17 [main] INFO  c.e.t.r.ManageRateApplicationTests -
                Starting ManageRateApplicationTests using Java 1.8.0_301 on DESKTOP-LMHFHK6 with PID 8496 (started by dell in D:\manage-rate)
2022-01-05 23:50:17 [main] DEBUG c.e.t.r.ManageRateApplicationTests -
                Running with Spring Boot v2.6.2, Spring v5.3.14
2022-01-05 23:50:17 [main] INFO  c.e.t.r.ManageRateApplicationTests -
                No active profile set, falling back to default profiles: default
2022-01-05 23:50:35 [main] INFO  c.e.t.r.r.RateRepositoryTest -
                Starting RateRepositoryTest using Java 1.8.0_301 on DESKTOP-LMHFHK6 with PID 8496 (started by dell in D:\manage-rate)
2022-01-05 23:50:35 [main] DEBUG c.e.t.r.r.RateRepositoryTest -
                Running with Spring Boot v2.6.2, Spring v5.3.14
2022-01-05 23:50:35 [main] INFO  c.e.t.r.r.RateRepositoryTest -
                No active profile set, falling back to default profiles: default
2022-01-05 23:50:38 [main] INFO  c.e.t.r.r.RateRepositoryTest -
                Started RateRepositoryTest in 4.281 seconds (JVM running for 36.494)
2022-01-05 23:50:39 [main] INFO  c.e.test.rate.service.RateService -
                Service Layer : New Rate details are added to RMS
2022-01-05 23:55:36 [restartedMain] INFO  c.e.test.rate.ManageRateApplication -
                Starting ManageRateApplication using Java 1.8.0_301 on DESKTOP-LMHFHK6 with PID 4592 (D:\manage-rate\target\classes started by dell in D:\manage-rate)
2022-01-05 23:55:36 [restartedMain] DEBUG c.e.test.rate.ManageRateApplication -
                Running with Spring Boot v2.6.2, Spring v5.3.14
2022-01-05 23:55:36 [restartedMain] INFO  c.e.test.rate.ManageRateApplication -
                No active profile set, falling back to default profiles: default
2022-01-05 23:55:47 [restartedMain] INFO  c.e.test.rate.ManageRateApplication -
                Started ManageRateApplication in 12.579 seconds (JVM running for 485.026)
2022-01-05 23:55:53 [restartedMain] INFO  c.e.test.rate.ManageRateApplication -
                Starting ManageRateApplication using Java 1.8.0_301 on DESKTOP-LMHFHK6 with PID 4592 (D:\manage-rate\target\classes started by dell in D:\manage-rate)
2022-01-05 23:55:53 [restartedMain] DEBUG c.e.test.rate.ManageRateApplication -
                Running with Spring Boot v2.6.2, Spring v5.3.14
2022-01-05 23:55:53 [restartedMain] INFO  c.e.test.rate.ManageRateApplication -
                No active profile set, falling back to default profiles: default
2022-01-05 23:56:00 [restartedMain] INFO  c.e.test.rate.ManageRateApplication -
                Started ManageRateApplication in 7.544 seconds (JVM running for 497.271)
2022-01-05 23:56:11 [main] INFO  c.e.t.rate.controller.RateController -
                Inside controller: Rate details deleted successfully for Rate ID: 2
2022-01-05 23:56:12 [main] INFO  c.e.t.rate.controller.RateController -
                Inside Controller:New Rate details are added to RMS
2022-01-05 23:56:12 [main] INFO  c.e.t.rate.controller.RateController -
                Inside Controller::Retrieve rate details from RMS by Rate ID
2022-01-05 23:56:14 [main] INFO  c.e.t.r.ManageRateApplicationTests -
                Starting ManageRateApplicationTests using Java 1.8.0_301 on DESKTOP-LMHFHK6 with PID 12088 (started by dell in D:\manage-rate)
2022-01-05 23:56:14 [main] DEBUG c.e.t.r.ManageRateApplicationTests -
                Running with Spring Boot v2.6.2, Spring v5.3.14
2022-01-05 23:56:14 [main] INFO  c.e.t.r.ManageRateApplicationTests -
                No active profile set, falling back to default profiles: default
2022-01-05 23:56:39 [main] INFO  c.e.t.r.ManageRateApplicationTests -
                Started ManageRateApplicationTests in 26.389 seconds (JVM running for 39.802)
2022-01-05 23:56:41 [main] INFO  c.e.t.r.r.RateRepositoryTest -
                Starting RateRepositoryTest using Java 1.8.0_301 on DESKTOP-LMHFHK6 with PID 12088 (started by dell in D:\manage-rate)
2022-01-05 23:56:41 [main] DEBUG c.e.t.r.r.RateRepositoryTest -
                Running with Spring Boot v2.6.2, Spring v5.3.14
2022-01-05 23:56:41 [main] INFO  c.e.t.r.r.RateRepositoryTest -
                No active profile set, falling back to default profiles: default
2022-01-05 23:56:43 [main] INFO  c.e.t.r.r.RateRepositoryTest -
                Started RateRepositoryTest in 2.959 seconds (JVM running for 43.548)
2022-01-05 23:56:45 [main] INFO  c.e.test.rate.service.RateService -
                Service Layer : New Rate details are added to RMS
