2022-01-09 10:06:38 [restartedMain] INFO  c.e.test.rate.ManageRateApplication -
                Starting ManageRateApplication using Java 1.8.0_301 on DESKTOP-LMHFHK6 with PID 9804 (D:\manage-rate\target\classes started by dell in D:\manage-rate)
2022-01-09 10:06:38 [restartedMain] DEBUG c.e.test.rate.ManageRateApplication -
                Running with Spring Boot v2.5.8, Spring v5.3.14
2022-01-09 10:06:38 [restartedMain] INFO  c.e.test.rate.ManageRateApplication -
                No active profile set, falling back to default profiles: default
2022-01-09 10:12:44 [restartedMain] INFO  c.e.test.rate.ManageRateApplication -
                Starting ManageRateApplication using Java 1.8.0_301 on DESKTOP-LMHFHK6 with PID 7364 (D:\manage-rate\target\classes started by dell in D:\manage-rate)
2022-01-09 10:12:44 [restartedMain] DEBUG c.e.test.rate.ManageRateApplication -
                Running with Spring Boot v2.5.8, Spring v5.3.14
2022-01-09 10:12:44 [restartedMain] INFO  c.e.test.rate.ManageRateApplication -
                No active profile set, falling back to default profiles: default
2022-01-09 10:26:56 [restartedMain] INFO  c.e.test.rate.ManageRateApplication -
                Starting ManageRateApplication using Java 1.8.0_301 on DESKTOP-LMHFHK6 with PID 1080 (D:\manage-rate\target\classes started by dell in D:\manage-rate)
2022-01-09 10:26:56 [restartedMain] DEBUG c.e.test.rate.ManageRateApplication -
                Running with Spring Boot v2.5.8, Spring v5.3.14
2022-01-09 10:26:56 [restartedMain] INFO  c.e.test.rate.ManageRateApplication -
                No active profile set, falling back to default profiles: default
2022-01-09 11:26:57 [restartedMain] INFO  c.e.test.rate.ManageRateApplication -
                Starting ManageRateApplication using Java 1.8.0_301 on DESKTOP-LMHFHK6 with PID 10692 (D:\manage-rate\target\classes started by dell in D:\manage-rate)
2022-01-09 11:26:57 [restartedMain] DEBUG c.e.test.rate.ManageRateApplication -
                Running with Spring Boot v2.5.8, Spring v5.3.14
2022-01-09 11:26:57 [restartedMain] INFO  c.e.test.rate.ManageRateApplication -
                No active profile set, falling back to default profiles: default
2022-01-09 11:27:42 [restartedMain] INFO  c.e.test.rate.ManageRateApplication -
                Started ManageRateApplication in 47.388 seconds (JVM running for 59.091)
