2022-01-07 00:02:06 [main] INFO  c.e.t.rate.controller.RateController -
                Inside controller: Rate details deleted successfully for Rate ID: 2
2022-01-07 00:02:07 [main] INFO  c.e.t.rate.controller.RateController -
                Inside Controller::Retrieve rate details from RMS by Rate ID
2022-01-07 00:02:08 [main] INFO  c.e.t.rate.controller.RateController -
                Inside Controller:New Rate details are added to RMS
2022-01-07 00:02:14 [main] INFO  c.e.t.r.ManageRateApplicationTests -
                Starting ManageRateApplicationTests using Java 1.8.0_301 on DESKTOP-LMHFHK6 with PID 3600 (started by dell in D:\manage-rate)
2022-01-07 00:02:14 [main] DEBUG c.e.t.r.ManageRateApplicationTests -
                Running with Spring Boot v2.6.2, Spring v5.3.14
2022-01-07 00:02:14 [main] INFO  c.e.t.r.ManageRateApplicationTests -
                No active profile set, falling back to default profiles: default
2022-01-07 00:02:48 [main] INFO  c.e.t.r.ManageRateApplicationTests -
                Started ManageRateApplicationTests in 39.101 seconds (JVM running for 52.294)
2022-01-07 00:02:51 [main] INFO  c.e.t.r.r.RateRepositoryTest -
                Starting RateRepositoryTest using Java 1.8.0_301 on DESKTOP-LMHFHK6 with PID 3600 (started by dell in D:\manage-rate)
2022-01-07 00:02:51 [main] DEBUG c.e.t.r.r.RateRepositoryTest -
                Running with Spring Boot v2.6.2, Spring v5.3.14
2022-01-07 00:02:51 [main] INFO  c.e.t.r.r.RateRepositoryTest -
                No active profile set, falling back to default profiles: default
2022-01-07 00:02:54 [main] INFO  c.e.t.r.r.RateRepositoryTest -
                Started RateRepositoryTest in 4.644 seconds (JVM running for 57.553)
2022-01-07 00:02:56 [main] INFO  c.e.test.rate.service.RateService -
                Service Layer : New Rate details are added to RMS
2022-01-07 00:22:30 [main] INFO  c.e.t.rate.controller.RateController -
                Inside controller: Rate details deleted successfully for Rate ID: 2
2022-01-07 00:22:30 [main] INFO  c.e.t.rate.controller.RateController -
                Inside Controller::Retrieve rate details from RMS by Rate ID
2022-01-07 00:22:30 [main] INFO  c.e.t.rate.controller.RateController -
                Inside Controller:New Rate details are added to RMS
2022-01-07 00:24:45 [restartedMain] INFO  c.e.test.rate.ManageRateApplication -
                Starting ManageRateApplication using Java 1.8.0_301 on DESKTOP-LMHFHK6 with PID 11948 (D:\manage-rate\target\classes started by dell in D:\manage-rate)
2022-01-07 00:24:45 [restartedMain] DEBUG c.e.test.rate.ManageRateApplication -
                Running with Spring Boot v2.6.2, Spring v5.3.14
2022-01-07 00:24:45 [restartedMain] INFO  c.e.test.rate.ManageRateApplication -
                No active profile set, falling back to default profiles: default
2022-01-07 00:25:56 [restartedMain] INFO  c.e.test.rate.ManageRateApplication -
                Starting ManageRateApplication using Java 1.8.0_301 on DESKTOP-LMHFHK6 with PID 10012 (D:\manage-rate\target\classes started by dell in D:\manage-rate)
2022-01-07 00:25:57 [restartedMain] DEBUG c.e.test.rate.ManageRateApplication -
                Running with Spring Boot v2.6.2, Spring v5.3.14
2022-01-07 00:25:57 [restartedMain] INFO  c.e.test.rate.ManageRateApplication -
                No active profile set, falling back to default profiles: default
2022-01-07 00:26:32 [restartedMain] INFO  c.e.test.rate.ManageRateApplication -
                Started ManageRateApplication in 39.535 seconds (JVM running for 45.255)
2022-01-07 00:28:16 [http-nio-9003-exec-7] INFO  c.e.t.rate.controller.RateController -
                Inside controller: Rate details updated successfully for Rate ID: 17
2022-01-07 00:28:16 [updateExecutor-1] INFO  c.e.test.rate.service.RateService -
                Service Layer:Rate details updated successfully for Rate ID: 17
2022-01-07 00:28:25 [hystrix-RateController-3] ERROR c.e.t.rate.controller.RateController -
                Inside get controller Hystrix timeout error
2022-01-07 00:28:47 [http-nio-9003-exec-10] INFO  c.e.t.rate.controller.RateController -
                Inside controller: Rate details updated successfully for Rate ID: 99
2022-01-07 00:28:47 [updateExecutor-2] ERROR c.e.test.rate.service.RateService -
                RateId not found in RMS
2022-01-07 00:29:54 [hystrix-RateController-4] ERROR c.e.t.rate.controller.RateController -
                Inside get controller Hystrix timeout error
2022-01-07 07:09:46 [restartedMain] INFO  c.e.test.rate.ManageRateApplication -
                Starting ManageRateApplication using Java 1.8.0_301 on DESKTOP-LMHFHK6 with PID 16072 (D:\manage-rate\target\classes started by dell in D:\manage-rate)
2022-01-07 07:09:46 [restartedMain] DEBUG c.e.test.rate.ManageRateApplication -
                Running with Spring Boot v2.6.2, Spring v5.3.14
2022-01-07 07:09:46 [restartedMain] INFO  c.e.test.rate.ManageRateApplication -
                No active profile set, falling back to default profiles: default
2022-01-07 07:11:16 [restartedMain] INFO  c.e.test.rate.ManageRateApplication -
                Starting ManageRateApplication using Java 1.8.0_301 on DESKTOP-LMHFHK6 with PID 10352 (D:\manage-rate\target\classes started by dell in D:\manage-rate)
2022-01-07 07:11:16 [restartedMain] DEBUG c.e.test.rate.ManageRateApplication -
                Running with Spring Boot v2.6.2, Spring v5.3.14
2022-01-07 07:11:16 [restartedMain] INFO  c.e.test.rate.ManageRateApplication -
                No active profile set, falling back to default profiles: default
2022-01-07 07:11:42 [restartedMain] INFO  c.e.test.rate.ManageRateApplication -
                Started ManageRateApplication in 28.998 seconds (JVM running for 31.246)
2022-01-07 07:13:14 [hystrix-RateController-1] ERROR c.e.test.rate.service.RateService -
                Service Layer: RateId not found in RMS
2022-01-07 07:13:23 [hystrix-RateController-2] INFO  c.e.test.rate.service.RateService -
                Service Layer:Retrieve rate details from RMS by Rate ID
2022-01-07 07:13:23 [hystrix-RateController-2] INFO  c.e.t.rate.controller.RateController -
                Inside Controller::Retrieve rate details from RMS by Rate ID
2022-01-07 07:13:23 [hystrix-RateController-2] INFO  c.e.test.rate.service.RateService -
                Service Layer:Retrieve rate details from RMS by Rate ID
2022-01-07 07:14:29 [hystrix-RateController-3] INFO  c.e.t.rate.controller.RateController -
                Inside controller: Rate details updated successfully for Rate ID: 17
2022-01-07 07:14:29 [updateExecutor-1] INFO  c.e.test.rate.service.RateService -
                Service Layer:Rate details updated successfully for Rate ID: 17
2022-01-07 07:14:29 [hystrix-RateController-3] ERROR c.e.t.rate.controller.RateController -
                Hystrix timeout error in update method
2022-01-07 07:16:23 [hystrix-RateController-4] INFO  c.e.t.rate.controller.RateController -
                Inside controller: Rate details updated successfully for Rate ID: 17
2022-01-07 07:16:23 [hystrix-RateController-4] ERROR c.e.t.rate.controller.RateController -
                Hystrix timeout error in update method
2022-01-07 07:16:23 [updateExecutor-2] INFO  c.e.test.rate.service.RateService -
                Service Layer:Rate details updated successfully for Rate ID: 17
2022-01-07 07:17:21 [restartedMain] INFO  c.e.test.rate.ManageRateApplication -
                Starting ManageRateApplication using Java 1.8.0_301 on DESKTOP-LMHFHK6 with PID 10664 (D:\manage-rate\target\classes started by dell in D:\manage-rate)
2022-01-07 07:17:21 [restartedMain] DEBUG c.e.test.rate.ManageRateApplication -
                Running with Spring Boot v2.6.2, Spring v5.3.14
2022-01-07 07:17:21 [restartedMain] INFO  c.e.test.rate.ManageRateApplication -
                No active profile set, falling back to default profiles: default
2022-01-07 07:17:43 [restartedMain] INFO  c.e.test.rate.ManageRateApplication -
                Started ManageRateApplication in 25.46 seconds (JVM running for 28.409)
2022-01-07 07:18:51 [http-nio-9001-exec-1] INFO  c.e.t.rate.controller.RateController -
                Inside controller: Rate details updated successfully for Rate ID: 17
2022-01-07 07:18:52 [updateExecutor-1] INFO  c.e.test.rate.service.RateService -
                Service Layer:Rate details updated successfully for Rate ID: 17
2022-01-07 07:23:05 [restartedMain] INFO  c.e.test.rate.ManageRateApplication -
                Starting ManageRateApplication using Java 1.8.0_301 on DESKTOP-LMHFHK6 with PID 10664 (D:\manage-rate\target\classes started by dell in D:\manage-rate)
2022-01-07 07:23:05 [restartedMain] DEBUG c.e.test.rate.ManageRateApplication -
                Running with Spring Boot v2.6.2, Spring v5.3.14
2022-01-07 07:23:05 [restartedMain] INFO  c.e.test.rate.ManageRateApplication -
                No active profile set, falling back to default profiles: default
2022-01-07 07:23:22 [restartedMain] INFO  c.e.test.rate.ManageRateApplication -
                Started ManageRateApplication in 19.046 seconds (JVM running for 367.682)
2022-01-07 07:23:36 [main] INFO  c.e.t.rate.controller.RateController -
                Inside controller: Rate details deleted successfully for Rate ID: 2
2022-01-07 07:23:36 [main] INFO  c.e.t.rate.controller.RateController -
                Inside Controller::Retrieve rate details from RMS by Rate ID
2022-01-07 07:23:37 [main] INFO  c.e.t.rate.controller.RateController -
                Inside Controller:New Rate details are added to RMS
2022-01-07 07:23:39 [main] INFO  c.e.t.r.ManageRateApplicationTests -
                Starting ManageRateApplicationTests using Java 1.8.0_301 on DESKTOP-LMHFHK6 with PID 8220 (started by dell in D:\manage-rate)
2022-01-07 07:23:39 [main] DEBUG c.e.t.r.ManageRateApplicationTests -
                Running with Spring Boot v2.6.2, Spring v5.3.14
2022-01-07 07:23:39 [main] INFO  c.e.t.r.ManageRateApplicationTests -
                No active profile set, falling back to default profiles: default
2022-01-07 07:24:04 [main] INFO  c.e.t.r.ManageRateApplicationTests -
                Started ManageRateApplicationTests in 26.454 seconds (JVM running for 36.012)
2022-01-07 07:24:05 [main] INFO  c.e.t.r.r.RateRepositoryTest -
                Starting RateRepositoryTest using Java 1.8.0_301 on DESKTOP-LMHFHK6 with PID 8220 (started by dell in D:\manage-rate)
2022-01-07 07:24:05 [main] DEBUG c.e.t.r.r.RateRepositoryTest -
                Running with Spring Boot v2.6.2, Spring v5.3.14
2022-01-07 07:24:05 [main] INFO  c.e.t.r.r.RateRepositoryTest -
                No active profile set, falling back to default profiles: default
2022-01-07 07:24:07 [main] INFO  c.e.t.r.r.RateRepositoryTest -
                Started RateRepositoryTest in 2.705 seconds (JVM running for 39.262)
2022-01-07 07:24:09 [main] INFO  c.e.test.rate.service.RateService -
                Service Layer : New Rate details are added to RMS
2022-01-07 10:34:47 [restartedMain] INFO  c.e.test.rate.ManageRateApplication -
                Starting ManageRateApplication using Java 1.8.0_301 on DESKTOP-LMHFHK6 with PID 10664 (D:\manage-rate\target\classes started by dell in D:\manage-rate)
2022-01-07 10:34:47 [restartedMain] DEBUG c.e.test.rate.ManageRateApplication -
                Running with Spring Boot v2.6.2, Spring v5.3.14
2022-01-07 10:34:47 [restartedMain] INFO  c.e.test.rate.ManageRateApplication -
                No active profile set, falling back to default profiles: default
2022-01-07 10:35:08 [restartedMain] INFO  c.e.test.rate.ManageRateApplication -
                Started ManageRateApplication in 22.892 seconds (JVM running for 11873.903)
2022-01-07 10:35:15 [restartedMain] INFO  c.e.test.rate.ManageRateApplication -
                Starting ManageRateApplication using Java 1.8.0_301 on DESKTOP-LMHFHK6 with PID 10664 (D:\manage-rate\target\classes started by dell in D:\manage-rate)
2022-01-07 10:35:15 [restartedMain] DEBUG c.e.test.rate.ManageRateApplication -
                Running with Spring Boot v2.6.2, Spring v5.3.14
2022-01-07 10:35:15 [restartedMain] INFO  c.e.test.rate.ManageRateApplication -
                No active profile set, falling back to default profiles: default
2022-01-07 10:35:26 [restartedMain] INFO  c.e.test.rate.ManageRateApplication -
                Started ManageRateApplication in 11.917 seconds (JVM running for 11891.017)
2022-01-07 10:35:37 [main] INFO  c.e.t.rate.controller.RateController -
                Inside controller: Rate details deleted successfully for Rate ID: 2
2022-01-07 10:35:37 [main] INFO  c.e.t.rate.controller.RateController -
                Inside Controller::Retrieve rate details from RMS by Rate ID
2022-01-07 10:35:38 [main] INFO  c.e.t.rate.controller.RateController -
                Inside Controller:New Rate details are added to RMS
2022-01-07 10:35:40 [main] INFO  c.e.t.r.ManageRateApplicationTests -
                Starting ManageRateApplicationTests using Java 1.8.0_301 on DESKTOP-LMHFHK6 with PID 3600 (started by dell in D:\manage-rate)
2022-01-07 10:35:40 [main] DEBUG c.e.t.r.ManageRateApplicationTests -
                Running with Spring Boot v2.5.8, Spring v5.3.14
2022-01-07 10:35:40 [main] INFO  c.e.t.r.ManageRateApplicationTests -
                No active profile set, falling back to default profiles: default
2022-01-07 10:36:07 [main] INFO  c.e.t.r.r.RateRepositoryTest -
                Starting RateRepositoryTest using Java 1.8.0_301 on DESKTOP-LMHFHK6 with PID 3600 (started by dell in D:\manage-rate)
2022-01-07 10:36:07 [main] DEBUG c.e.t.r.r.RateRepositoryTest -
                Running with Spring Boot v2.5.8, Spring v5.3.14
2022-01-07 10:36:07 [main] INFO  c.e.t.r.r.RateRepositoryTest -
                No active profile set, falling back to default profiles: default
2022-01-07 10:36:10 [main] INFO  c.e.t.r.r.RateRepositoryTest -
                Started RateRepositoryTest in 3.977 seconds (JVM running for 43.604)
2022-01-07 10:36:11 [main] INFO  c.e.test.rate.service.RateService -
                Service Layer : New Rate details are added to RMS
2022-01-07 10:44:38 [main] INFO  c.e.t.rate.controller.RateController -
                Inside controller: Rate details deleted successfully for Rate ID: 2
2022-01-07 10:44:38 [main] INFO  c.e.t.rate.controller.RateController -
                Inside Controller::Retrieve rate details from RMS by Rate ID
2022-01-07 10:44:38 [main] INFO  c.e.t.rate.controller.RateController -
                Inside Controller:New Rate details are added to RMS
2022-01-07 10:44:41 [main] INFO  c.e.t.r.ManageRateApplicationTests -
                Starting ManageRateApplicationTests using Java 1.8.0_301 on DESKTOP-LMHFHK6 with PID 14192 (started by dell in D:\manage-rate)
2022-01-07 10:44:41 [main] DEBUG c.e.t.r.ManageRateApplicationTests -
                Running with Spring Boot v2.5.8, Spring v5.3.14
2022-01-07 10:44:41 [main] INFO  c.e.t.r.ManageRateApplicationTests -
                No active profile set, falling back to default profiles: default
2022-01-07 10:45:09 [main] INFO  c.e.t.r.ManageRateApplicationTests -
                Started ManageRateApplicationTests in 30.354 seconds (JVM running for 40.037)
2022-01-07 10:45:11 [main] INFO  c.e.t.r.r.RateRepositoryTest -
                Starting RateRepositoryTest using Java 1.8.0_301 on DESKTOP-LMHFHK6 with PID 14192 (started by dell in D:\manage-rate)
2022-01-07 10:45:11 [main] DEBUG c.e.t.r.r.RateRepositoryTest -
                Running with Spring Boot v2.5.8, Spring v5.3.14
2022-01-07 10:45:11 [main] INFO  c.e.t.r.r.RateRepositoryTest -
                No active profile set, falling back to default profiles: default
2022-01-07 10:45:14 [main] INFO  c.e.t.r.r.RateRepositoryTest -
                Started RateRepositoryTest in 3.968 seconds (JVM running for 45.011)
2022-01-07 10:45:16 [main] INFO  c.e.test.rate.service.RateService -
                Service Layer : New Rate details are added to RMS
2022-01-07 10:46:47 [restartedMain] INFO  c.e.test.rate.ManageRateApplication -
                Starting ManageRateApplication using Java 1.8.0_301 on DESKTOP-LMHFHK6 with PID 14828 (D:\manage-rate\target\classes started by dell in D:\manage-rate)
2022-01-07 10:46:47 [restartedMain] DEBUG c.e.test.rate.ManageRateApplication -
                Running with Spring Boot v2.5.8, Spring v5.3.14
2022-01-07 10:46:47 [restartedMain] INFO  c.e.test.rate.ManageRateApplication -
                No active profile set, falling back to default profiles: default
2022-01-07 10:47:17 [restartedMain] INFO  c.e.test.rate.ManageRateApplication -
                Started ManageRateApplication in 32.857 seconds (JVM running for 36.042)
2022-01-07 10:53:28 [http-nio-9001-exec-2] INFO  c.e.t.rate.controller.RateController -
                Inside controller: Rate details updated successfully for Rate ID: 17
2022-01-07 10:53:30 [updateExecutor-1] INFO  c.e.test.rate.service.RateService -
                Service Layer:Rate details updated successfully for Rate ID: 17
2022-01-07 10:53:45 [hystrix-RateController-1] INFO  c.e.test.rate.service.RateService -
                Service Layer:Retrieve rate details from RMS by Rate ID
2022-01-07 10:53:45 [hystrix-RateController-1] INFO  c.e.t.rate.controller.RateController -
                Inside Controller::Retrieve rate details from RMS by Rate ID
2022-01-07 10:53:46 [hystrix-RateController-1] INFO  c.e.test.rate.service.RateService -
                Service Layer:Retrieve rate details from RMS by Rate ID
2022-01-07 10:54:09 [hystrix-RateController-3] INFO  c.e.test.rate.service.RateService -
                Service Layer:Retrieve rate details from RMS by Rate ID
2022-01-07 10:54:09 [hystrix-RateController-3] INFO  c.e.t.rate.controller.RateController -
                Inside Controller::Retrieve rate details from RMS by Rate ID
2022-01-07 10:54:10 [hystrix-RateController-3] INFO  c.e.test.rate.service.RateService -
                Service Layer:Retrieve rate details from RMS by Rate ID
2022-01-07 10:54:54 [hystrix-RateController-4] INFO  c.e.test.rate.service.RateService -
                Service Layer : New Rate details are added to RMS
2022-01-07 10:54:54 [hystrix-RateController-4] INFO  c.e.t.rate.controller.RateController -
                Inside Controller:New Rate details are added to RMS
2022-01-07 10:55:05 [http-nio-9001-exec-3] INFO  c.e.t.rate.controller.RateController -
                Inside controller: Rate details updated successfully for Rate ID: 17
2022-01-07 10:55:05 [updateExecutor-2] INFO  c.e.test.rate.service.RateService -
                Service Layer:Rate details updated successfully for Rate ID: 17
2022-01-07 10:56:56 [restartedMain] INFO  c.e.test.rate.ManageRateApplication -
                Starting ManageRateApplication using Java 1.8.0_301 on DESKTOP-LMHFHK6 with PID 14828 (D:\manage-rate\target\classes started by dell in D:\manage-rate)
2022-01-07 10:56:56 [restartedMain] DEBUG c.e.test.rate.ManageRateApplication -
                Running with Spring Boot v2.5.8, Spring v5.3.14
2022-01-07 10:56:56 [restartedMain] INFO  c.e.test.rate.ManageRateApplication -
                No active profile set, falling back to default profiles: default
2022-01-07 10:57:29 [restartedMain] INFO  c.e.test.rate.ManageRateApplication -
                Started ManageRateApplication in 35.271 seconds (JVM running for 648.322)
2022-01-07 10:57:36 [restartedMain] INFO  c.e.test.rate.ManageRateApplication -
                Starting ManageRateApplication using Java 1.8.0_301 on DESKTOP-LMHFHK6 with PID 14828 (D:\manage-rate\target\classes started by dell in D:\manage-rate)
2022-01-07 10:57:36 [restartedMain] DEBUG c.e.test.rate.ManageRateApplication -
                Running with Spring Boot v2.5.8, Spring v5.3.14
2022-01-07 10:57:36 [restartedMain] INFO  c.e.test.rate.ManageRateApplication -
                No active profile set, falling back to default profiles: default
2022-01-07 10:57:53 [restartedMain] INFO  c.e.test.rate.ManageRateApplication -
                Started ManageRateApplication in 17.851 seconds (JVM running for 671.82)
2022-01-07 10:58:01 [main] INFO  c.e.t.rate.controller.RateController -
                Inside controller: Rate details deleted successfully for Rate ID: 2
2022-01-07 10:58:01 [main] INFO  c.e.t.rate.controller.RateController -
                Inside Controller::Retrieve rate details from RMS by Rate ID
2022-01-07 10:58:02 [main] INFO  c.e.t.rate.controller.RateController -
                Inside Controller:New Rate details are added to RMS
2022-01-07 10:58:04 [main] INFO  c.e.t.r.ManageRateApplicationTests -
                Starting ManageRateApplicationTests using Java 1.8.0_301 on DESKTOP-LMHFHK6 with PID 12128 (started by dell in D:\manage-rate)
2022-01-07 10:58:04 [main] DEBUG c.e.t.r.ManageRateApplicationTests -
                Running with Spring Boot v2.5.8, Spring v5.3.14
2022-01-07 10:58:04 [main] INFO  c.e.t.r.ManageRateApplicationTests -
                No active profile set, falling back to default profiles: default
2022-01-07 10:58:28 [main] INFO  c.e.t.r.ManageRateApplicationTests -
                Started ManageRateApplicationTests in 25.516 seconds (JVM running for 39.324)
2022-01-07 10:58:29 [main] INFO  c.e.t.r.r.RateRepositoryTest -
                Starting RateRepositoryTest using Java 1.8.0_301 on DESKTOP-LMHFHK6 with PID 12128 (started by dell in D:\manage-rate)
2022-01-07 10:58:29 [main] DEBUG c.e.t.r.r.RateRepositoryTest -
                Running with Spring Boot v2.5.8, Spring v5.3.14
2022-01-07 10:58:29 [main] INFO  c.e.t.r.r.RateRepositoryTest -
                No active profile set, falling back to default profiles: default
2022-01-07 10:58:30 [main] INFO  c.e.t.r.r.RateRepositoryTest -
                Started RateRepositoryTest in 2.155 seconds (JVM running for 41.936)
2022-01-07 10:58:32 [main] INFO  c.e.test.rate.service.RateService -
                Service Layer : New Rate details are added to RMS
2022-01-07 11:05:12 [HystrixTimer-1] ERROR c.e.t.rate.controller.RateController -
                Inside get controller Hystrix timeout error
2022-01-07 11:05:25 [HystrixTimer-1] ERROR c.e.t.rate.controller.RateController -
                Inside get controller Hystrix timeout error
2022-01-07 11:06:11 [HystrixTimer-2] ERROR c.e.t.rate.controller.RateController -
                Inside get controller Hystrix timeout error
2022-01-07 11:06:52 [HystrixTimer-1] ERROR c.e.t.rate.controller.RateController -
                Inside get controller Hystrix timeout error
2022-01-07 11:07:04 [HystrixTimer-3] ERROR c.e.t.rate.controller.RateController -
                Inside get controller Hystrix timeout error
2022-01-07 11:07:17 [HystrixTimer-2] ERROR c.e.t.rate.controller.RateController -
                Hystrix timeout error in delete method
2022-01-07 11:07:59 [http-nio-9001-exec-10] INFO  c.e.t.rate.controller.RateController -
                Inside controller: Rate details updated successfully for Rate ID: 1
2022-01-07 11:09:03 [http-nio-9001-exec-1] INFO  c.e.t.rate.controller.RateController -
                Inside controller: Rate details updated successfully for Rate ID: 1
2022-01-07 11:14:53 [restartedMain] INFO  c.e.test.rate.ManageRateApplication -
                Starting ManageRateApplication using Java 1.8.0_301 on DESKTOP-LMHFHK6 with PID 10724 (D:\manage-rate\target\classes started by dell in D:\manage-rate)
2022-01-07 11:14:53 [restartedMain] DEBUG c.e.test.rate.ManageRateApplication -
                Running with Spring Boot v2.5.8, Spring v5.3.14
2022-01-07 11:14:53 [restartedMain] INFO  c.e.test.rate.ManageRateApplication -
                No active profile set, falling back to default profiles: default
2022-01-07 11:15:26 [restartedMain] INFO  c.e.test.rate.ManageRateApplication -
                Started ManageRateApplication in 36.549 seconds (JVM running for 39.939)
2022-01-07 11:15:43 [hystrix-RateController-1] ERROR c.e.test.rate.service.RateService -
                Service Layer: RateId not found in RMS
2022-01-07 11:15:54 [hystrix-RateController-2] ERROR c.e.test.rate.service.RateService -
                Service Layer: RateId not found in RMS
2022-01-07 11:16:04 [hystrix-RateController-3] INFO  c.e.test.rate.service.RateService -
                Service Layer : New Rate details are added to RMS
2022-01-07 11:16:04 [hystrix-RateController-3] INFO  c.e.t.rate.controller.RateController -
                Inside Controller:New Rate details are added to RMS
2022-01-07 11:16:07 [hystrix-RateController-4] INFO  c.e.test.rate.service.RateService -
                Service Layer : New Rate details are added to RMS
2022-01-07 11:16:07 [hystrix-RateController-4] INFO  c.e.t.rate.controller.RateController -
                Inside Controller:New Rate details are added to RMS
2022-01-07 11:16:13 [hystrix-RateController-5] INFO  c.e.test.rate.service.RateService -
                Service Layer:Retrieve rate details from RMS by Rate ID
2022-01-07 11:16:13 [hystrix-RateController-5] INFO  c.e.t.rate.controller.RateController -
                Inside Controller::Retrieve rate details from RMS by Rate ID
2022-01-07 11:16:14 [hystrix-RateController-5] INFO  c.e.test.rate.service.RateService -
                Service Layer:Retrieve rate details from RMS by Rate ID
2022-01-07 11:16:21 [http-nio-9001-exec-7] INFO  c.e.t.rate.controller.RateController -
                Inside controller: Rate details updated successfully for Rate ID: 1
2022-01-07 11:16:21 [updateExecutor-1] INFO  c.e.test.rate.service.RateService -
                Service Layer:Rate details updated successfully for Rate ID: 1
2022-01-07 11:16:36 [hystrix-RateController-6] ERROR c.e.test.rate.service.RateService -
                Service Layer Delete:RateId not found in RMS
2022-01-07 11:26:27 [HystrixTimer-2] ERROR c.e.t.rate.controller.RateController -
                Hystrix timeout error
2022-01-07 11:26:41 [HystrixTimer-1] ERROR c.e.t.rate.controller.RateController -
                Hystrix timeout error
2022-01-07 11:26:49 [HystrixTimer-3] ERROR c.e.t.rate.controller.RateController -
                Hystrix timeout error
2022-01-07 11:26:57 [HystrixTimer-4] ERROR c.e.t.rate.controller.RateController -
                Hystrix timeout error
2022-01-07 11:27:04 [HystrixTimer-2] ERROR c.e.t.rate.controller.RateController -
                Hystrix timeout error
2022-01-07 11:27:13 [HystrixTimer-1] ERROR c.e.t.rate.controller.RateController -
                Hystrix timeout error
2022-01-07 11:27:19 [HystrixTimer-3] ERROR c.e.t.rate.controller.RateController -
                Hystrix timeout error
2022-01-07 11:27:27 [HystrixTimer-4] ERROR c.e.t.rate.controller.RateController -
                Hystrix timeout error
2022-01-07 11:27:35 [HystrixTimer-2] ERROR c.e.t.rate.controller.RateController -
                Hystrix timeout error
2022-01-07 11:27:43 [HystrixTimer-1] ERROR c.e.t.rate.controller.RateController -
                Hystrix timeout error
2022-01-07 11:27:50 [HystrixTimer-3] ERROR c.e.t.rate.controller.RateController -
                Hystrix timeout error
2022-01-07 11:28:09 [HystrixTimer-4] ERROR c.e.t.rate.controller.RateController -
                Inside get controller Hystrix timeout error
2022-01-07 11:28:17 [HystrixTimer-2] ERROR c.e.t.rate.controller.RateController -
                Inside get controller Hystrix timeout error
2022-01-07 11:30:55 [restartedMain] INFO  c.e.test.rate.ManageRateApplication -
                Starting ManageRateApplication using Java 1.8.0_301 on DESKTOP-LMHFHK6 with PID 10724 (D:\manage-rate\target\classes started by dell in D:\manage-rate)
2022-01-07 11:30:55 [restartedMain] DEBUG c.e.test.rate.ManageRateApplication -
                Running with Spring Boot v2.5.8, Spring v5.3.14
2022-01-07 11:30:55 [restartedMain] INFO  c.e.test.rate.ManageRateApplication -
                No active profile set, falling back to default profiles: default
2022-01-07 11:31:27 [restartedMain] INFO  c.e.test.rate.ManageRateApplication -
                Starting ManageRateApplication using Java 1.8.0_301 on DESKTOP-LMHFHK6 with PID 10724 (D:\manage-rate\target\classes started by dell in D:\manage-rate)
2022-01-07 11:31:27 [restartedMain] DEBUG c.e.test.rate.ManageRateApplication -
                Running with Spring Boot v2.5.8, Spring v5.3.14
2022-01-07 11:31:27 [restartedMain] INFO  c.e.test.rate.ManageRateApplication -
                No active profile set, falling back to default profiles: default
2022-01-07 11:31:50 [main] INFO  c.e.t.rate.controller.RateController -
                Inside controller: Rate details deleted successfully for Rate ID: 2
2022-01-07 11:31:50 [main] INFO  c.e.t.rate.controller.RateController -
                Inside Controller::Retrieve rate details from RMS by Rate ID
2022-01-07 11:31:51 [main] INFO  c.e.t.rate.controller.RateController -
                Inside Controller:New Rate details are added to RMS
2022-01-07 11:31:54 [main] INFO  c.e.t.r.ManageRateApplicationTests -
                Starting ManageRateApplicationTests using Java 1.8.0_301 on DESKTOP-LMHFHK6 with PID 16072 (started by dell in D:\manage-rate)
2022-01-07 11:31:54 [main] DEBUG c.e.t.r.ManageRateApplicationTests -
                Running with Spring Boot v2.5.8, Spring v5.3.14
2022-01-07 11:31:54 [main] INFO  c.e.t.r.ManageRateApplicationTests -
                No active profile set, falling back to default profiles: default
2022-01-07 11:32:25 [main] INFO  c.e.t.r.ManageRateApplicationTests -
                Started ManageRateApplicationTests in 33.242 seconds (JVM running for 46.308)
2022-01-07 11:32:26 [main] INFO  c.e.t.r.r.RateRepositoryTest -
                Starting RateRepositoryTest using Java 1.8.0_301 on DESKTOP-LMHFHK6 with PID 16072 (started by dell in D:\manage-rate)
2022-01-07 11:32:26 [main] DEBUG c.e.t.r.r.RateRepositoryTest -
                Running with Spring Boot v2.5.8, Spring v5.3.14
2022-01-07 11:32:26 [main] INFO  c.e.t.r.r.RateRepositoryTest -
                No active profile set, falling back to default profiles: default
2022-01-07 11:32:30 [main] INFO  c.e.t.r.r.RateRepositoryTest -
                Started RateRepositoryTest in 4.595 seconds (JVM running for 51.417)
2022-01-07 11:32:32 [main] INFO  c.e.test.rate.service.RateService -
                Service Layer : New Rate details are added to RMS
2022-01-07 11:47:16 [main] INFO  c.e.t.rate.controller.RateController -
                Inside controller: Rate details deleted successfully for Rate ID: 2
2022-01-07 11:47:17 [main] INFO  c.e.t.rate.controller.RateController -
                Inside Controller::Retrieve rate details from RMS by Rate ID
2022-01-07 11:47:17 [main] INFO  c.e.t.rate.controller.RateController -
                Inside Controller:New Rate details are added to RMS
2022-01-07 11:47:20 [main] INFO  c.e.t.r.ManageRateApplicationTests -
                Starting ManageRateApplicationTests using Java 1.8.0_301 on DESKTOP-LMHFHK6 with PID 10112 (started by dell in D:\manage-rate)
2022-01-07 11:47:20 [main] DEBUG c.e.t.r.ManageRateApplicationTests -
                Running with Spring Boot v2.5.8, Spring v5.3.14
2022-01-07 11:47:20 [main] INFO  c.e.t.r.ManageRateApplicationTests -
                No active profile set, falling back to default profiles: default
2022-01-07 11:47:45 [main] INFO  c.e.t.r.ManageRateApplicationTests -
                Started ManageRateApplicationTests in 26.349 seconds (JVM running for 40.206)
2022-01-07 11:47:46 [main] INFO  c.e.t.r.r.RateRepositoryTest -
                Starting RateRepositoryTest using Java 1.8.0_301 on DESKTOP-LMHFHK6 with PID 10112 (started by dell in D:\manage-rate)
2022-01-07 11:47:46 [main] DEBUG c.e.t.r.r.RateRepositoryTest -
                Running with Spring Boot v2.5.8, Spring v5.3.14
2022-01-07 11:47:46 [main] INFO  c.e.t.r.r.RateRepositoryTest -
                No active profile set, falling back to default profiles: default
2022-01-07 11:47:48 [main] INFO  c.e.t.r.r.RateRepositoryTest -
                Started RateRepositoryTest in 3.003 seconds (JVM running for 43.62)
2022-01-07 11:47:49 [main] INFO  c.e.test.rate.service.RateService -
                Service Layer : New Rate details are added to RMS
2022-01-07 12:05:37 [restartedMain] INFO  c.e.test.rate.ManageRateApplication -
                Starting ManageRateApplication using Java 1.8.0_301 on DESKTOP-LMHFHK6 with PID 10724 (D:\manage-rate\target\classes started by dell in D:\manage-rate)
2022-01-07 12:05:37 [restartedMain] DEBUG c.e.test.rate.ManageRateApplication -
                Running with Spring Boot v2.5.8, Spring v5.3.14
2022-01-07 12:05:37 [restartedMain] INFO  c.e.test.rate.ManageRateApplication -
                No active profile set, falling back to default profiles: default
2022-01-07 12:06:36 [main] INFO  c.e.t.rate.controller.RateController -
                Inside controller: Rate details deleted successfully for Rate ID: 2
2022-01-07 12:06:37 [main] INFO  c.e.t.rate.controller.RateController -
                Inside Controller::Retrieve rate details from RMS by Rate ID
2022-01-07 12:06:37 [main] INFO  c.e.t.rate.controller.RateController -
                Inside Controller:New Rate details are added to RMS
2022-01-07 12:06:42 [main] INFO  c.e.t.r.ManageRateApplicationTests -
                Starting ManageRateApplicationTests using Java 1.8.0_301 on DESKTOP-LMHFHK6 with PID 16088 (started by dell in D:\manage-rate)
2022-01-07 12:06:42 [main] DEBUG c.e.t.r.ManageRateApplicationTests -
                Running with Spring Boot v2.5.8, Spring v5.3.14
2022-01-07 12:06:42 [main] INFO  c.e.t.r.ManageRateApplicationTests -
                No active profile set, falling back to default profiles: default
2022-01-07 12:07:22 [main] INFO  c.e.t.r.ManageRateApplicationTests -
                Started ManageRateApplicationTests in 43.475 seconds (JVM running for 57.914)
2022-01-07 12:07:44 [main] INFO  c.e.t.r.r.RateRepositoryTest -
                Starting RateRepositoryTest using Java 1.8.0_301 on DESKTOP-LMHFHK6 with PID 16088 (started by dell in D:\manage-rate)
2022-01-07 12:07:44 [main] DEBUG c.e.t.r.r.RateRepositoryTest -
                Running with Spring Boot v2.5.8, Spring v5.3.14
2022-01-07 12:07:44 [main] INFO  c.e.t.r.r.RateRepositoryTest -
                No active profile set, falling back to default profiles: default
2022-01-07 12:08:12 [main] INFO  c.e.t.r.r.RateRepositoryTest -
                Started RateRepositoryTest in 29.059 seconds (JVM running for 107.653)
2022-01-07 12:08:17 [main] INFO  c.e.test.rate.service.RateService -
                Service Layer : New Rate details are added to RMS
2022-01-07 12:10:50 [main] INFO  c.e.t.rate.controller.RateController -
                Inside controller: Rate details deleted successfully for Rate ID: 2
2022-01-07 12:10:50 [main] INFO  c.e.t.rate.controller.RateController -
                Inside Controller::Retrieve rate details from RMS by Rate ID
2022-01-07 12:10:55 [main] INFO  c.e.t.rate.controller.RateController -
                Inside Controller:New Rate details are added to RMS
2022-01-07 12:11:00 [main] INFO  c.e.t.r.ManageRateApplicationTests -
                Starting ManageRateApplicationTests using Java 1.8.0_301 on DESKTOP-LMHFHK6 with PID 16312 (started by dell in D:\manage-rate)
2022-01-07 12:11:00 [main] DEBUG c.e.t.r.ManageRateApplicationTests -
                Running with Spring Boot v2.5.8, Spring v5.3.14
2022-01-07 12:11:00 [main] INFO  c.e.t.r.ManageRateApplicationTests -
                No active profile set, falling back to default profiles: default
2022-01-07 12:11:38 [main] INFO  c.e.t.r.ManageRateApplicationTests -
                Started ManageRateApplicationTests in 40.387 seconds (JVM running for 59.439)
2022-01-07 12:11:40 [main] INFO  c.e.t.r.r.RateRepositoryTest -
                Starting RateRepositoryTest using Java 1.8.0_301 on DESKTOP-LMHFHK6 with PID 16312 (started by dell in D:\manage-rate)
2022-01-07 12:11:40 [main] DEBUG c.e.t.r.r.RateRepositoryTest -
                Running with Spring Boot v2.5.8, Spring v5.3.14
2022-01-07 12:11:40 [main] INFO  c.e.t.r.r.RateRepositoryTest -
                No active profile set, falling back to default profiles: default
2022-01-07 12:11:42 [main] INFO  c.e.t.r.r.RateRepositoryTest -
                Started RateRepositoryTest in 3.391 seconds (JVM running for 63.357)
2022-01-07 12:11:43 [main] INFO  c.e.test.rate.service.RateService -
                Service Layer : New Rate details are added to RMS
2022-01-07 14:31:39 [restartedMain] INFO  c.e.test.rate.ManageRateApplication -
                Starting ManageRateApplication using Java 1.8.0_301 on DESKTOP-LMHFHK6 with PID 13740 (D:\manage-rate\target\classes started by dell in D:\manage-rate)
2022-01-07 14:31:39 [restartedMain] DEBUG c.e.test.rate.ManageRateApplication -
                Running with Spring Boot v2.5.8, Spring v5.3.14
2022-01-07 14:31:39 [restartedMain] INFO  c.e.test.rate.ManageRateApplication -
                No active profile set, falling back to default profiles: default
2022-01-07 14:37:06 [restartedMain] INFO  c.e.test.rate.ManageRateApplication -
                Starting ManageRateApplication using Java 1.8.0_301 on DESKTOP-LMHFHK6 with PID 9672 (D:\manage-rate\target\classes started by dell in D:\manage-rate)
2022-01-07 14:37:06 [restartedMain] DEBUG c.e.test.rate.ManageRateApplication -
                Running with Spring Boot v2.5.8, Spring v5.3.14
2022-01-07 14:37:06 [restartedMain] INFO  c.e.test.rate.ManageRateApplication -
                No active profile set, falling back to default profiles: default
2022-01-07 14:39:17 [restartedMain] INFO  c.e.test.rate.ManageRateApplication -
                Starting ManageRateApplication using Java 1.8.0_301 on DESKTOP-LMHFHK6 with PID 3244 (D:\manage-rate\target\classes started by dell in D:\manage-rate)
2022-01-07 14:39:17 [restartedMain] DEBUG c.e.test.rate.ManageRateApplication -
                Running with Spring Boot v2.5.8, Spring v5.3.14
2022-01-07 14:39:17 [restartedMain] INFO  c.e.test.rate.ManageRateApplication -
                No active profile set, falling back to default profiles: default
2022-01-07 14:39:50 [restartedMain] INFO  c.e.test.rate.ManageRateApplication -
                Started ManageRateApplication in 38.4 seconds (JVM running for 42.651)
2022-01-07 14:43:32 [restartedMain] INFO  c.e.test.rate.ManageRateApplication -
                Starting ManageRateApplication using Java 1.8.0_301 on DESKTOP-LMHFHK6 with PID 3244 (D:\manage-rate\target\classes started by dell in D:\manage-rate)
2022-01-07 14:43:32 [restartedMain] DEBUG c.e.test.rate.ManageRateApplication -
                Running with Spring Boot v2.5.8, Spring v5.3.14
2022-01-07 14:43:32 [restartedMain] INFO  c.e.test.rate.ManageRateApplication -
                No active profile set, falling back to default profiles: default
2022-01-07 14:43:59 [restartedMain] INFO  c.e.test.rate.ManageRateApplication -
                Started ManageRateApplication in 27.376 seconds (JVM running for 291.079)
2022-01-07 14:44:29 [main] INFO  c.e.t.rate.controller.RateController -
                Inside controller: Rate details deleted successfully for Rate ID: 2
2022-01-07 14:44:29 [main] INFO  c.e.t.rate.controller.RateController -
                Inside Controller::Retrieve rate details from RMS by Rate ID
2022-01-07 14:44:30 [main] INFO  c.e.t.rate.controller.RateController -
                Inside Controller:New Rate details are added to RMS
2022-01-07 14:44:34 [main] INFO  c.e.t.r.ManageRateApplicationTests -
                Starting ManageRateApplicationTests using Java 1.8.0_301 on DESKTOP-LMHFHK6 with PID 9496 (started by dell in D:\manage-rate)
2022-01-07 14:44:34 [main] DEBUG c.e.t.r.ManageRateApplicationTests -
                Running with Spring Boot v2.5.8, Spring v5.3.14
2022-01-07 14:44:34 [main] INFO  c.e.t.r.ManageRateApplicationTests -
                No active profile set, falling back to default profiles: default
2022-01-07 14:45:07 [main] INFO  c.e.t.r.ManageRateApplicationTests -
                Started ManageRateApplicationTests in 35.942 seconds (JVM running for 49.862)
2022-01-07 14:45:21 [main] INFO  c.e.t.r.r.RateRepositoryTest -
                Starting RateRepositoryTest using Java 1.8.0_301 on DESKTOP-LMHFHK6 with PID 9496 (started by dell in D:\manage-rate)
2022-01-07 14:45:21 [main] DEBUG c.e.t.r.r.RateRepositoryTest -
                Running with Spring Boot v2.5.8, Spring v5.3.14
2022-01-07 14:45:21 [main] INFO  c.e.t.r.r.RateRepositoryTest -
                No active profile set, falling back to default profiles: default
2022-01-07 14:45:28 [main] INFO  c.e.t.r.r.RateRepositoryTest -
                Started RateRepositoryTest in 8.616 seconds (JVM running for 70.194)
2022-01-07 14:45:33 [main] INFO  c.e.test.rate.service.RateService -
                Service Layer : New Rate details are added to RMS
2022-01-07 14:48:37 [restartedMain] INFO  c.e.test.rate.ManageRateApplication -
                Starting ManageRateApplication using Java 1.8.0_301 on DESKTOP-LMHFHK6 with PID 6876 (D:\manage-rate\target\classes started by dell in D:\manage-rate)
2022-01-07 14:48:37 [restartedMain] DEBUG c.e.test.rate.ManageRateApplication -
                Running with Spring Boot v2.5.8, Spring v5.3.14
2022-01-07 14:48:37 [restartedMain] INFO  c.e.test.rate.ManageRateApplication -
                No active profile set, falling back to default profiles: default
2022-01-07 14:49:12 [restartedMain] INFO  c.e.test.rate.ManageRateApplication -
                Started ManageRateApplication in 39.145 seconds (JVM running for 46.028)
2022-01-07 14:49:50 [hystrix-RateController-1] INFO  c.e.test.rate.service.RateService -
                Service Layer:Retrieve rate details from RMS by Rate ID
2022-01-07 14:49:50 [hystrix-RateController-2] INFO  c.e.test.rate.service.RateService -
                Service Layer:Retrieve rate details from RMS by Rate ID
2022-01-07 14:49:50 [hystrix-RateController-1] INFO  c.e.t.rate.controller.RateController -
                Inside Controller::Retrieve rate details from RMS by Rate ID
2022-01-07 14:49:50 [hystrix-RateController-2] INFO  c.e.t.rate.controller.RateController -
                Inside Controller::Retrieve rate details from RMS by Rate ID
2022-01-07 14:49:51 [hystrix-RateController-2] INFO  c.e.test.rate.service.RateService -
                Service Layer:Retrieve rate details from RMS by Rate ID
2022-01-07 14:49:51 [hystrix-RateController-1] INFO  c.e.test.rate.service.RateService -
                Service Layer:Retrieve rate details from RMS by Rate ID
2022-01-07 14:58:11 [restartedMain] INFO  c.e.test.rate.ManageRateApplication -
                Starting ManageRateApplication using Java 1.8.0_301 on DESKTOP-LMHFHK6 with PID 6876 (D:\manage-rate\target\classes started by dell in D:\manage-rate)
2022-01-07 14:58:11 [restartedMain] DEBUG c.e.test.rate.ManageRateApplication -
                Running with Spring Boot v2.5.8, Spring v5.3.14
2022-01-07 14:58:11 [restartedMain] INFO  c.e.test.rate.ManageRateApplication -
                No active profile set, falling back to default profiles: default
2022-01-07 14:58:33 [restartedMain] INFO  c.e.test.rate.ManageRateApplication -
                Starting ManageRateApplication using Java 1.8.0_301 on DESKTOP-LMHFHK6 with PID 6876 (D:\manage-rate\target\classes started by dell in D:\manage-rate)
2022-01-07 14:58:33 [restartedMain] DEBUG c.e.test.rate.ManageRateApplication -
                Running with Spring Boot v2.5.8, Spring v5.3.14
2022-01-07 14:58:33 [restartedMain] INFO  c.e.test.rate.ManageRateApplication -
                No active profile set, falling back to default profiles: default
2022-01-07 14:59:08 [main] INFO  c.e.t.rate.controller.RateController -
                Inside controller: Rate details deleted successfully for Rate ID: 2
2022-01-07 14:59:08 [main] INFO  c.e.t.rate.controller.RateController -
                Inside Controller::Retrieve rate details from RMS by Rate ID
2022-01-07 14:59:08 [main] INFO  c.e.t.rate.controller.RateController -
                Inside Controller:New Rate details are added to RMS
2022-01-07 14:59:13 [main] INFO  c.e.t.r.ManageRateApplicationTests -
                Starting ManageRateApplicationTests using Java 1.8.0_301 on DESKTOP-LMHFHK6 with PID 6072 (started by dell in D:\manage-rate)
2022-01-07 14:59:13 [main] DEBUG c.e.t.r.ManageRateApplicationTests -
                Running with Spring Boot v2.5.8, Spring v5.3.14
2022-01-07 14:59:13 [main] INFO  c.e.t.r.ManageRateApplicationTests -
                No active profile set, falling back to default profiles: default
2022-01-07 14:59:46 [main] INFO  c.e.t.r.ManageRateApplicationTests -
                Started ManageRateApplicationTests in 35.043 seconds (JVM running for 48.643)
2022-01-07 14:59:48 [main] INFO  c.e.t.r.r.RateRepositoryTest -
                Starting RateRepositoryTest using Java 1.8.0_301 on DESKTOP-LMHFHK6 with PID 6072 (started by dell in D:\manage-rate)
2022-01-07 14:59:48 [main] DEBUG c.e.t.r.r.RateRepositoryTest -
                Running with Spring Boot v2.5.8, Spring v5.3.14
2022-01-07 14:59:48 [main] INFO  c.e.t.r.r.RateRepositoryTest -
                No active profile set, falling back to default profiles: default
2022-01-07 14:59:50 [main] INFO  c.e.t.r.r.RateRepositoryTest -
                Started RateRepositoryTest in 3.428 seconds (JVM running for 52.701)
2022-01-07 14:59:53 [main] INFO  c.e.test.rate.service.RateService -
                Service Layer : New Rate details are added to RMS
2022-01-07 15:00:57 [restartedMain] INFO  c.e.test.rate.ManageRateApplication -
                Starting ManageRateApplication using Java 1.8.0_301 on DESKTOP-LMHFHK6 with PID 11172 (D:\manage-rate\target\classes started by dell in D:\manage-rate)
2022-01-07 15:00:57 [restartedMain] DEBUG c.e.test.rate.ManageRateApplication -
                Running with Spring Boot v2.5.8, Spring v5.3.14
2022-01-07 15:00:57 [restartedMain] INFO  c.e.test.rate.ManageRateApplication -
                No active profile set, falling back to default profiles: default
2022-01-07 15:04:37 [restartedMain] INFO  c.e.test.rate.ManageRateApplication -
                Starting ManageRateApplication using Java 1.8.0_301 on DESKTOP-LMHFHK6 with PID 6820 (D:\manage-rate\target\classes started by dell in D:\manage-rate)
2022-01-07 15:04:37 [restartedMain] DEBUG c.e.test.rate.ManageRateApplication -
                Running with Spring Boot v2.5.8, Spring v5.3.14
2022-01-07 15:04:37 [restartedMain] INFO  c.e.test.rate.ManageRateApplication -
                No active profile set, falling back to default profiles: default
2022-01-07 15:05:43 [restartedMain] INFO  c.e.test.rate.ManageRateApplication -
                Started ManageRateApplication in 69.256 seconds (JVM running for 76.669)
2022-01-07 15:12:30 [restartedMain] INFO  c.e.test.rate.ManageRateApplication -
                Starting ManageRateApplication using Java 1.8.0_301 on DESKTOP-LMHFHK6 with PID 5252 (D:\manage-rate\target\classes started by dell in D:\manage-rate)
2022-01-07 15:12:30 [restartedMain] DEBUG c.e.test.rate.ManageRateApplication -
                Running with Spring Boot v2.5.8, Spring v5.3.14
2022-01-07 15:12:30 [restartedMain] INFO  c.e.test.rate.ManageRateApplication -
                No active profile set, falling back to default profiles: default
2022-01-07 15:13:14 [restartedMain] INFO  c.e.test.rate.ManageRateApplication -
                Started ManageRateApplication in 48.69 seconds (JVM running for 52.77)
2022-01-07 15:16:29 [restartedMain] INFO  c.e.test.rate.ManageRateApplication -
                Starting ManageRateApplication using Java 1.8.0_301 on DESKTOP-LMHFHK6 with PID 15268 (D:\manage-rate\target\classes started by dell in D:\manage-rate)
2022-01-07 15:16:29 [restartedMain] DEBUG c.e.test.rate.ManageRateApplication -
                Running with Spring Boot v2.5.8, Spring v5.3.14
2022-01-07 15:16:29 [restartedMain] INFO  c.e.test.rate.ManageRateApplication -
                No active profile set, falling back to default profiles: default
2022-01-07 15:17:03 [restartedMain] INFO  c.e.test.rate.ManageRateApplication -
                Started ManageRateApplication in 37.896 seconds (JVM running for 45.444)
2022-01-07 15:19:41 [restartedMain] INFO  c.e.test.rate.ManageRateApplication -
                Starting ManageRateApplication using Java 1.8.0_301 on DESKTOP-LMHFHK6 with PID 8584 (D:\manage-rate\target\classes started by dell in D:\manage-rate)
2022-01-07 15:19:41 [restartedMain] DEBUG c.e.test.rate.ManageRateApplication -
                Running with Spring Boot v2.5.8, Spring v5.3.14
2022-01-07 15:19:41 [restartedMain] INFO  c.e.test.rate.ManageRateApplication -
                No active profile set, falling back to default profiles: default
2022-01-07 15:20:20 [restartedMain] INFO  c.e.test.rate.ManageRateApplication -
                Started ManageRateApplication in 42.116 seconds (JVM running for 45.842)
2022-01-07 15:20:52 [restartedMain] INFO  c.e.test.rate.ManageRateApplication -
                Starting ManageRateApplication using Java 1.8.0_301 on DESKTOP-LMHFHK6 with PID 7396 (D:\manage-rate\target\classes started by dell in D:\manage-rate)
2022-01-07 15:20:52 [restartedMain] DEBUG c.e.test.rate.ManageRateApplication -
                Running with Spring Boot v2.5.8, Spring v5.3.14
2022-01-07 15:20:52 [restartedMain] INFO  c.e.test.rate.ManageRateApplication -
                No active profile set, falling back to default profiles: default
2022-01-07 15:21:28 [restartedMain] INFO  c.e.test.rate.ManageRateApplication -
                Started ManageRateApplication in 40.06 seconds (JVM running for 45.621)
2022-01-07 15:37:37 [restartedMain] INFO  c.e.test.rate.ManageRateApplication -
                Starting ManageRateApplication using Java 1.8.0_301 on DESKTOP-LMHFHK6 with PID 7396 (D:\manage-rate\target\classes started by dell in D:\manage-rate)
2022-01-07 15:37:37 [restartedMain] DEBUG c.e.test.rate.ManageRateApplication -
                Running with Spring Boot v2.5.8, Spring v5.3.14
2022-01-07 15:37:37 [restartedMain] INFO  c.e.test.rate.ManageRateApplication -
                No active profile set, falling back to default profiles: default
2022-01-07 15:38:11 [main] INFO  c.e.t.rate.controller.RateController -
                Inside controller: Rate details deleted successfully for Rate ID: 2
2022-01-07 15:38:12 [main] INFO  c.e.t.rate.controller.RateController -
                Inside Controller::Retrieve rate details from RMS by Rate ID
2022-01-07 15:38:15 [main] INFO  c.e.t.rate.controller.RateController -
                Inside Controller:New Rate details are added to RMS
2022-01-07 15:38:18 [restartedMain] INFO  c.e.test.rate.ManageRateApplication -
                Started ManageRateApplication in 42.883 seconds (JVM running for 1055.541)
2022-01-07 15:38:22 [main] INFO  c.e.t.r.ManageRateApplicationTests -
                Starting ManageRateApplicationTests using Java 1.8.0_301 on DESKTOP-LMHFHK6 with PID 9272 (started by dell in D:\manage-rate)
2022-01-07 15:38:22 [main] DEBUG c.e.t.r.ManageRateApplicationTests -
                Running with Spring Boot v2.5.8, Spring v5.3.14
2022-01-07 15:38:22 [main] INFO  c.e.t.r.ManageRateApplicationTests -
                No active profile set, falling back to default profiles: default
2022-01-07 15:39:26 [main] INFO  c.e.t.r.ManageRateApplicationTests -
                Started ManageRateApplicationTests in 68.491 seconds (JVM running for 110.767)
2022-01-07 15:39:32 [main] INFO  c.e.t.r.r.RateRepositoryTest -
                Starting RateRepositoryTest using Java 1.8.0_301 on DESKTOP-LMHFHK6 with PID 9272 (started by dell in D:\manage-rate)
2022-01-07 15:39:32 [main] DEBUG c.e.t.r.r.RateRepositoryTest -
                Running with Spring Boot v2.5.8, Spring v5.3.14
2022-01-07 15:39:32 [main] INFO  c.e.t.r.r.RateRepositoryTest -
                No active profile set, falling back to default profiles: default
2022-01-07 15:39:50 [main] INFO  c.e.t.r.r.RateRepositoryTest -
                Started RateRepositoryTest in 20.032 seconds (JVM running for 134.556)
2022-01-07 15:39:59 [main] INFO  c.e.test.rate.service.RateService -
                Service Layer : New Rate details are added to RMS
2022-01-07 15:41:41 [restartedMain] INFO  c.e.test.rate.ManageRateApplication -
                Starting ManageRateApplication using Java 1.8.0_301 on DESKTOP-LMHFHK6 with PID 7396 (D:\manage-rate\target\classes started by dell in D:\manage-rate)
2022-01-07 15:41:41 [restartedMain] DEBUG c.e.test.rate.ManageRateApplication -
                Running with Spring Boot v2.5.8, Spring v5.3.14
2022-01-07 15:41:41 [restartedMain] INFO  c.e.test.rate.ManageRateApplication -
                No active profile set, falling back to default profiles: default
2022-01-07 15:42:33 [restartedMain] INFO  c.e.test.rate.ManageRateApplication -
                Started ManageRateApplication in 53.367 seconds (JVM running for 1309.805)
2022-01-07 15:42:49 [restartedMain] INFO  c.e.test.rate.ManageRateApplication -
                Starting ManageRateApplication using Java 1.8.0_301 on DESKTOP-LMHFHK6 with PID 7396 (D:\manage-rate\target\classes started by dell in D:\manage-rate)
2022-01-07 15:42:49 [restartedMain] DEBUG c.e.test.rate.ManageRateApplication -
                Running with Spring Boot v2.5.8, Spring v5.3.14
2022-01-07 15:42:49 [restartedMain] INFO  c.e.test.rate.ManageRateApplication -
                No active profile set, falling back to default profiles: default
2022-01-07 15:43:01 [main] INFO  c.e.t.r.ManageRateApplicationTests -
                Starting ManageRateApplicationTests using Java 1.8.0_301 on DESKTOP-LMHFHK6 with PID 14512 (started by dell in D:\manage-rate)
2022-01-07 15:43:01 [main] DEBUG c.e.t.r.ManageRateApplicationTests -
                Running with Spring Boot v2.5.8, Spring v5.3.14
2022-01-07 15:43:01 [main] INFO  c.e.t.r.ManageRateApplicationTests -
                No active profile set, falling back to default profiles: default
2022-01-07 15:43:31 [restartedMain] INFO  c.e.test.rate.ManageRateApplication -
                Started ManageRateApplication in 47.493 seconds (JVM running for 1368.28)
2022-01-07 15:44:19 [main] INFO  c.e.t.r.ManageRateApplicationTests -
                Started ManageRateApplicationTests in 83.559 seconds (JVM running for 127.055)
2022-01-07 15:44:29 [main] INFO  c.e.t.r.r.RateRepositoryTest -
                Starting RateRepositoryTest using Java 1.8.0_301 on DESKTOP-LMHFHK6 with PID 14512 (started by dell in D:\manage-rate)
2022-01-07 15:44:29 [main] DEBUG c.e.t.r.r.RateRepositoryTest -
                Running with Spring Boot v2.5.8, Spring v5.3.14
2022-01-07 15:44:29 [main] INFO  c.e.t.r.r.RateRepositoryTest -
                No active profile set, falling back to default profiles: default
2022-01-07 15:44:39 [main] INFO  c.e.t.r.r.RateRepositoryTest -
                Started RateRepositoryTest in 10.733 seconds (JVM running for 147.469)
2022-01-07 15:44:41 [main] INFO  c.e.test.rate.service.RateService -
                Service Layer : New Rate details are added to RMS
2022-01-07 15:53:23 [main] INFO  c.e.t.rate.controller.RateController -
                Inside controller: Rate details deleted successfully for Rate ID: 2
2022-01-07 15:53:24 [main] INFO  c.e.t.rate.controller.RateController -
                Inside Controller::Retrieve rate details from RMS by Rate ID
2022-01-07 15:53:25 [main] INFO  c.e.t.rate.controller.RateController -
                Inside Controller:New Rate details are added to RMS
2022-01-07 15:53:28 [main] INFO  c.e.t.r.ManageRateApplicationTests -
                Starting ManageRateApplicationTests using Java 1.8.0_301 on DESKTOP-LMHFHK6 with PID 14464 (started by dell in D:\manage-rate)
2022-01-07 15:53:28 [main] DEBUG c.e.t.r.ManageRateApplicationTests -
                Running with Spring Boot v2.5.8, Spring v5.3.14
2022-01-07 15:53:28 [main] INFO  c.e.t.r.ManageRateApplicationTests -
                No active profile set, falling back to default profiles: default
2022-01-07 15:54:28 [main] INFO  c.e.t.r.ManageRateApplicationTests -
                Started ManageRateApplicationTests in 61.628 seconds (JVM running for 84.549)
2022-01-07 15:54:32 [main] INFO  c.e.t.r.r.RateRepositoryTest -
                Starting RateRepositoryTest using Java 1.8.0_301 on DESKTOP-LMHFHK6 with PID 14464 (started by dell in D:\manage-rate)
2022-01-07 15:54:32 [main] DEBUG c.e.t.r.r.RateRepositoryTest -
                Running with Spring Boot v2.5.8, Spring v5.3.14
2022-01-07 15:54:32 [main] INFO  c.e.t.r.r.RateRepositoryTest -
                No active profile set, falling back to default profiles: default
2022-01-07 15:54:45 [main] INFO  c.e.t.r.r.RateRepositoryTest -
                Started RateRepositoryTest in 15.444 seconds (JVM running for 101.729)
2022-01-07 15:54:48 [main] INFO  c.e.test.rate.service.RateService -
                Service Layer : New Rate details are added to RMS
2022-01-07 15:56:55 [restartedMain] INFO  c.e.test.rate.ManageRateApplication -
                Starting ManageRateApplication using Java 1.8.0_301 on DESKTOP-LMHFHK6 with PID 14392 (D:\manage-rate\target\classes started by dell in D:\manage-rate)
2022-01-07 15:56:55 [restartedMain] DEBUG c.e.test.rate.ManageRateApplication -
                Running with Spring Boot v2.5.8, Spring v5.3.14
2022-01-07 15:56:55 [restartedMain] INFO  c.e.test.rate.ManageRateApplication -
                No active profile set, falling back to default profiles: default
2022-01-07 15:57:50 [restartedMain] INFO  c.e.test.rate.ManageRateApplication -
                Started ManageRateApplication in 60.051 seconds (JVM running for 65.478)
2022-01-07 16:01:25 [restartedMain] INFO  c.e.test.rate.ManageRateApplication -
                Starting ManageRateApplication using Java 1.8.0_301 on DESKTOP-LMHFHK6 with PID 10824 (D:\manage-rate\target\classes started by dell in D:\manage-rate)
2022-01-07 16:01:25 [restartedMain] DEBUG c.e.test.rate.ManageRateApplication -
                Running with Spring Boot v2.5.8, Spring v5.3.14
2022-01-07 16:01:25 [restartedMain] INFO  c.e.test.rate.ManageRateApplication -
                No active profile set, falling back to default profiles: default
2022-01-07 16:02:25 [restartedMain] INFO  c.e.test.rate.ManageRateApplication -
                Started ManageRateApplication in 67.535 seconds (JVM running for 73.825)
2022-01-07 16:03:10 [hystrix-RateController-1] INFO  c.e.test.rate.service.RateService -
                Service Layer:Retrieve rate details from RMS by Rate ID
2022-01-07 16:03:10 [hystrix-RateController-1] INFO  c.e.t.rate.controller.RateController -
                Inside Controller::Retrieve rate details from RMS by Rate ID
2022-01-07 16:03:10 [hystrix-RateController-1] INFO  c.e.test.rate.service.RateService -
                Service Layer:Retrieve rate details from RMS by Rate ID
2022-01-07 16:03:36 [hystrix-RateController-2] INFO  c.e.test.rate.service.RateService -
                Service Layer:Retrieve rate details from RMS by Rate ID
2022-01-07 16:03:36 [hystrix-RateController-2] INFO  c.e.t.rate.controller.RateController -
                Inside Controller::Retrieve rate details from RMS by Rate ID
2022-01-07 16:03:36 [hystrix-RateController-2] INFO  c.e.test.rate.service.RateService -
                Service Layer:Retrieve rate details from RMS by Rate ID
2022-01-07 16:22:04 [hystrix-RateController-3] INFO  c.e.test.rate.service.RateService -
                Service Layer:Retrieve rate details from RMS by Rate ID
2022-01-07 16:22:04 [hystrix-RateController-3] INFO  c.e.t.rate.controller.RateController -
                Inside Controller::Retrieve rate details from RMS by Rate ID
2022-01-07 16:22:04 [hystrix-RateController-3] INFO  c.e.test.rate.service.RateService -
                Service Layer:Retrieve rate details from RMS by Rate ID
2022-01-07 16:26:26 [hystrix-RateController-4] INFO  c.e.test.rate.service.RateService -
                Service Layer:Retrieve rate details from RMS by Rate ID
2022-01-07 16:26:26 [hystrix-RateController-4] INFO  c.e.t.rate.controller.RateController -
                Inside Controller::Retrieve rate details from RMS by Rate ID
2022-01-07 16:26:26 [hystrix-RateController-4] INFO  c.e.test.rate.service.RateService -
                Service Layer:Retrieve rate details from RMS by Rate ID
2022-01-07 16:26:59 [hystrix-RateController-5] INFO  c.e.test.rate.service.RateService -
                Service Layer:Retrieve rate details from RMS by Rate ID
2022-01-07 16:26:59 [hystrix-RateController-5] INFO  c.e.t.rate.controller.RateController -
                Inside Controller::Retrieve rate details from RMS by Rate ID
2022-01-07 16:26:59 [hystrix-RateController-5] INFO  c.e.test.rate.service.RateService -
                Service Layer:Retrieve rate details from RMS by Rate ID
2022-01-07 16:27:11 [hystrix-RateController-6] INFO  c.e.test.rate.service.RateService -
                Service Layer:Retrieve rate details from RMS by Rate ID
2022-01-07 16:27:11 [hystrix-RateController-6] INFO  c.e.t.rate.controller.RateController -
                Inside Controller::Retrieve rate details from RMS by Rate ID
2022-01-07 16:27:11 [hystrix-RateController-6] INFO  c.e.test.rate.service.RateService -
                Service Layer:Retrieve rate details from RMS by Rate ID
2022-01-07 16:27:25 [hystrix-RateController-7] INFO  c.e.test.rate.service.RateService -
                Service Layer:Retrieve rate details from RMS by Rate ID
2022-01-07 16:27:25 [hystrix-RateController-7] INFO  c.e.t.rate.controller.RateController -
                Inside Controller::Retrieve rate details from RMS by Rate ID
2022-01-07 16:27:25 [hystrix-RateController-7] INFO  c.e.test.rate.service.RateService -
                Service Layer:Retrieve rate details from RMS by Rate ID
2022-01-07 16:28:39 [hystrix-RateController-8] INFO  c.e.test.rate.service.RateService -
                Service Layer:Retrieve rate details from RMS by Rate ID
2022-01-07 16:28:39 [hystrix-RateController-8] INFO  c.e.t.rate.controller.RateController -
                Inside Controller::Retrieve rate details from RMS by Rate ID
2022-01-07 16:28:40 [hystrix-RateController-8] INFO  c.e.test.rate.service.RateService -
                Service Layer:Retrieve rate details from RMS by Rate ID
2022-01-07 17:17:16 [restartedMain] INFO  c.e.test.rate.ManageRateApplication -
                Starting ManageRateApplication using Java 1.8.0_301 on DESKTOP-LMHFHK6 with PID 1888 (D:\manage-rate\target\classes started by dell in D:\manage-rate)
2022-01-07 17:17:16 [restartedMain] DEBUG c.e.test.rate.ManageRateApplication -
                Running with Spring Boot v2.5.8, Spring v5.3.14
2022-01-07 17:17:16 [restartedMain] INFO  c.e.test.rate.ManageRateApplication -
                No active profile set, falling back to default profiles: default
2022-01-07 17:19:15 [restartedMain] INFO  c.e.test.rate.ManageRateApplication -
                Starting ManageRateApplication using Java 1.8.0_301 on DESKTOP-LMHFHK6 with PID 9088 (D:\manage-rate\target\classes started by dell in D:\manage-rate)
2022-01-07 17:19:15 [restartedMain] DEBUG c.e.test.rate.ManageRateApplication -
                Running with Spring Boot v2.5.8, Spring v5.3.14
2022-01-07 17:19:15 [restartedMain] INFO  c.e.test.rate.ManageRateApplication -
                No active profile set, falling back to default profiles: default
2022-01-07 17:22:03 [restartedMain] INFO  c.e.test.rate.ManageRateApplication -
                Starting ManageRateApplication using Java 1.8.0_301 on DESKTOP-LMHFHK6 with PID 6568 (D:\manage-rate\target\classes started by dell in D:\manage-rate)
2022-01-07 17:22:03 [restartedMain] DEBUG c.e.test.rate.ManageRateApplication -
                Running with Spring Boot v2.5.8, Spring v5.3.14
2022-01-07 17:22:03 [restartedMain] INFO  c.e.test.rate.ManageRateApplication -
                No active profile set, falling back to default profiles: default
2022-01-07 17:25:28 [restartedMain] INFO  c.e.test.rate.ManageRateApplication -
                Starting ManageRateApplication using Java 1.8.0_301 on DESKTOP-LMHFHK6 with PID 2664 (D:\manage-rate\target\classes started by dell in D:\manage-rate)
2022-01-07 17:25:28 [restartedMain] DEBUG c.e.test.rate.ManageRateApplication -
                Running with Spring Boot v2.5.8, Spring v5.3.14
2022-01-07 17:25:28 [restartedMain] INFO  c.e.test.rate.ManageRateApplication -
                No active profile set, falling back to default profiles: default
2022-01-07 17:26:16 [restartedMain] INFO  c.e.test.rate.ManageRateApplication -
                Started ManageRateApplication in 53.173 seconds (JVM running for 57.168)
2022-01-07 17:26:56 [HystrixTimer-1] ERROR c.e.t.rate.controller.RateController -
                Inside get controller Hystrix timeout error
2022-01-07 17:27:01 [hystrix-RateController-1] ERROR c.e.test.rate.service.RateService -
                Service Layer: RateId not found in RMS
2022-01-07 17:27:06 [hystrix-RateController-2] ERROR c.e.test.rate.service.RateService -
                Service Layer: RateId not found in RMS
2022-01-07 17:37:07 [hystrix-RateController-3] ERROR c.e.test.rate.service.RateService -
                Service Layer: RateId not found in RMS
2022-01-07 18:09:58 [HystrixTimer-4] ERROR c.e.t.rate.controller.RateController -
                Hystrix timeout error
2022-01-07 18:11:21 [hystrix-RateController-9] INFO  c.e.test.rate.service.RateService -
                Service Layer : New Rate details are added to RMS
2022-01-07 18:11:21 [hystrix-RateController-9] INFO  c.e.t.rate.controller.RateController -
                Inside Controller:New Rate details are added to RMS
2022-01-07 18:11:31 [hystrix-RateController-10] ERROR c.e.t.rate.controller.RateController -
                Inside get controller Hystrix timeout error
2022-01-07 18:11:34 [hystrix-RateController-10] ERROR c.e.t.rate.controller.RateController -
                Inside get controller Hystrix timeout error
2022-01-07 18:11:38 [hystrix-RateController-10] ERROR c.e.t.rate.controller.RateController -
                Inside get controller Hystrix timeout error
2022-01-07 18:11:53 [http-nio-9002-exec-7] INFO  c.e.t.rate.controller.RateController -
                Inside controller: Rate details updated successfully for Rate ID: 1
2022-01-07 18:11:53 [updateExecutor-1] INFO  c.e.test.rate.service.RateService -
                Service Layer:Rate details updated successfully for Rate ID: 1
2022-01-07 18:12:04 [hystrix-RateController-10] INFO  c.e.test.rate.service.RateService -
                Service Layer : New Rate details are added to RMS
2022-01-07 18:12:04 [hystrix-RateController-10] INFO  c.e.t.rate.controller.RateController -
                Inside Controller:New Rate details are added to RMS
2022-01-07 18:12:06 [hystrix-RateController-10] INFO  c.e.test.rate.service.RateService -
                Service Layer : New Rate details are added to RMS
2022-01-07 18:12:06 [hystrix-RateController-10] INFO  c.e.t.rate.controller.RateController -
                Inside Controller:New Rate details are added to RMS
2022-01-07 18:12:11 [hystrix-RateController-10] ERROR c.e.test.rate.service.RateService -
                Service Layer Delete:RateId not found in RMS
2022-01-07 18:12:15 [hystrix-RateController-10] INFO  c.e.test.rate.service.RateService -
                Service Layer:Rate details deleted successfully for Rate ID: 1
2022-01-07 18:12:15 [hystrix-RateController-10] INFO  c.e.t.rate.controller.RateController -
                Inside controller: Rate details deleted successfully for Rate ID: 1
2022-01-07 18:12:23 [hystrix-RateController-10] ERROR c.e.t.rate.controller.RateController -
                Inside get controller Hystrix timeout error
2022-01-07 18:19:42 [hystrix-RateController-10] ERROR c.e.t.rate.controller.RateController -
                Inside get controller Hystrix timeout error
2022-01-07 18:19:48 [hystrix-RateController-10] ERROR c.e.t.rate.controller.RateController -
                Inside get controller Hystrix timeout error
2022-01-07 19:29:07 [main] INFO  c.e.t.rate.controller.RateController -
                Inside controller: Rate details deleted successfully for Rate ID: 2
2022-01-07 19:29:07 [main] INFO  c.e.t.rate.controller.RateController -
                Inside Controller::Retrieve rate details from RMS by Rate ID
2022-01-07 19:29:08 [main] INFO  c.e.t.rate.controller.RateController -
                Inside Controller:New Rate details are added to RMS
2022-01-07 19:29:11 [main] INFO  c.e.t.r.ManageRateApplicationTests -
                Starting ManageRateApplicationTests using Java 1.8.0_301 on DESKTOP-LMHFHK6 with PID 11196 (started by dell in D:\manage-rate)
2022-01-07 19:29:11 [main] DEBUG c.e.t.r.ManageRateApplicationTests -
                Running with Spring Boot v2.5.8, Spring v5.3.14
2022-01-07 19:29:11 [main] INFO  c.e.t.r.ManageRateApplicationTests -
                No active profile set, falling back to default profiles: default
2022-01-07 19:29:37 [main] INFO  c.e.t.r.ManageRateApplicationTests -
                Started ManageRateApplicationTests in 27.372 seconds (JVM running for 41.55)
2022-01-07 19:29:38 [main] INFO  c.e.t.r.r.RateRepositoryTest -
                Starting RateRepositoryTest using Java 1.8.0_301 on DESKTOP-LMHFHK6 with PID 11196 (started by dell in D:\manage-rate)
2022-01-07 19:29:38 [main] DEBUG c.e.t.r.r.RateRepositoryTest -
                Running with Spring Boot v2.5.8, Spring v5.3.14
2022-01-07 19:29:38 [main] INFO  c.e.t.r.r.RateRepositoryTest -
                No active profile set, falling back to default profiles: default
2022-01-07 19:29:39 [main] INFO  c.e.t.r.r.RateRepositoryTest -
                Started RateRepositoryTest in 2.297 seconds (JVM running for 44.413)
2022-01-07 19:29:41 [main] INFO  c.e.test.rate.service.RateService -
                Service Layer : New Rate details are added to RMS
