2022-01-06 00:02:32 [restartedMain] INFO  c.e.test.rate.ManageRateApplication -
                Starting ManageRateApplication using Java 1.8.0_301 on DESKTOP-LMHFHK6 with PID 13632 (D:\manage-rate\target\classes started by dell in D:\manage-rate)
2022-01-06 00:02:32 [restartedMain] DEBUG c.e.test.rate.ManageRateApplication -
                Running with Spring Boot v2.6.2, Spring v5.3.14
2022-01-06 00:02:32 [restartedMain] INFO  c.e.test.rate.ManageRateApplication -
                No active profile set, falling back to default profiles: default
2022-01-06 00:02:58 [restartedMain] INFO  c.e.test.rate.ManageRateApplication -
                Started ManageRateApplication in 29.116 seconds (JVM running for 33.601)
2022-01-06 00:05:13 [HystrixTimer-1] INFO  c.e.test.rate.service.RateService -
                Service Layer : New Rate details are added to RMS
2022-01-06 00:05:13 [HystrixTimer-1] ERROR c.e.t.rate.controller.RateController -
                Hystrix timeout error
2022-01-06 00:05:24 [hystrix-RateController-2] INFO  c.e.test.rate.service.RateService -
                Service Layer : New Rate details are added to RMS
2022-01-06 00:05:24 [hystrix-RateController-2] INFO  c.e.t.rate.controller.RateController -
                Inside Controller:New Rate details are added to RMS
2022-01-06 10:04:16 [restartedMain] INFO  c.e.test.rate.ManageRateApplication -
                Starting ManageRateApplication using Java 1.8.0_301 on DESKTOP-LMHFHK6 with PID 8956 (D:\manage-rate\target\classes started by dell in D:\manage-rate)
2022-01-06 10:04:16 [restartedMain] DEBUG c.e.test.rate.ManageRateApplication -
                Running with Spring Boot v2.6.2, Spring v5.3.14
2022-01-06 10:04:16 [restartedMain] INFO  c.e.test.rate.ManageRateApplication -
                No active profile set, falling back to default profiles: default
2022-01-06 10:04:39 [restartedMain] INFO  c.e.test.rate.ManageRateApplication -
                Started ManageRateApplication in 26.235 seconds (JVM running for 29.627)
2022-01-06 10:07:11 [HystrixTimer-1] INFO  c.e.test.rate.service.RateService -
                Service Layer:Retrieve rate details from RMS by Rate ID
2022-01-06 10:07:11 [HystrixTimer-1] INFO  c.e.t.rate.controller.RateController -
                Inside Controller::Retrieve rate details from RMS by Rate ID
2022-01-06 10:07:11 [hystrix-RateController-1] INFO  c.e.test.rate.service.RateService -
                Service Layer:Retrieve rate details from RMS by Rate ID
2022-01-06 10:07:11 [hystrix-RateController-1] INFO  c.e.t.rate.controller.RateController -
                Inside Controller::Retrieve rate details from RMS by Rate ID
2022-01-06 10:07:11 [HystrixTimer-1] INFO  c.e.test.rate.service.RateService -
                Service Layer:Retrieve rate details from RMS by Rate ID
2022-01-06 10:07:12 [hystrix-RateController-1] INFO  c.e.test.rate.service.RateService -
                Service Layer:Retrieve rate details from RMS by Rate ID
2022-01-06 10:09:56 [main] INFO  c.e.t.rate.controller.RateController -
                Inside controller: Rate details deleted successfully for Rate ID: 2
2022-01-06 10:09:57 [main] INFO  c.e.t.rate.controller.RateController -
                Inside Controller:New Rate details are added to RMS
2022-01-06 10:09:57 [main] INFO  c.e.t.rate.controller.RateController -
                Inside Controller::Retrieve rate details from RMS by Rate ID
2022-01-06 10:10:01 [main] INFO  c.e.t.r.ManageRateApplicationTests -
                Starting ManageRateApplicationTests using Java 1.8.0_301 on DESKTOP-LMHFHK6 with PID 7024 (started by dell in D:\manage-rate)
2022-01-06 10:10:01 [main] DEBUG c.e.t.r.ManageRateApplicationTests -
                Running with Spring Boot v2.6.2, Spring v5.3.14
2022-01-06 10:10:01 [main] INFO  c.e.t.r.ManageRateApplicationTests -
                No active profile set, falling back to default profiles: default
2022-01-06 10:10:25 [main] INFO  c.e.t.r.ManageRateApplicationTests -
                Started ManageRateApplicationTests in 25.032 seconds (JVM running for 38.379)
2022-01-06 10:10:26 [main] INFO  c.e.t.r.r.RateRepositoryTest -
                Starting RateRepositoryTest using Java 1.8.0_301 on DESKTOP-LMHFHK6 with PID 7024 (started by dell in D:\manage-rate)
2022-01-06 10:10:26 [main] DEBUG c.e.t.r.r.RateRepositoryTest -
                Running with Spring Boot v2.6.2, Spring v5.3.14
2022-01-06 10:10:26 [main] INFO  c.e.t.r.r.RateRepositoryTest -
                No active profile set, falling back to default profiles: default
2022-01-06 10:10:28 [main] INFO  c.e.t.r.r.RateRepositoryTest -
                Started RateRepositoryTest in 2.876 seconds (JVM running for 41.679)
2022-01-06 10:10:30 [main] INFO  c.e.test.rate.service.RateService -
                Service Layer : New Rate details are added to RMS
2022-01-06 10:11:37 [restartedMain] INFO  c.e.test.rate.ManageRateApplication -
                Starting ManageRateApplication using Java 1.8.0_301 on DESKTOP-LMHFHK6 with PID 12472 (D:\manage-rate\target\classes started by dell in D:\manage-rate)
2022-01-06 10:11:37 [restartedMain] DEBUG c.e.test.rate.ManageRateApplication -
                Running with Spring Boot v2.6.2, Spring v5.3.14
2022-01-06 10:11:37 [restartedMain] INFO  c.e.test.rate.ManageRateApplication -
                No active profile set, falling back to default profiles: default
2022-01-06 10:11:59 [restartedMain] INFO  c.e.test.rate.ManageRateApplication -
                Started ManageRateApplication in 25.851 seconds (JVM running for 29.271)
2022-01-06 10:12:20 [hystrix-RateController-1] INFO  c.e.test.rate.service.RateService -
                Service Layer:Retrieve rate details from RMS by Rate ID
2022-01-06 10:12:20 [HystrixTimer-1] INFO  c.e.test.rate.service.RateService -
                Service Layer:Retrieve rate details from RMS by Rate ID
2022-01-06 10:12:20 [hystrix-RateController-1] INFO  c.e.t.rate.controller.RateController -
                Inside Controller::Retrieve rate details from RMS by Rate ID
2022-01-06 10:12:20 [HystrixTimer-1] ERROR c.e.t.rate.controller.RateController -
                Inside get controller Hystrix timeout error
2022-01-06 10:12:20 [hystrix-RateController-1] INFO  c.e.test.rate.service.RateService -
                Service Layer:Retrieve rate details from RMS by Rate ID
2022-01-06 10:12:21 [HystrixTimer-1] INFO  c.e.test.rate.service.RateService -
                Service Layer:Retrieve rate details from RMS by Rate ID
2022-01-06 10:12:43 [hystrix-RateController-2] INFO  c.e.test.rate.service.RateService -
                Service Layer:Retrieve rate details from RMS by Rate ID
2022-01-06 10:12:43 [hystrix-RateController-2] INFO  c.e.t.rate.controller.RateController -
                Inside Controller::Retrieve rate details from RMS by Rate ID
2022-01-06 10:12:43 [hystrix-RateController-2] INFO  c.e.test.rate.service.RateService -
                Service Layer:Retrieve rate details from RMS by Rate ID
2022-01-06 10:12:44 [HystrixTimer-1] INFO  c.e.test.rate.service.RateService -
                Service Layer:Retrieve rate details from RMS by Rate ID
2022-01-06 10:12:44 [HystrixTimer-1] ERROR c.e.t.rate.controller.RateController -
                Inside get controller Hystrix timeout error
2022-01-06 10:12:44 [HystrixTimer-1] INFO  c.e.test.rate.service.RateService -
                Service Layer:Retrieve rate details from RMS by Rate ID
2022-01-06 10:12:49 [hystrix-RateController-3] ERROR c.e.test.rate.service.RateService -
                Service Layer: RateId not found in RMS
2022-01-06 10:12:49 [hystrix-RateController-3] ERROR c.e.test.rate.service.RateService -
                Service Layer: RateId not found in RMS
2022-01-06 10:12:57 [hystrix-RateController-4] INFO  c.e.test.rate.service.RateService -
                Service Layer:Retrieve rate details from RMS by Rate ID
2022-01-06 10:12:57 [hystrix-RateController-4] INFO  c.e.t.rate.controller.RateController -
                Inside Controller::Retrieve rate details from RMS by Rate ID
2022-01-06 10:12:57 [hystrix-RateController-4] INFO  c.e.test.rate.service.RateService -
                Service Layer:Retrieve rate details from RMS by Rate ID
2022-01-06 10:12:58 [HystrixTimer-1] INFO  c.e.test.rate.service.RateService -
                Service Layer:Retrieve rate details from RMS by Rate ID
2022-01-06 10:12:58 [HystrixTimer-1] ERROR c.e.t.rate.controller.RateController -
                Inside get controller Hystrix timeout error
2022-01-06 10:12:58 [HystrixTimer-1] INFO  c.e.test.rate.service.RateService -
                Service Layer:Retrieve rate details from RMS by Rate ID
2022-01-06 10:17:12 [restartedMain] INFO  c.e.test.rate.ManageRateApplication -
                Starting ManageRateApplication using Java 1.8.0_301 on DESKTOP-LMHFHK6 with PID 12696 (D:\manage-rate\target\classes started by dell in D:\manage-rate)
2022-01-06 10:17:12 [restartedMain] DEBUG c.e.test.rate.ManageRateApplication -
                Running with Spring Boot v2.6.2, Spring v5.3.14
2022-01-06 10:17:12 [restartedMain] INFO  c.e.test.rate.ManageRateApplication -
                No active profile set, falling back to default profiles: default
2022-01-06 10:17:37 [restartedMain] INFO  c.e.test.rate.ManageRateApplication -
                Started ManageRateApplication in 28.413 seconds (JVM running for 32.503)
2022-01-06 10:18:46 [HystrixTimer-1] ERROR c.e.t.rate.controller.RateController -
                Inside get controller Hystrix timeout error
2022-01-06 10:18:48 [hystrix-RateController-1] INFO  c.e.test.rate.service.RateService -
                Service Layer:Retrieve rate details from RMS by Rate ID
2022-01-06 10:18:48 [hystrix-RateController-1] INFO  c.e.t.rate.controller.RateController -
                Inside Controller::Retrieve rate details from RMS by Rate ID
2022-01-06 10:18:48 [hystrix-RateController-1] INFO  c.e.test.rate.service.RateService -
                Service Layer:Retrieve rate details from RMS by Rate ID
2022-01-06 10:31:06 [restartedMain] INFO  c.e.test.rate.ManageRateApplication -
                Starting ManageRateApplication using Java 1.8.0_301 on DESKTOP-LMHFHK6 with PID 13956 (D:\manage-rate\target\classes started by dell in D:\manage-rate)
2022-01-06 10:31:06 [restartedMain] DEBUG c.e.test.rate.ManageRateApplication -
                Running with Spring Boot v2.6.2, Spring v5.3.14
2022-01-06 10:31:06 [restartedMain] INFO  c.e.test.rate.ManageRateApplication -
                No active profile set, falling back to default profiles: default
2022-01-06 10:31:33 [restartedMain] INFO  c.e.test.rate.ManageRateApplication -
                Started ManageRateApplication in 31.591 seconds (JVM running for 36.352)
2022-01-06 10:31:58 [HystrixTimer-1] ERROR c.e.t.rate.controller.RateController -
                Inside get controller Hystrix timeout error
2022-01-06 10:32:00 [hystrix-RateController-1] INFO  c.e.test.rate.service.RateService -
                Service Layer:Retrieve rate details from RMS by Rate ID
2022-01-06 10:32:00 [hystrix-RateController-1] INFO  c.e.t.rate.controller.RateController -
                Inside Controller::Retrieve rate details from RMS by Rate ID
2022-01-06 10:32:00 [hystrix-RateController-1] INFO  c.e.test.rate.service.RateService -
                Service Layer:Retrieve rate details from RMS by Rate ID
2022-01-06 10:33:37 [restartedMain] INFO  c.e.test.rate.ManageRateApplication -
                Starting ManageRateApplication using Java 1.8.0_301 on DESKTOP-LMHFHK6 with PID 10928 (D:\manage-rate\target\classes started by dell in D:\manage-rate)
2022-01-06 10:33:37 [restartedMain] DEBUG c.e.test.rate.ManageRateApplication -
                Running with Spring Boot v2.6.2, Spring v5.3.14
2022-01-06 10:33:37 [restartedMain] INFO  c.e.test.rate.ManageRateApplication -
                No active profile set, falling back to default profiles: default
2022-01-06 10:34:01 [restartedMain] INFO  c.e.test.rate.ManageRateApplication -
                Started ManageRateApplication in 26.574 seconds (JVM running for 29.265)
2022-01-06 10:34:37 [HystrixTimer-1] ERROR c.e.t.rate.controller.RateController -
                Inside get controller Hystrix timeout error
2022-01-06 10:34:38 [hystrix-RateController-1] INFO  c.e.test.rate.service.RateService -
                Service Layer:Retrieve rate details from RMS by Rate ID
2022-01-06 10:34:38 [hystrix-RateController-1] INFO  c.e.t.rate.controller.RateController -
                Inside Controller::Retrieve rate details from RMS by Rate ID
2022-01-06 10:34:39 [hystrix-RateController-1] INFO  c.e.test.rate.service.RateService -
                Service Layer:Retrieve rate details from RMS by Rate ID
2022-01-06 10:36:00 [HystrixTimer-1] ERROR c.e.t.rate.controller.RateController -
                Inside get controller Hystrix timeout error
2022-01-06 10:36:01 [hystrix-RateController-2] INFO  c.e.test.rate.service.RateService -
                Service Layer:Retrieve rate details from RMS by Rate ID
2022-01-06 10:36:01 [hystrix-RateController-2] INFO  c.e.t.rate.controller.RateController -
                Inside Controller::Retrieve rate details from RMS by Rate ID
2022-01-06 10:36:01 [hystrix-RateController-2] INFO  c.e.test.rate.service.RateService -
                Service Layer:Retrieve rate details from RMS by Rate ID
2022-01-06 10:38:12 [restartedMain] INFO  c.e.test.rate.ManageRateApplication -
                Starting ManageRateApplication using Java 1.8.0_301 on DESKTOP-LMHFHK6 with PID 1388 (D:\manage-rate\target\classes started by dell in D:\manage-rate)
2022-01-06 10:38:12 [restartedMain] DEBUG c.e.test.rate.ManageRateApplication -
                Running with Spring Boot v2.6.2, Spring v5.3.14
2022-01-06 10:38:12 [restartedMain] INFO  c.e.test.rate.ManageRateApplication -
                No active profile set, falling back to default profiles: default
2022-01-06 10:38:41 [restartedMain] INFO  c.e.test.rate.ManageRateApplication -
                Started ManageRateApplication in 34.124 seconds (JVM running for 37.751)
2022-01-06 10:51:54 [hystrix-RateController-1] INFO  c.e.test.rate.service.RateService -
                Service Layer:Retrieve rate details from RMS by Rate ID
2022-01-06 10:51:54 [hystrix-RateController-1] INFO  c.e.t.rate.controller.RateController -
                Inside Controller::Retrieve rate details from RMS by Rate ID
2022-01-06 10:51:54 [hystrix-RateController-1] INFO  c.e.test.rate.service.RateService -
                Service Layer:Retrieve rate details from RMS by Rate ID
2022-01-06 10:52:06 [hystrix-RateController-2] INFO  c.e.test.rate.service.RateService -
                Service Layer:Retrieve rate details from RMS by Rate ID
2022-01-06 10:52:06 [hystrix-RateController-2] INFO  c.e.t.rate.controller.RateController -
                Inside Controller::Retrieve rate details from RMS by Rate ID
2022-01-06 10:52:06 [hystrix-RateController-2] INFO  c.e.test.rate.service.RateService -
                Service Layer:Retrieve rate details from RMS by Rate ID
2022-01-06 10:52:11 [hystrix-RateController-3] ERROR c.e.test.rate.service.RateService -
                Service Layer: RateId not found in RMS
2022-01-06 10:52:11 [hystrix-RateController-3] ERROR c.e.t.rate.controller.RateController -
                Inside get controller Hystrix timeout error
2022-01-06 10:59:21 [hystrix-RateController-4] ERROR c.e.test.rate.service.RateService -
                Service Layer: RateId not found in RMS
2022-01-06 10:59:21 [hystrix-RateController-4] ERROR c.e.t.rate.controller.RateController -
                Inside get controller Hystrix timeout error
2022-01-06 11:01:35 [restartedMain] INFO  c.e.test.rate.ManageRateApplication -
                Starting ManageRateApplication using Java 1.8.0_301 on DESKTOP-LMHFHK6 with PID 8424 (D:\manage-rate\target\classes started by dell in D:\manage-rate)
2022-01-06 11:01:35 [restartedMain] DEBUG c.e.test.rate.ManageRateApplication -
                Running with Spring Boot v2.6.2, Spring v5.3.14
2022-01-06 11:01:35 [restartedMain] INFO  c.e.test.rate.ManageRateApplication -
                No active profile set, falling back to default profiles: default
2022-01-06 11:02:24 [restartedMain] INFO  c.e.test.rate.ManageRateApplication -
                Started ManageRateApplication in 53.895 seconds (JVM running for 61.052)
2022-01-06 11:13:06 [HystrixTimer-1] ERROR c.e.test.rate.service.RateService -
                Service Layer: RateId not found in RMS
2022-01-06 11:13:06 [hystrix-RateController-1] ERROR c.e.test.rate.service.RateService -
                Service Layer: RateId not found in RMS
2022-01-06 11:13:56 [hystrix-RateController-2] ERROR c.e.test.rate.service.RateService -
                Service Layer: RateId not found in RMS
2022-01-06 11:13:56 [hystrix-RateController-2] ERROR c.e.test.rate.service.RateService -
                Service Layer: RateId not found in RMS
2022-01-06 11:15:02 [restartedMain] INFO  c.e.test.rate.ManageRateApplication -
                Starting ManageRateApplication using Java 1.8.0_301 on DESKTOP-LMHFHK6 with PID 13916 (D:\manage-rate\target\classes started by dell in D:\manage-rate)
2022-01-06 11:15:02 [restartedMain] DEBUG c.e.test.rate.ManageRateApplication -
                Running with Spring Boot v2.6.2, Spring v5.3.14
2022-01-06 11:15:02 [restartedMain] INFO  c.e.test.rate.ManageRateApplication -
                No active profile set, falling back to default profiles: default
2022-01-06 11:15:33 [restartedMain] INFO  c.e.test.rate.ManageRateApplication -
                Started ManageRateApplication in 35.058 seconds (JVM running for 39.024)
2022-01-06 11:17:54 [HystrixTimer-1] ERROR c.e.t.rate.controller.RateController -
                Hystrix timeout error
2022-01-06 11:17:59 [hystrix-RateController-1] INFO  c.e.test.rate.service.RateService -
                Service Layer : New Rate details are added to RMS
2022-01-06 11:17:59 [hystrix-RateController-1] INFO  c.e.t.rate.controller.RateController -
                Inside Controller:New Rate details are added to RMS
2022-01-06 11:20:27 [restartedMain] INFO  c.e.test.rate.ManageRateApplication -
                Starting ManageRateApplication using Java 1.8.0_301 on DESKTOP-LMHFHK6 with PID 8576 (D:\manage-rate\target\classes started by dell in D:\manage-rate)
2022-01-06 11:20:27 [restartedMain] DEBUG c.e.test.rate.ManageRateApplication -
                Running with Spring Boot v2.6.2, Spring v5.3.14
2022-01-06 11:20:27 [restartedMain] INFO  c.e.test.rate.ManageRateApplication -
                No active profile set, falling back to default profiles: default
2022-01-06 11:20:58 [restartedMain] INFO  c.e.test.rate.ManageRateApplication -
                Started ManageRateApplication in 34.215 seconds (JVM running for 38.12)
2022-01-06 11:22:06 [HystrixTimer-2] ERROR c.e.t.rate.controller.RateController -
                Hystrix timeout error
2022-01-06 11:22:06 [HystrixTimer-1] ERROR c.e.t.rate.controller.RateController -
                Hystrix timeout error
2022-01-06 11:22:08 [hystrix-RateController-1] INFO  c.e.test.rate.service.RateService -
                Service Layer : New Rate details are added to RMS
2022-01-06 11:22:08 [hystrix-RateController-2] INFO  c.e.test.rate.service.RateService -
                Service Layer : New Rate details are added to RMS
2022-01-06 11:22:08 [hystrix-RateController-1] INFO  c.e.t.rate.controller.RateController -
                Inside Controller:New Rate details are added to RMS
2022-01-06 11:22:08 [hystrix-RateController-2] INFO  c.e.t.rate.controller.RateController -
                Inside Controller:New Rate details are added to RMS
2022-01-06 11:22:39 [hystrix-RateController-3] INFO  c.e.test.rate.service.RateService -
                Service Layer : New Rate details are added to RMS
2022-01-06 11:22:39 [hystrix-RateController-3] INFO  c.e.t.rate.controller.RateController -
                Inside Controller:New Rate details are added to RMS
2022-01-06 11:22:40 [hystrix-RateController-4] INFO  c.e.test.rate.service.RateService -
                Service Layer : New Rate details are added to RMS
2022-01-06 11:22:40 [hystrix-RateController-4] INFO  c.e.t.rate.controller.RateController -
                Inside Controller:New Rate details are added to RMS
2022-01-06 11:29:32 [restartedMain] INFO  c.e.test.rate.ManageRateApplication -
                Starting ManageRateApplication using Java 1.8.0_301 on DESKTOP-LMHFHK6 with PID 5464 (D:\manage-rate\target\classes started by dell in D:\manage-rate)
2022-01-06 11:29:32 [restartedMain] DEBUG c.e.test.rate.ManageRateApplication -
                Running with Spring Boot v2.6.2, Spring v5.3.14
2022-01-06 11:29:32 [restartedMain] INFO  c.e.test.rate.ManageRateApplication -
                No active profile set, falling back to default profiles: default
2022-01-06 11:29:57 [restartedMain] INFO  c.e.test.rate.ManageRateApplication -
                Started ManageRateApplication in 28.123 seconds (JVM running for 31.496)
2022-01-06 11:30:15 [hystrix-RateController-1] INFO  c.e.test.rate.service.RateService -
                Service Layer:Rate details deleted successfully for Rate ID: 23
2022-01-06 11:30:15 [hystrix-RateController-1] INFO  c.e.t.rate.controller.RateController -
                Inside controller: Rate details deleted successfully for Rate ID: 23
2022-01-06 11:30:54 [hystrix-RateController-2] ERROR c.e.test.rate.service.RateService -
                Service Layer Delete:RateId not found in RMS
2022-01-06 11:30:54 [hystrix-RateController-2] ERROR c.e.t.rate.controller.RateController -
                Hystrix timeout error in delete method
2022-01-06 11:31:13 [hystrix-RateController-3] ERROR c.e.test.rate.service.RateService -
                Service Layer Delete:RateId not found in RMS
2022-01-06 11:31:13 [hystrix-RateController-3] ERROR c.e.t.rate.controller.RateController -
                Hystrix timeout error in delete method
2022-01-06 11:31:20 [hystrix-RateController-4] INFO  c.e.test.rate.service.RateService -
                Service Layer:Rate details deleted successfully for Rate ID: 18
2022-01-06 11:31:20 [hystrix-RateController-4] INFO  c.e.t.rate.controller.RateController -
                Inside controller: Rate details deleted successfully for Rate ID: 18
2022-01-06 11:57:01 [restartedMain] INFO  c.e.test.rate.ManageRateApplication -
                Starting ManageRateApplication using Java 1.8.0_301 on DESKTOP-LMHFHK6 with PID 13416 (D:\manage-rate\target\classes started by dell in D:\manage-rate)
2022-01-06 11:57:01 [restartedMain] DEBUG c.e.test.rate.ManageRateApplication -
                Running with Spring Boot v2.6.2, Spring v5.3.14
2022-01-06 11:57:01 [restartedMain] INFO  c.e.test.rate.ManageRateApplication -
                No active profile set, falling back to default profiles: default
2022-01-06 11:57:26 [restartedMain] INFO  c.e.test.rate.ManageRateApplication -
                Started ManageRateApplication in 27.606 seconds (JVM running for 30.962)
2022-01-06 11:58:10 [hystrix-RateService-1] ERROR c.e.test.rate.service.RateService -
                Service Layer: RateId not found in RMS
2022-01-06 11:58:10 [hystrix-RateService-1] ERROR c.e.test.rate.service.RateService -
                Inside get controller Hystrix timeout error
2022-01-06 11:58:10 [http-nio-9003-exec-1] INFO  c.e.t.rate.controller.RateController -
                Inside Controller::Retrieve rate details from RMS by Rate ID
2022-01-06 11:58:10 [hystrix-RateService-2] ERROR c.e.test.rate.service.RateService -
                Service Layer: RateId not found in RMS
2022-01-06 11:58:10 [hystrix-RateService-2] ERROR c.e.test.rate.service.RateService -
                Inside get controller Hystrix timeout error
2022-01-06 11:58:40 [hystrix-RateService-3] ERROR c.e.test.rate.service.RateService -
                Service Layer: RateId not found in RMS
2022-01-06 11:58:40 [hystrix-RateService-3] ERROR c.e.test.rate.service.RateService -
                Inside get controller Hystrix timeout error
2022-01-06 11:58:40 [http-nio-9003-exec-3] INFO  c.e.t.rate.controller.RateController -
                Inside Controller::Retrieve rate details from RMS by Rate ID
2022-01-06 11:58:40 [hystrix-RateService-4] ERROR c.e.test.rate.service.RateService -
                Service Layer: RateId not found in RMS
2022-01-06 11:58:40 [hystrix-RateService-4] ERROR c.e.test.rate.service.RateService -
                Inside get controller Hystrix timeout error
2022-01-06 12:18:51 [restartedMain] INFO  c.e.test.rate.ManageRateApplication -
                Starting ManageRateApplication using Java 1.8.0_301 on DESKTOP-LMHFHK6 with PID 7484 (D:\manage-rate\target\classes started by dell in D:\manage-rate)
2022-01-06 12:18:51 [restartedMain] DEBUG c.e.test.rate.ManageRateApplication -
                Running with Spring Boot v2.6.2, Spring v5.3.14
2022-01-06 12:18:51 [restartedMain] INFO  c.e.test.rate.ManageRateApplication -
                No active profile set, falling back to default profiles: default
2022-01-06 12:19:17 [restartedMain] INFO  c.e.test.rate.ManageRateApplication -
                Started ManageRateApplication in 28.541 seconds (JVM running for 32.675)
2022-01-06 12:22:32 [restartedMain] INFO  c.e.test.rate.ManageRateApplication -
                Starting ManageRateApplication using Java 1.8.0_301 on DESKTOP-LMHFHK6 with PID 3420 (D:\manage-rate\target\classes started by dell in D:\manage-rate)
2022-01-06 12:22:32 [restartedMain] DEBUG c.e.test.rate.ManageRateApplication -
                Running with Spring Boot v2.6.2, Spring v5.3.14
2022-01-06 12:22:32 [restartedMain] INFO  c.e.test.rate.ManageRateApplication -
                No active profile set, falling back to default profiles: default
2022-01-06 12:22:53 [restartedMain] INFO  c.e.test.rate.ManageRateApplication -
                Started ManageRateApplication in 24.011 seconds (JVM running for 27.129)
2022-01-06 12:23:10 [HystrixTimer-1] ERROR c.e.test.rate.service.RateService -
                Inside get controller Hystrix timeout error
2022-01-06 12:23:10 [http-nio-9003-exec-1] INFO  c.e.t.rate.controller.RateController -
                Inside Controller::Retrieve rate details from RMS by Rate ID
2022-01-06 12:23:11 [HystrixTimer-1] ERROR c.e.test.rate.service.RateService -
                Inside get controller Hystrix timeout error
2022-01-06 12:23:11 [hystrix-RateService-1] ERROR c.e.test.rate.service.RateService -
                Service Layer: RateId not found in RMS
2022-01-06 12:23:11 [hystrix-RateService-2] ERROR c.e.test.rate.service.RateService -
                Service Layer: RateId not found in RMS
2022-01-06 12:25:08 [restartedMain] INFO  c.e.test.rate.ManageRateApplication -
                Starting ManageRateApplication using Java 1.8.0_301 on DESKTOP-LMHFHK6 with PID 14964 (D:\manage-rate\target\classes started by dell in D:\manage-rate)
2022-01-06 12:25:08 [restartedMain] DEBUG c.e.test.rate.ManageRateApplication -
                Running with Spring Boot v2.6.2, Spring v5.3.14
2022-01-06 12:25:08 [restartedMain] INFO  c.e.test.rate.ManageRateApplication -
                No active profile set, falling back to default profiles: default
2022-01-06 12:25:32 [restartedMain] INFO  c.e.test.rate.ManageRateApplication -
                Started ManageRateApplication in 27.008 seconds (JVM running for 31.755)
2022-01-06 12:25:47 [HystrixTimer-1] ERROR c.e.test.rate.service.RateService -
                Inside get controller Hystrix timeout error
2022-01-06 12:25:47 [http-nio-9003-exec-2] INFO  c.e.t.rate.controller.RateController -
                Inside Controller::Retrieve rate details from RMS by Rate ID
2022-01-06 12:25:49 [HystrixTimer-1] ERROR c.e.test.rate.service.RateService -
                Inside get controller Hystrix timeout error
2022-01-06 12:25:49 [hystrix-RateService-1] ERROR c.e.test.rate.service.RateService -
                Service Layer: RateId not found in RMS
2022-01-06 12:25:50 [hystrix-RateService-2] ERROR c.e.test.rate.service.RateService -
                Service Layer: RateId not found in RMS
2022-01-06 12:29:22 [restartedMain] INFO  c.e.test.rate.ManageRateApplication -
                Starting ManageRateApplication using Java 1.8.0_301 on DESKTOP-LMHFHK6 with PID 9292 (D:\manage-rate\target\classes started by dell in D:\manage-rate)
2022-01-06 12:29:22 [restartedMain] DEBUG c.e.test.rate.ManageRateApplication -
                Running with Spring Boot v2.6.2, Spring v5.3.14
2022-01-06 12:29:22 [restartedMain] INFO  c.e.test.rate.ManageRateApplication -
                No active profile set, falling back to default profiles: default
2022-01-06 12:29:44 [restartedMain] INFO  c.e.test.rate.ManageRateApplication -
                Started ManageRateApplication in 25.045 seconds (JVM running for 28.455)
2022-01-06 12:30:38 [hystrix-RateController-1] INFO  c.e.test.rate.service.RateService -
                Service Layer : New Rate details are added to RMS
2022-01-06 12:30:39 [hystrix-RateController-1] INFO  c.e.t.rate.controller.RateController -
                Inside Controller:New Rate details are added to RMS
2022-01-06 12:35:36 [restartedMain] INFO  c.e.test.rate.ManageRateApplication -
                Starting ManageRateApplication using Java 1.8.0_301 on DESKTOP-LMHFHK6 with PID 4920 (D:\manage-rate\target\classes started by dell in D:\manage-rate)
2022-01-06 12:35:36 [restartedMain] DEBUG c.e.test.rate.ManageRateApplication -
                Running with Spring Boot v2.6.2, Spring v5.3.14
2022-01-06 12:35:36 [restartedMain] INFO  c.e.test.rate.ManageRateApplication -
                No active profile set, falling back to default profiles: default
2022-01-06 12:36:03 [restartedMain] INFO  c.e.test.rate.ManageRateApplication -
                Started ManageRateApplication in 29.553 seconds (JVM running for 32.633)
2022-01-06 12:38:33 [restartedMain] INFO  c.e.test.rate.ManageRateApplication -
                Starting ManageRateApplication using Java 1.8.0_301 on DESKTOP-LMHFHK6 with PID 10016 (D:\manage-rate\target\classes started by dell in D:\manage-rate)
2022-01-06 12:38:33 [restartedMain] DEBUG c.e.test.rate.ManageRateApplication -
                Running with Spring Boot v2.6.2, Spring v5.3.14
2022-01-06 12:38:33 [restartedMain] INFO  c.e.test.rate.ManageRateApplication -
                No active profile set, falling back to default profiles: default
2022-01-06 12:39:04 [restartedMain] INFO  c.e.test.rate.ManageRateApplication -
                Started ManageRateApplication in 34.111 seconds (JVM running for 39.825)
2022-01-06 12:46:26 [restartedMain] INFO  c.e.test.rate.ManageRateApplication -
                Starting ManageRateApplication using Java 1.8.0_301 on DESKTOP-LMHFHK6 with PID 7608 (D:\manage-rate\target\classes started by dell in D:\manage-rate)
2022-01-06 12:46:26 [restartedMain] DEBUG c.e.test.rate.ManageRateApplication -
                Running with Spring Boot v2.6.2, Spring v5.3.14
2022-01-06 12:46:26 [restartedMain] INFO  c.e.test.rate.ManageRateApplication -
                No active profile set, falling back to default profiles: default
2022-01-06 12:46:51 [restartedMain] INFO  c.e.test.rate.ManageRateApplication -
                Started ManageRateApplication in 28.099 seconds (JVM running for 31.926)
2022-01-06 12:49:57 [restartedMain] INFO  c.e.test.rate.ManageRateApplication -
                Starting ManageRateApplication using Java 1.8.0_301 on DESKTOP-LMHFHK6 with PID 4472 (D:\manage-rate\target\classes started by dell in D:\manage-rate)
2022-01-06 12:49:57 [restartedMain] DEBUG c.e.test.rate.ManageRateApplication -
                Running with Spring Boot v2.6.2, Spring v5.3.14
2022-01-06 12:49:57 [restartedMain] INFO  c.e.test.rate.ManageRateApplication -
                No active profile set, falling back to default profiles: default
2022-01-06 12:50:23 [restartedMain] INFO  c.e.test.rate.ManageRateApplication -
                Started ManageRateApplication in 29.393 seconds (JVM running for 33.147)
2022-01-06 12:52:00 [restartedMain] INFO  c.e.test.rate.ManageRateApplication -
                Starting ManageRateApplication using Java 1.8.0_301 on DESKTOP-LMHFHK6 with PID 3148 (D:\manage-rate\target\classes started by dell in D:\manage-rate)
2022-01-06 12:52:00 [restartedMain] DEBUG c.e.test.rate.ManageRateApplication -
                Running with Spring Boot v2.6.2, Spring v5.3.14
2022-01-06 12:52:00 [restartedMain] INFO  c.e.test.rate.ManageRateApplication -
                No active profile set, falling back to default profiles: default
2022-01-06 12:52:29 [restartedMain] INFO  c.e.test.rate.ManageRateApplication -
                Started ManageRateApplication in 33.27 seconds (JVM running for 36.739)
2022-01-06 12:54:39 [hystrix-RateController-1] INFO  c.e.test.rate.service.RateService -
                Service Layer : New Rate details are added to RMS
2022-01-06 12:54:39 [hystrix-RateController-1] INFO  c.e.t.rate.controller.RateController -
                Inside Controller:New Rate details are added to RMS
2022-01-06 12:56:00 [restartedMain] INFO  c.e.test.rate.ManageRateApplication -
                Starting ManageRateApplication using Java 1.8.0_301 on DESKTOP-LMHFHK6 with PID 12664 (D:\manage-rate\target\classes started by dell in D:\manage-rate)
2022-01-06 12:56:00 [restartedMain] DEBUG c.e.test.rate.ManageRateApplication -
                Running with Spring Boot v2.6.2, Spring v5.3.14
2022-01-06 12:56:00 [restartedMain] INFO  c.e.test.rate.ManageRateApplication -
                No active profile set, falling back to default profiles: default
2022-01-06 12:56:42 [restartedMain] INFO  c.e.test.rate.ManageRateApplication -
                Started ManageRateApplication in 45.588 seconds (JVM running for 48.763)
2022-01-06 13:00:26 [restartedMain] INFO  c.e.test.rate.ManageRateApplication -
                Starting ManageRateApplication using Java 1.8.0_301 on DESKTOP-LMHFHK6 with PID 12256 (D:\manage-rate\target\classes started by dell in D:\manage-rate)
2022-01-06 13:00:26 [restartedMain] DEBUG c.e.test.rate.ManageRateApplication -
                Running with Spring Boot v2.6.2, Spring v5.3.14
2022-01-06 13:00:26 [restartedMain] INFO  c.e.test.rate.ManageRateApplication -
                No active profile set, falling back to default profiles: default
2022-01-06 13:00:55 [restartedMain] INFO  c.e.test.rate.ManageRateApplication -
                Started ManageRateApplication in 32.164 seconds (JVM running for 35.939)
2022-01-06 13:01:26 [http-nio-9003-exec-1] ERROR c.e.test.rate.service.RateService -
                Service Layer: RateId not found in RMS
2022-01-06 13:04:39 [restartedMain] INFO  c.e.test.rate.ManageRateApplication -
                Starting ManageRateApplication using Java 1.8.0_301 on DESKTOP-LMHFHK6 with PID 12256 (D:\manage-rate\target\classes started by dell in D:\manage-rate)
2022-01-06 13:04:39 [restartedMain] DEBUG c.e.test.rate.ManageRateApplication -
                Running with Spring Boot v2.6.2, Spring v5.3.14
2022-01-06 13:04:39 [restartedMain] INFO  c.e.test.rate.ManageRateApplication -
                No active profile set, falling back to default profiles: default
2022-01-06 13:04:51 [restartedMain] INFO  c.e.test.rate.ManageRateApplication -
                Started ManageRateApplication in 13.759 seconds (JVM running for 272.414)
2022-01-06 13:04:57 [restartedMain] INFO  c.e.test.rate.ManageRateApplication -
                Starting ManageRateApplication using Java 1.8.0_301 on DESKTOP-LMHFHK6 with PID 12256 (D:\manage-rate\target\classes started by dell in D:\manage-rate)
2022-01-06 13:04:57 [restartedMain] DEBUG c.e.test.rate.ManageRateApplication -
                Running with Spring Boot v2.6.2, Spring v5.3.14
2022-01-06 13:04:57 [restartedMain] INFO  c.e.test.rate.ManageRateApplication -
                No active profile set, falling back to default profiles: default
2022-01-06 13:05:07 [restartedMain] INFO  c.e.test.rate.ManageRateApplication -
                Started ManageRateApplication in 10.606 seconds (JVM running for 287.691)
2022-01-06 13:05:14 [main] INFO  c.e.t.rate.controller.RateController -
                Inside controller: Rate details deleted successfully for Rate ID: 2
2022-01-06 13:05:15 [main] INFO  c.e.t.rate.controller.RateController -
                Inside Controller:New Rate details are added to RMS
2022-01-06 13:05:15 [main] INFO  c.e.t.rate.controller.RateController -
                Inside Controller::Retrieve rate details from RMS by Rate ID
2022-01-06 13:05:18 [main] INFO  c.e.t.r.ManageRateApplicationTests -
                Starting ManageRateApplicationTests using Java 1.8.0_301 on DESKTOP-LMHFHK6 with PID 13104 (started by dell in D:\manage-rate)
2022-01-06 13:05:18 [main] DEBUG c.e.t.r.ManageRateApplicationTests -
                Running with Spring Boot v2.6.2, Spring v5.3.14
2022-01-06 13:05:18 [main] INFO  c.e.t.r.ManageRateApplicationTests -
                No active profile set, falling back to default profiles: default
2022-01-06 13:05:38 [main] INFO  c.e.t.r.ManageRateApplicationTests -
                Started ManageRateApplicationTests in 22.091 seconds (JVM running for 33.375)
2022-01-06 13:05:39 [main] INFO  c.e.t.r.r.RateRepositoryTest -
                Starting RateRepositoryTest using Java 1.8.0_301 on DESKTOP-LMHFHK6 with PID 13104 (started by dell in D:\manage-rate)
2022-01-06 13:05:39 [main] DEBUG c.e.t.r.r.RateRepositoryTest -
                Running with Spring Boot v2.6.2, Spring v5.3.14
2022-01-06 13:05:39 [main] INFO  c.e.t.r.r.RateRepositoryTest -
                No active profile set, falling back to default profiles: default
2022-01-06 13:05:41 [main] INFO  c.e.t.r.r.RateRepositoryTest -
                Started RateRepositoryTest in 2.711 seconds (JVM running for 36.509)
2022-01-06 13:05:42 [main] INFO  c.e.test.rate.service.RateService -
                Service Layer : New Rate details are added to RMS
2022-01-06 13:06:28 [restartedMain] INFO  c.e.test.rate.ManageRateApplication -
                Starting ManageRateApplication using Java 1.8.0_301 on DESKTOP-LMHFHK6 with PID 8588 (D:\manage-rate\target\classes started by dell in D:\manage-rate)
2022-01-06 13:06:28 [restartedMain] DEBUG c.e.test.rate.ManageRateApplication -
                Running with Spring Boot v2.6.2, Spring v5.3.14
2022-01-06 13:06:28 [restartedMain] INFO  c.e.test.rate.ManageRateApplication -
                No active profile set, falling back to default profiles: default
2022-01-06 13:06:50 [restartedMain] INFO  c.e.test.rate.ManageRateApplication -
                Started ManageRateApplication in 24.658 seconds (JVM running for 26.887)
2022-01-06 13:10:34 [restartedMain] INFO  c.e.test.rate.ManageRateApplication -
                Starting ManageRateApplication using Java 1.8.0_301 on DESKTOP-LMHFHK6 with PID 12348 (D:\manage-rate\target\classes started by dell in D:\manage-rate)
2022-01-06 13:10:34 [restartedMain] DEBUG c.e.test.rate.ManageRateApplication -
                Running with Spring Boot v2.6.2, Spring v5.3.14
2022-01-06 13:10:34 [restartedMain] INFO  c.e.test.rate.ManageRateApplication -
                No active profile set, falling back to default profiles: default
2022-01-06 13:10:58 [restartedMain] INFO  c.e.test.rate.ManageRateApplication -
                Started ManageRateApplication in 29.601 seconds (JVM running for 33.823)
2022-01-06 13:12:14 [restartedMain] INFO  c.e.test.rate.ManageRateApplication -
                Starting ManageRateApplication using Java 1.8.0_301 on DESKTOP-LMHFHK6 with PID 14180 (D:\manage-rate\target\classes started by dell in D:\manage-rate)
2022-01-06 13:12:14 [restartedMain] DEBUG c.e.test.rate.ManageRateApplication -
                Running with Spring Boot v2.6.2, Spring v5.3.14
2022-01-06 13:12:14 [restartedMain] INFO  c.e.test.rate.ManageRateApplication -
                No active profile set, falling back to default profiles: default
2022-01-06 13:12:40 [restartedMain] INFO  c.e.test.rate.ManageRateApplication -
                Started ManageRateApplication in 28.598 seconds (JVM running for 31.181)
2022-01-06 13:14:12 [restartedMain] INFO  c.e.test.rate.ManageRateApplication -
                Starting ManageRateApplication using Java 1.8.0_301 on DESKTOP-LMHFHK6 with PID 7292 (D:\manage-rate\target\classes started by dell in D:\manage-rate)
2022-01-06 13:14:12 [restartedMain] DEBUG c.e.test.rate.ManageRateApplication -
                Running with Spring Boot v2.6.2, Spring v5.3.14
2022-01-06 13:14:12 [restartedMain] INFO  c.e.test.rate.ManageRateApplication -
                No active profile set, falling back to default profiles: default
2022-01-06 13:14:34 [restartedMain] INFO  c.e.test.rate.ManageRateApplication -
                Started ManageRateApplication in 24.737 seconds (JVM running for 28.021)
2022-01-06 13:14:51 [hystrix-RateController-1] INFO  c.e.test.rate.service.RateService -
                Service Layer:Rate details deleted successfully for Rate ID: 20
2022-01-06 13:14:51 [hystrix-RateController-1] INFO  c.e.t.rate.controller.RateController -
                Inside controller: Rate details deleted successfully for Rate ID: 20
2022-01-06 13:15:14 [hystrix-RateController-2] ERROR c.e.test.rate.service.RateService -
                Service Layer Delete:RateId not found in RMS
2022-01-06 13:15:14 [hystrix-RateController-2] ERROR c.e.t.rate.controller.RateController -
                Hystrix timeout error in delete method
2022-01-06 13:16:25 [restartedMain] INFO  c.e.test.rate.ManageRateApplication -
                Starting ManageRateApplication using Java 1.8.0_301 on DESKTOP-LMHFHK6 with PID 11808 (D:\manage-rate\target\classes started by dell in D:\manage-rate)
2022-01-06 13:16:25 [restartedMain] DEBUG c.e.test.rate.ManageRateApplication -
                Running with Spring Boot v2.6.2, Spring v5.3.14
2022-01-06 13:16:25 [restartedMain] INFO  c.e.test.rate.ManageRateApplication -
                No active profile set, falling back to default profiles: default
2022-01-06 13:16:47 [restartedMain] INFO  c.e.test.rate.ManageRateApplication -
                Started ManageRateApplication in 24.614 seconds (JVM running for 27.731)
2022-01-06 13:17:40 [hystrix-RateController-1] ERROR c.e.test.rate.service.RateService -
                Service Layer Delete:RateId not found in RMS
2022-01-06 13:18:46 [hystrix-RateController-2] ERROR c.e.test.rate.service.RateService -
                Service Layer Delete:RateId not found in RMS
2022-01-06 13:18:49 [hystrix-RateController-3] ERROR c.e.test.rate.service.RateService -
                Service Layer Delete:RateId not found in RMS
2022-01-06 13:20:14 [restartedMain] INFO  c.e.test.rate.ManageRateApplication -
                Starting ManageRateApplication using Java 1.8.0_301 on DESKTOP-LMHFHK6 with PID 6888 (D:\manage-rate\target\classes started by dell in D:\manage-rate)
2022-01-06 13:20:14 [restartedMain] DEBUG c.e.test.rate.ManageRateApplication -
                Running with Spring Boot v2.6.2, Spring v5.3.14
2022-01-06 13:20:14 [restartedMain] INFO  c.e.test.rate.ManageRateApplication -
                No active profile set, falling back to default profiles: default
2022-01-06 13:20:45 [restartedMain] INFO  c.e.test.rate.ManageRateApplication -
                Started ManageRateApplication in 34.417 seconds (JVM running for 37.349)
2022-01-06 13:23:43 [http-nio-9003-exec-2] ERROR c.e.test.rate.service.RateService -
                Service Layer: RateId not found in RMS
2022-01-06 13:27:38 [restartedMain] INFO  c.e.test.rate.ManageRateApplication -
                Starting ManageRateApplication using Java 1.8.0_301 on DESKTOP-LMHFHK6 with PID 13680 (D:\manage-rate\target\classes started by dell in D:\manage-rate)
2022-01-06 13:27:38 [restartedMain] DEBUG c.e.test.rate.ManageRateApplication -
                Running with Spring Boot v2.6.2, Spring v5.3.14
2022-01-06 13:27:38 [restartedMain] INFO  c.e.test.rate.ManageRateApplication -
                No active profile set, falling back to default profiles: default
2022-01-06 13:28:02 [restartedMain] INFO  c.e.test.rate.ManageRateApplication -
                Started ManageRateApplication in 27.416 seconds (JVM running for 30.341)
2022-01-06 13:28:14 [hystrix-RateController-1] ERROR c.e.test.rate.service.RateService -
                Service Layer: RateId not found in RMS
2022-01-06 13:28:14 [hystrix-RateController-1] ERROR c.e.t.rate.controller.RateController -
                Inside get controller Hystrix timeout error
2022-01-06 13:29:15 [restartedMain] INFO  c.e.test.rate.ManageRateApplication -
                Starting ManageRateApplication using Java 1.8.0_301 on DESKTOP-LMHFHK6 with PID 8764 (D:\manage-rate\target\classes started by dell in D:\manage-rate)
2022-01-06 13:29:15 [restartedMain] DEBUG c.e.test.rate.ManageRateApplication -
                Running with Spring Boot v2.6.2, Spring v5.3.14
2022-01-06 13:29:15 [restartedMain] INFO  c.e.test.rate.ManageRateApplication -
                No active profile set, falling back to default profiles: default
2022-01-06 13:29:34 [restartedMain] INFO  c.e.test.rate.ManageRateApplication -
                Started ManageRateApplication in 21.05 seconds (JVM running for 23.222)
2022-01-06 13:30:23 [hystrix-RateController-1] ERROR c.e.test.rate.service.RateService -
                Service Layer: RateId not found in RMS
2022-01-06 13:32:20 [restartedMain] INFO  c.e.test.rate.ManageRateApplication -
                Starting ManageRateApplication using Java 1.8.0_301 on DESKTOP-LMHFHK6 with PID 1328 (D:\manage-rate\target\classes started by dell in D:\manage-rate)
2022-01-06 13:32:20 [restartedMain] DEBUG c.e.test.rate.ManageRateApplication -
                Running with Spring Boot v2.6.2, Spring v5.3.14
2022-01-06 13:32:20 [restartedMain] INFO  c.e.test.rate.ManageRateApplication -
                No active profile set, falling back to default profiles: default
2022-01-06 13:32:46 [restartedMain] INFO  c.e.test.rate.ManageRateApplication -
                Started ManageRateApplication in 29.169 seconds (JVM running for 32.239)
2022-01-06 13:32:54 [HystrixTimer-1] ERROR c.e.t.rate.controller.RateController -
                Inside get controller Hystrix timeout error
2022-01-06 13:32:55 [hystrix-RateController-1] ERROR c.e.test.rate.service.RateService -
                Service Layer: RateId not found in RMS
2022-01-06 13:40:58 [restartedMain] INFO  c.e.test.rate.ManageRateApplication -
                Starting ManageRateApplication using Java 1.8.0_301 on DESKTOP-LMHFHK6 with PID 7136 (D:\manage-rate\target\classes started by dell in D:\manage-rate)
2022-01-06 13:40:58 [restartedMain] DEBUG c.e.test.rate.ManageRateApplication -
                Running with Spring Boot v2.6.2, Spring v5.3.14
2022-01-06 13:40:58 [restartedMain] INFO  c.e.test.rate.ManageRateApplication -
                No active profile set, falling back to default profiles: default
2022-01-06 13:41:26 [restartedMain] INFO  c.e.test.rate.ManageRateApplication -
                Started ManageRateApplication in 31.213 seconds (JVM running for 34.226)
2022-01-06 13:43:39 [restartedMain] INFO  c.e.test.rate.ManageRateApplication -
                Starting ManageRateApplication using Java 1.8.0_301 on DESKTOP-LMHFHK6 with PID 8660 (D:\manage-rate\target\classes started by dell in D:\manage-rate)
2022-01-06 13:43:40 [restartedMain] DEBUG c.e.test.rate.ManageRateApplication -
                Running with Spring Boot v2.6.2, Spring v5.3.14
2022-01-06 13:43:40 [restartedMain] INFO  c.e.test.rate.ManageRateApplication -
                No active profile set, falling back to default profiles: default
2022-01-06 13:44:11 [restartedMain] INFO  c.e.test.rate.ManageRateApplication -
                Started ManageRateApplication in 35.204 seconds (JVM running for 38.851)
2022-01-06 13:44:31 [restartedMain] INFO  c.e.test.rate.ManageRateApplication -
                Starting ManageRateApplication using Java 1.8.0_301 on DESKTOP-LMHFHK6 with PID 8916 (D:\manage-rate\target\classes started by dell in D:\manage-rate)
2022-01-06 13:44:31 [restartedMain] DEBUG c.e.test.rate.ManageRateApplication -
                Running with Spring Boot v2.6.2, Spring v5.3.14
2022-01-06 13:44:31 [restartedMain] INFO  c.e.test.rate.ManageRateApplication -
                No active profile set, falling back to default profiles: default
2022-01-06 13:44:57 [restartedMain] INFO  c.e.test.rate.ManageRateApplication -
                Started ManageRateApplication in 28.449 seconds (JVM running for 30.976)
2022-01-06 13:45:30 [hystrix-RateController-1] ERROR c.e.test.rate.service.RateService -
                Service Layer: RateId not found in RMS
2022-01-06 13:45:38 [hystrix-RateController-2] ERROR c.e.test.rate.service.RateService -
                Service Layer: RateId not found in RMS
2022-01-06 13:46:25 [restartedMain] INFO  c.e.test.rate.ManageRateApplication -
                Starting ManageRateApplication using Java 1.8.0_301 on DESKTOP-LMHFHK6 with PID 14200 (D:\manage-rate\target\classes started by dell in D:\manage-rate)
2022-01-06 13:46:25 [restartedMain] DEBUG c.e.test.rate.ManageRateApplication -
                Running with Spring Boot v2.6.2, Spring v5.3.14
2022-01-06 13:46:25 [restartedMain] INFO  c.e.test.rate.ManageRateApplication -
                No active profile set, falling back to default profiles: default
2022-01-06 13:46:51 [restartedMain] INFO  c.e.test.rate.ManageRateApplication -
                Started ManageRateApplication in 29.365 seconds (JVM running for 32.028)
2022-01-06 13:47:07 [HystrixTimer-1] ERROR c.e.t.rate.controller.RateController -
                Inside get controller Hystrix timeout error
2022-01-06 13:47:09 [hystrix-RateController-1] INFO  c.e.test.rate.service.RateService -
                Service Layer:Retrieve rate details from RMS by Rate ID
2022-01-06 13:47:09 [hystrix-RateController-1] INFO  c.e.t.rate.controller.RateController -
                Inside Controller::Retrieve rate details from RMS by Rate ID
2022-01-06 13:47:09 [hystrix-RateController-1] INFO  c.e.test.rate.service.RateService -
                Service Layer:Retrieve rate details from RMS by Rate ID
2022-01-06 13:50:58 [restartedMain] INFO  c.e.test.rate.ManageRateApplication -
                Starting ManageRateApplication using Java 1.8.0_301 on DESKTOP-LMHFHK6 with PID 10032 (D:\manage-rate\target\classes started by dell in D:\manage-rate)
2022-01-06 13:50:58 [restartedMain] DEBUG c.e.test.rate.ManageRateApplication -
                Running with Spring Boot v2.6.2, Spring v5.3.14
2022-01-06 13:50:58 [restartedMain] INFO  c.e.test.rate.ManageRateApplication -
                No active profile set, falling back to default profiles: default
2022-01-06 13:51:24 [restartedMain] INFO  c.e.test.rate.ManageRateApplication -
                Started ManageRateApplication in 30.078 seconds (JVM running for 35.788)
2022-01-06 13:56:27 [http-nio-9003-exec-3] INFO  c.e.t.rate.controller.RateController -
                Inside controller: Rate details updated successfully for Rate ID: 19
2022-01-06 13:56:27 [updateExecutor-1] INFO  c.e.test.rate.service.RateService -
                Service Layer:Rate details updated successfully for Rate ID: 19
2022-01-06 13:56:35 [HystrixTimer-1] ERROR c.e.t.rate.controller.RateController -
                Inside get controller Hystrix timeout error
2022-01-06 13:56:37 [hystrix-RateController-1] INFO  c.e.test.rate.service.RateService -
                Service Layer:Retrieve rate details from RMS by Rate ID
2022-01-06 13:56:37 [hystrix-RateController-1] INFO  c.e.t.rate.controller.RateController -
                Inside Controller::Retrieve rate details from RMS by Rate ID
2022-01-06 13:56:38 [hystrix-RateController-1] INFO  c.e.test.rate.service.RateService -
                Service Layer:Retrieve rate details from RMS by Rate ID
2022-01-06 13:57:35 [restartedMain] INFO  c.e.test.rate.ManageRateApplication -
                Starting ManageRateApplication using Java 1.8.0_301 on DESKTOP-LMHFHK6 with PID 900 (D:\manage-rate\target\classes started by dell in D:\manage-rate)
2022-01-06 13:57:35 [restartedMain] DEBUG c.e.test.rate.ManageRateApplication -
                Running with Spring Boot v2.6.2, Spring v5.3.14
2022-01-06 13:57:35 [restartedMain] INFO  c.e.test.rate.ManageRateApplication -
                No active profile set, falling back to default profiles: default
2022-01-06 13:58:04 [restartedMain] INFO  c.e.test.rate.ManageRateApplication -
                Started ManageRateApplication in 33.053 seconds (JVM running for 36.904)
2022-01-06 13:58:40 [hystrix-RateController-1] ERROR c.e.t.rate.controller.RateController -
                Inside get controller Hystrix timeout error
2022-01-06 13:58:47 [hystrix-RateController-2] ERROR c.e.t.rate.controller.RateController -
                Inside get controller Hystrix timeout error
2022-01-06 13:59:11 [hystrix-RateController-3] INFO  c.e.test.rate.service.RateService -
                Service Layer : New Rate details are added to RMS
2022-01-06 13:59:11 [hystrix-RateController-3] INFO  c.e.t.rate.controller.RateController -
                Inside Controller:New Rate details are added to RMS
2022-01-06 13:59:18 [hystrix-RateController-4] ERROR c.e.t.rate.controller.RateController -
                Inside get controller Hystrix timeout error
2022-01-06 13:59:50 [restartedMain] INFO  c.e.test.rate.ManageRateApplication -
                Starting ManageRateApplication using Java 1.8.0_301 on DESKTOP-LMHFHK6 with PID 14468 (D:\manage-rate\target\classes started by dell in D:\manage-rate)
2022-01-06 13:59:50 [restartedMain] DEBUG c.e.test.rate.ManageRateApplication -
                Running with Spring Boot v2.6.2, Spring v5.3.14
2022-01-06 13:59:50 [restartedMain] INFO  c.e.test.rate.ManageRateApplication -
                No active profile set, falling back to default profiles: default
2022-01-06 14:00:10 [restartedMain] INFO  c.e.test.rate.ManageRateApplication -
                Started ManageRateApplication in 22.172 seconds (JVM running for 24.472)
2022-01-06 14:00:17 [hystrix-RateController-1] ERROR c.e.t.rate.controller.RateController -
                Inside get controller Hystrix timeout error
2022-01-06 14:03:20 [restartedMain] INFO  c.e.test.rate.ManageRateApplication -
                Starting ManageRateApplication using Java 1.8.0_301 on DESKTOP-LMHFHK6 with PID 7356 (D:\manage-rate\target\classes started by dell in D:\manage-rate)
2022-01-06 14:03:20 [restartedMain] DEBUG c.e.test.rate.ManageRateApplication -
                Running with Spring Boot v2.6.2, Spring v5.3.14
2022-01-06 14:03:20 [restartedMain] INFO  c.e.test.rate.ManageRateApplication -
                No active profile set, falling back to default profiles: default
2022-01-06 14:03:49 [restartedMain] INFO  c.e.test.rate.ManageRateApplication -
                Started ManageRateApplication in 31.248 seconds (JVM running for 34.011)
2022-01-06 14:04:39 [restartedMain] INFO  c.e.test.rate.ManageRateApplication -
                Starting ManageRateApplication using Java 1.8.0_301 on DESKTOP-LMHFHK6 with PID 10616 (D:\manage-rate\target\classes started by dell in D:\manage-rate)
2022-01-06 14:04:39 [restartedMain] DEBUG c.e.test.rate.ManageRateApplication -
                Running with Spring Boot v2.6.2, Spring v5.3.14
2022-01-06 14:04:39 [restartedMain] INFO  c.e.test.rate.ManageRateApplication -
                No active profile set, falling back to default profiles: default
2022-01-06 14:05:04 [restartedMain] INFO  c.e.test.rate.ManageRateApplication -
                Started ManageRateApplication in 27.252 seconds (JVM running for 29.57)
2022-01-06 14:05:20 [hystrix-RateController-1] INFO  c.e.t.rate.controller.RateController -
                Inside controller: Rate details updated successfully for Rate ID: 18
2022-01-06 14:05:20 [hystrix-RateController-1] ERROR c.e.t.rate.controller.RateController -
                Hystrix timeout error in update method
2022-01-06 14:05:21 [updateExecutor-1] ERROR c.e.test.rate.service.RateService -
                RateId not found in RMS
2022-01-06 14:07:26 [restartedMain] INFO  c.e.test.rate.ManageRateApplication -
                Starting ManageRateApplication using Java 1.8.0_301 on DESKTOP-LMHFHK6 with PID 7948 (D:\manage-rate\target\classes started by dell in D:\manage-rate)
2022-01-06 14:07:26 [restartedMain] DEBUG c.e.test.rate.ManageRateApplication -
                Running with Spring Boot v2.6.2, Spring v5.3.14
2022-01-06 14:07:26 [restartedMain] INFO  c.e.test.rate.ManageRateApplication -
                No active profile set, falling back to default profiles: default
2022-01-06 14:07:48 [restartedMain] INFO  c.e.test.rate.ManageRateApplication -
                Started ManageRateApplication in 24.967 seconds (JVM running for 28.124)
2022-01-06 14:08:38 [hystrix-RateController-1] ERROR c.e.t.rate.controller.RateController -
                Inside get controller Hystrix timeout error
2022-01-06 14:08:43 [hystrix-RateController-2] INFO  c.e.t.rate.controller.RateController -
                Inside controller: Rate details updated successfully for Rate ID: 18
2022-01-06 14:08:44 [hystrix-RateController-2] ERROR c.e.t.rate.controller.RateController -
                Hystrix timeout error in update method
2022-01-06 14:08:44 [updateExecutor-1] ERROR c.e.test.rate.service.RateService -
                RateId not found in RMS
2022-01-06 14:12:07 [restartedMain] INFO  c.e.test.rate.ManageRateApplication -
                Starting ManageRateApplication using Java 1.8.0_301 on DESKTOP-LMHFHK6 with PID 5812 (D:\manage-rate\target\classes started by dell in D:\manage-rate)
2022-01-06 14:12:07 [restartedMain] DEBUG c.e.test.rate.ManageRateApplication -
                Running with Spring Boot v2.6.2, Spring v5.3.14
2022-01-06 14:12:07 [restartedMain] INFO  c.e.test.rate.ManageRateApplication -
                No active profile set, falling back to default profiles: default
2022-01-06 14:13:15 [main] INFO  c.e.t.rate.controller.RateController -
                Inside controller: Rate details deleted successfully for Rate ID: 2
2022-01-06 14:13:15 [main] INFO  c.e.t.rate.controller.RateController -
                Inside Controller:New Rate details are added to RMS
2022-01-06 14:13:15 [main] INFO  c.e.t.rate.controller.RateController -
                Inside Controller::Retrieve rate details from RMS by Rate ID
2022-01-06 14:13:18 [main] INFO  c.e.t.r.ManageRateApplicationTests -
                Starting ManageRateApplicationTests using Java 1.8.0_301 on DESKTOP-LMHFHK6 with PID 8588 (started by dell in D:\manage-rate)
2022-01-06 14:13:18 [main] DEBUG c.e.t.r.ManageRateApplicationTests -
                Running with Spring Boot v2.6.2, Spring v5.3.14
2022-01-06 14:13:18 [main] INFO  c.e.t.r.ManageRateApplicationTests -
                No active profile set, falling back to default profiles: default
2022-01-06 14:13:38 [main] INFO  c.e.t.r.ManageRateApplicationTests -
                Started ManageRateApplicationTests in 21.541 seconds (JVM running for 31.115)
2022-01-06 14:13:39 [main] INFO  c.e.t.r.r.RateRepositoryTest -
                Starting RateRepositoryTest using Java 1.8.0_301 on DESKTOP-LMHFHK6 with PID 8588 (started by dell in D:\manage-rate)
2022-01-06 14:13:39 [main] DEBUG c.e.t.r.r.RateRepositoryTest -
                Running with Spring Boot v2.6.2, Spring v5.3.14
2022-01-06 14:13:39 [main] INFO  c.e.t.r.r.RateRepositoryTest -
                No active profile set, falling back to default profiles: default
2022-01-06 14:13:41 [main] INFO  c.e.t.r.r.RateRepositoryTest -
                Started RateRepositoryTest in 2.259 seconds (JVM running for 33.785)
2022-01-06 14:13:42 [main] INFO  c.e.test.rate.service.RateService -
                Service Layer : New Rate details are added to RMS
2022-01-06 14:57:30 [main] INFO  c.e.t.rate.controller.RateController -
                Inside Controller::Retrieve rate details from RMS by Rate ID
2022-01-06 15:06:40 [main] INFO  c.e.t.rate.controller.RateController -
                Inside Controller::Retrieve rate details from RMS by Rate ID
2022-01-06 15:11:08 [main] INFO  c.e.t.rate.controller.RateController -
                Inside Controller::Retrieve rate details from RMS by Rate ID
2022-01-06 15:12:31 [main] INFO  c.e.t.rate.controller.RateController -
                Inside Controller::Retrieve rate details from RMS by Rate ID
2022-01-06 15:13:24 [main] INFO  c.e.t.rate.controller.RateController -
                Inside Controller::Retrieve rate details from RMS by Rate ID
2022-01-06 15:14:41 [main] INFO  c.e.t.rate.controller.RateController -
                Inside Controller::Retrieve rate details from RMS by Rate ID
2022-01-06 15:18:44 [main] INFO  c.e.t.rate.controller.RateController -
                Inside Controller::Retrieve rate details from RMS by Rate ID
2022-01-06 15:23:03 [main] INFO  c.e.t.rate.controller.RateController -
                Inside Controller:New Rate details are added to RMS
2022-01-06 15:33:28 [main] INFO  c.e.t.rate.controller.RateController -
                Inside Controller:New Rate details are added to RMS
2022-01-06 15:34:55 [main] INFO  c.e.t.rate.controller.RateController -
                Inside Controller:New Rate details are added to RMS
2022-01-06 15:37:07 [main] INFO  c.e.t.rate.controller.RateController -
                Inside Controller:New Rate details are added to RMS
2022-01-06 15:45:21 [main] INFO  c.e.t.rate.controller.RateController -
                Inside Controller::Retrieve rate details from RMS by Rate ID
2022-01-06 15:48:26 [main] INFO  c.e.t.rate.controller.RateController -
                Inside Controller::Retrieve rate details from RMS by Rate ID
2022-01-06 15:49:49 [main] INFO  c.e.t.rate.controller.RateController -
                Inside Controller::Retrieve rate details from RMS by Rate ID
2022-01-06 15:51:07 [main] INFO  c.e.t.rate.controller.RateController -
                Inside Controller::Retrieve rate details from RMS by Rate ID
2022-01-06 15:52:43 [main] INFO  c.e.t.rate.controller.RateController -
                Inside Controller:New Rate details are added to RMS
2022-01-06 15:54:45 [main] INFO  c.e.t.rate.controller.RateController -
                Inside Controller:New Rate details are added to RMS
2022-01-06 15:55:20 [main] INFO  c.e.t.rate.controller.RateController -
                Inside Controller:New Rate details are added to RMS
2022-01-06 15:57:57 [main] INFO  c.e.t.rate.controller.RateController -
                Inside Controller:New Rate details are added to RMS
2022-01-06 16:14:22 [main] INFO  c.e.t.rate.controller.RateController -
                Inside Controller::Retrieve rate details from RMS by Rate ID
2022-01-06 16:15:05 [main] INFO  c.e.t.rate.controller.RateController -
                Inside Controller::Retrieve rate details from RMS by Rate ID
2022-01-06 16:15:59 [main] INFO  c.e.t.rate.controller.RateController -
                Inside Controller::Retrieve rate details from RMS by Rate ID
2022-01-06 16:16:48 [main] INFO  c.e.t.rate.controller.RateController -
                Inside Controller:New Rate details are added to RMS
2022-01-06 16:17:40 [main] INFO  c.e.t.rate.controller.RateController -
                Inside Controller:New Rate details are added to RMS
2022-01-06 16:38:21 [main] INFO  c.e.t.rate.controller.RateController -
                Inside controller: Rate details deleted successfully for Rate ID: 2
2022-01-06 16:38:26 [main] INFO  c.e.t.rate.controller.RateController -
                Inside Controller::Retrieve rate details from RMS by Rate ID
2022-01-06 16:38:26 [main] INFO  c.e.t.rate.controller.RateController -
                Inside Controller:New Rate details are added to RMS
2022-01-06 16:40:56 [main] INFO  c.e.t.r.r.RateRepositoryTest -
                Starting RateRepositoryTest using Java 1.8.0_301 on DESKTOP-LMHFHK6 with PID 4648 (started by dell in D:\manage-rate)
2022-01-06 16:40:56 [main] DEBUG c.e.t.r.r.RateRepositoryTest -
                Running with Spring Boot v2.6.2, Spring v5.3.14
2022-01-06 16:40:56 [main] INFO  c.e.t.r.r.RateRepositoryTest -
                No active profile set, falling back to default profiles: default
2022-01-06 16:41:06 [main] INFO  c.e.t.r.r.RateRepositoryTest -
                Started RateRepositoryTest in 12.209 seconds (JVM running for 19.237)
2022-01-06 16:48:35 [main] INFO  c.e.t.r.r.RateRepositoryTest -
                Starting RateRepositoryTest using Java 1.8.0_301 on DESKTOP-LMHFHK6 with PID 3240 (started by dell in D:\manage-rate)
2022-01-06 16:48:35 [main] DEBUG c.e.t.r.r.RateRepositoryTest -
                Running with Spring Boot v2.6.2, Spring v5.3.14
2022-01-06 16:48:35 [main] INFO  c.e.t.r.r.RateRepositoryTest -
                No active profile set, falling back to default profiles: default
2022-01-06 16:48:49 [main] INFO  c.e.t.r.r.RateRepositoryTest -
                Started RateRepositoryTest in 16.62 seconds (JVM running for 23.507)
2022-01-06 16:50:21 [main] INFO  c.e.t.r.r.RateRepositoryTest -
                Starting RateRepositoryTest using Java 1.8.0_301 on DESKTOP-LMHFHK6 with PID 10896 (started by dell in D:\manage-rate)
2022-01-06 16:50:21 [main] DEBUG c.e.t.r.r.RateRepositoryTest -
                Running with Spring Boot v2.6.2, Spring v5.3.14
2022-01-06 16:50:21 [main] INFO  c.e.t.r.r.RateRepositoryTest -
                No active profile set, falling back to default profiles: default
2022-01-06 16:50:31 [main] INFO  c.e.t.r.r.RateRepositoryTest -
                Started RateRepositoryTest in 12.591 seconds (JVM running for 19.069)
2022-01-06 16:51:31 [main] INFO  c.e.t.r.r.RateRepositoryTest -
                Starting RateRepositoryTest using Java 1.8.0_301 on DESKTOP-LMHFHK6 with PID 7700 (started by dell in D:\manage-rate)
2022-01-06 16:51:31 [main] DEBUG c.e.t.r.r.RateRepositoryTest -
                Running with Spring Boot v2.6.2, Spring v5.3.14
2022-01-06 16:51:31 [main] INFO  c.e.t.r.r.RateRepositoryTest -
                No active profile set, falling back to default profiles: default
2022-01-06 16:51:42 [main] INFO  c.e.t.r.r.RateRepositoryTest -
                Started RateRepositoryTest in 13.376 seconds (JVM running for 19.533)
2022-01-06 16:53:00 [main] INFO  c.e.t.r.r.RateRepositoryTest -
                Starting RateRepositoryTest using Java 1.8.0_301 on DESKTOP-LMHFHK6 with PID 14836 (started by dell in D:\manage-rate)
2022-01-06 16:53:00 [main] DEBUG c.e.t.r.r.RateRepositoryTest -
                Running with Spring Boot v2.6.2, Spring v5.3.14
2022-01-06 16:53:00 [main] INFO  c.e.t.r.r.RateRepositoryTest -
                No active profile set, falling back to default profiles: default
2022-01-06 16:53:11 [main] INFO  c.e.t.r.r.RateRepositoryTest -
                Started RateRepositoryTest in 13.486 seconds (JVM running for 20.009)
2022-01-06 16:54:35 [main] INFO  c.e.t.r.r.RateRepositoryTest -
                Starting RateRepositoryTest using Java 1.8.0_301 on DESKTOP-LMHFHK6 with PID 976 (started by dell in D:\manage-rate)
2022-01-06 16:54:35 [main] DEBUG c.e.t.r.r.RateRepositoryTest -
                Running with Spring Boot v2.6.2, Spring v5.3.14
2022-01-06 16:54:35 [main] INFO  c.e.t.r.r.RateRepositoryTest -
                No active profile set, falling back to default profiles: default
2022-01-06 16:54:44 [main] INFO  c.e.t.r.r.RateRepositoryTest -
                Started RateRepositoryTest in 11.11 seconds (JVM running for 16.949)
2022-01-06 17:10:17 [main] INFO  c.e.t.r.r.RateRepositoryTest -
                Starting RateRepositoryTest using Java 1.8.0_301 on DESKTOP-LMHFHK6 with PID 14796 (started by dell in D:\manage-rate)
2022-01-06 17:10:17 [main] DEBUG c.e.t.r.r.RateRepositoryTest -
                Running with Spring Boot v2.6.2, Spring v5.3.14
2022-01-06 17:10:17 [main] INFO  c.e.t.r.r.RateRepositoryTest -
                No active profile set, falling back to default profiles: default
2022-01-06 17:10:26 [main] INFO  c.e.t.r.r.RateRepositoryTest -
                Started RateRepositoryTest in 11.485 seconds (JVM running for 18.752)
2022-01-06 17:12:38 [main] INFO  c.e.t.r.r.RateRepositoryTest -
                Starting RateRepositoryTest using Java 1.8.0_301 on DESKTOP-LMHFHK6 with PID 13908 (started by dell in D:\manage-rate)
2022-01-06 17:12:38 [main] DEBUG c.e.t.r.r.RateRepositoryTest -
                Running with Spring Boot v2.6.2, Spring v5.3.14
2022-01-06 17:12:38 [main] INFO  c.e.t.r.r.RateRepositoryTest -
                No active profile set, falling back to default profiles: default
2022-01-06 17:12:52 [main] INFO  c.e.t.r.r.RateRepositoryTest -
                Started RateRepositoryTest in 16.126 seconds (JVM running for 24.397)
2022-01-06 17:14:09 [main] INFO  c.e.t.r.r.RateRepositoryTest -
                Starting RateRepositoryTest using Java 1.8.0_301 on DESKTOP-LMHFHK6 with PID 6708 (started by dell in D:\manage-rate)
2022-01-06 17:14:09 [main] DEBUG c.e.t.r.r.RateRepositoryTest -
                Running with Spring Boot v2.6.2, Spring v5.3.14
2022-01-06 17:14:09 [main] INFO  c.e.t.r.r.RateRepositoryTest -
                No active profile set, falling back to default profiles: default
2022-01-06 17:14:19 [main] INFO  c.e.t.r.r.RateRepositoryTest -
                Started RateRepositoryTest in 12.433 seconds (JVM running for 19.074)
2022-01-06 17:15:19 [main] INFO  c.e.t.r.r.RateRepositoryTest -
                Starting RateRepositoryTest using Java 1.8.0_301 on DESKTOP-LMHFHK6 with PID 8584 (started by dell in D:\manage-rate)
2022-01-06 17:15:19 [main] DEBUG c.e.t.r.r.RateRepositoryTest -
                Running with Spring Boot v2.6.2, Spring v5.3.14
2022-01-06 17:15:19 [main] INFO  c.e.t.r.r.RateRepositoryTest -
                No active profile set, falling back to default profiles: default
2022-01-06 17:15:29 [main] INFO  c.e.t.r.r.RateRepositoryTest -
                Started RateRepositoryTest in 12.296 seconds (JVM running for 17.804)
2022-01-06 17:16:55 [main] INFO  c.e.t.r.r.RateRepositoryTest -
                Starting RateRepositoryTest using Java 1.8.0_301 on DESKTOP-LMHFHK6 with PID 1408 (started by dell in D:\manage-rate)
2022-01-06 17:16:55 [main] DEBUG c.e.t.r.r.RateRepositoryTest -
                Running with Spring Boot v2.6.2, Spring v5.3.14
2022-01-06 17:16:55 [main] INFO  c.e.t.r.r.RateRepositoryTest -
                No active profile set, falling back to default profiles: default
2022-01-06 17:17:09 [main] INFO  c.e.t.r.r.RateRepositoryTest -
                Started RateRepositoryTest in 17.044 seconds (JVM running for 24.067)
2022-01-06 17:19:00 [main] INFO  c.e.t.r.r.RateRepositoryTest -
                Starting RateRepositoryTest using Java 1.8.0_301 on DESKTOP-LMHFHK6 with PID 11568 (started by dell in D:\manage-rate)
2022-01-06 17:19:00 [main] DEBUG c.e.t.r.r.RateRepositoryTest -
                Running with Spring Boot v2.6.2, Spring v5.3.14
2022-01-06 17:19:00 [main] INFO  c.e.t.r.r.RateRepositoryTest -
                No active profile set, falling back to default profiles: default
2022-01-06 17:19:09 [main] INFO  c.e.t.r.r.RateRepositoryTest -
                Started RateRepositoryTest in 12.673 seconds (JVM running for 18.489)
2022-01-06 17:24:45 [main] INFO  c.e.t.r.r.RateRepositoryTest -
                Starting RateRepositoryTest using Java 1.8.0_301 on DESKTOP-LMHFHK6 with PID 13920 (started by dell in D:\manage-rate)
2022-01-06 17:24:45 [main] DEBUG c.e.t.r.r.RateRepositoryTest -
                Running with Spring Boot v2.6.2, Spring v5.3.14
2022-01-06 17:24:45 [main] INFO  c.e.t.r.r.RateRepositoryTest -
                No active profile set, falling back to default profiles: default
2022-01-06 17:25:01 [main] INFO  c.e.t.r.r.RateRepositoryTest -
                Started RateRepositoryTest in 19.697 seconds (JVM running for 28.693)
2022-01-06 17:27:59 [main] INFO  c.e.t.r.r.RateRepositoryTest -
                Starting RateRepositoryTest using Java 1.8.0_301 on DESKTOP-LMHFHK6 with PID 6888 (started by dell in D:\manage-rate)
2022-01-06 17:27:59 [main] DEBUG c.e.t.r.r.RateRepositoryTest -
                Running with Spring Boot v2.6.2, Spring v5.3.14
2022-01-06 17:27:59 [main] INFO  c.e.t.r.r.RateRepositoryTest -
                No active profile set, falling back to default profiles: default
2022-01-06 17:28:24 [main] INFO  c.e.t.r.r.RateRepositoryTest -
                Started RateRepositoryTest in 28.693 seconds (JVM running for 37.162)
2022-01-06 17:29:47 [main] INFO  c.e.test.rate.service.RateService -
                Service Layer : New Rate details are added to RMS
2022-01-06 17:39:24 [main] INFO  c.e.t.r.r.RateRepositoryTest -
                Starting RateRepositoryTest using Java 1.8.0_301 on DESKTOP-LMHFHK6 with PID 12424 (started by dell in D:\manage-rate)
2022-01-06 17:39:24 [main] DEBUG c.e.t.r.r.RateRepositoryTest -
                Running with Spring Boot v2.6.2, Spring v5.3.14
2022-01-06 17:39:24 [main] INFO  c.e.t.r.r.RateRepositoryTest -
                No active profile set, falling back to default profiles: default
2022-01-06 17:39:37 [main] INFO  c.e.t.r.r.RateRepositoryTest -
                Started RateRepositoryTest in 16.132 seconds (JVM running for 21.966)
2022-01-06 17:42:44 [main] INFO  c.e.t.r.r.RateRepositoryTest -
                Starting RateRepositoryTest using Java 1.8.0_301 on DESKTOP-LMHFHK6 with PID 15776 (started by dell in D:\manage-rate)
2022-01-06 17:42:44 [main] DEBUG c.e.t.r.r.RateRepositoryTest -
                Running with Spring Boot v2.6.2, Spring v5.3.14
2022-01-06 17:42:44 [main] INFO  c.e.t.r.r.RateRepositoryTest -
                No active profile set, falling back to default profiles: default
2022-01-06 17:42:58 [main] INFO  c.e.t.r.r.RateRepositoryTest -
                Started RateRepositoryTest in 17.098 seconds (JVM running for 27.293)
2022-01-06 17:48:00 [main] INFO  c.e.t.r.r.RateRepositoryTest -
                Starting RateRepositoryTest using Java 1.8.0_301 on DESKTOP-LMHFHK6 with PID 8524 (started by dell in D:\manage-rate)
2022-01-06 17:48:00 [main] DEBUG c.e.t.r.r.RateRepositoryTest -
                Running with Spring Boot v2.6.2, Spring v5.3.14
2022-01-06 17:48:00 [main] INFO  c.e.t.r.r.RateRepositoryTest -
                No active profile set, falling back to default profiles: default
2022-01-06 17:48:12 [main] INFO  c.e.t.r.r.RateRepositoryTest -
                Started RateRepositoryTest in 15.131 seconds (JVM running for 41.172)
2022-01-06 17:51:32 [main] INFO  c.e.t.r.r.RateRepositoryTest -
                Starting RateRepositoryTest using Java 1.8.0_301 on DESKTOP-LMHFHK6 with PID 4524 (started by dell in D:\manage-rate)
2022-01-06 17:51:32 [main] DEBUG c.e.t.r.r.RateRepositoryTest -
                Running with Spring Boot v2.6.2, Spring v5.3.14
2022-01-06 17:51:32 [main] INFO  c.e.t.r.r.RateRepositoryTest -
                No active profile set, falling back to default profiles: default
2022-01-06 17:51:46 [main] INFO  c.e.t.r.r.RateRepositoryTest -
                Started RateRepositoryTest in 16.568 seconds (JVM running for 27.24)
2022-01-06 17:55:00 [main] INFO  c.e.t.r.r.RateRepositoryTest -
                Starting RateRepositoryTest using Java 1.8.0_301 on DESKTOP-LMHFHK6 with PID 12028 (started by dell in D:\manage-rate)
2022-01-06 17:55:00 [main] DEBUG c.e.t.r.r.RateRepositoryTest -
                Running with Spring Boot v2.6.2, Spring v5.3.14
2022-01-06 17:55:00 [main] INFO  c.e.t.r.r.RateRepositoryTest -
                No active profile set, falling back to default profiles: default
2022-01-06 17:55:09 [main] INFO  c.e.t.r.r.RateRepositoryTest -
                Started RateRepositoryTest in 10.633 seconds (JVM running for 15.666)
2022-01-06 17:57:43 [main] INFO  c.e.t.r.r.RateRepositoryTest -
                Starting RateRepositoryTest using Java 1.8.0_301 on DESKTOP-LMHFHK6 with PID 11188 (started by dell in D:\manage-rate)
2022-01-06 17:57:43 [main] DEBUG c.e.t.r.r.RateRepositoryTest -
                Running with Spring Boot v2.6.2, Spring v5.3.14
2022-01-06 17:57:43 [main] INFO  c.e.t.r.r.RateRepositoryTest -
                No active profile set, falling back to default profiles: default
2022-01-06 17:57:51 [main] INFO  c.e.t.r.r.RateRepositoryTest -
                Started RateRepositoryTest in 9.556 seconds (JVM running for 14.369)
2022-01-06 17:58:33 [main] INFO  c.e.t.r.r.RateRepositoryTest -
                Starting RateRepositoryTest using Java 1.8.0_301 on DESKTOP-LMHFHK6 with PID 10744 (started by dell in D:\manage-rate)
2022-01-06 17:58:33 [main] DEBUG c.e.t.r.r.RateRepositoryTest -
                Running with Spring Boot v2.6.2, Spring v5.3.14
2022-01-06 17:58:33 [main] INFO  c.e.t.r.r.RateRepositoryTest -
                No active profile set, falling back to default profiles: default
2022-01-06 17:58:41 [main] INFO  c.e.t.r.r.RateRepositoryTest -
                Started RateRepositoryTest in 9.452 seconds (JVM running for 14.223)
2022-01-06 17:59:10 [main] INFO  c.e.t.r.r.RateRepositoryTest -
                Starting RateRepositoryTest using Java 1.8.0_301 on DESKTOP-LMHFHK6 with PID 2716 (started by dell in D:\manage-rate)
2022-01-06 17:59:10 [main] DEBUG c.e.t.r.r.RateRepositoryTest -
                Running with Spring Boot v2.6.2, Spring v5.3.14
2022-01-06 17:59:10 [main] INFO  c.e.t.r.r.RateRepositoryTest -
                No active profile set, falling back to default profiles: default
2022-01-06 17:59:17 [main] INFO  c.e.t.r.r.RateRepositoryTest -
                Started RateRepositoryTest in 8.927 seconds (JVM running for 12.86)
2022-01-06 18:03:25 [main] INFO  c.e.t.r.r.RateRepositoryTest -
                Starting RateRepositoryTest using Java 1.8.0_301 on DESKTOP-LMHFHK6 with PID 12460 (started by dell in D:\manage-rate)
2022-01-06 18:03:25 [main] DEBUG c.e.t.r.r.RateRepositoryTest -
                Running with Spring Boot v2.6.2, Spring v5.3.14
2022-01-06 18:03:25 [main] INFO  c.e.t.r.r.RateRepositoryTest -
                No active profile set, falling back to default profiles: default
2022-01-06 18:03:34 [main] INFO  c.e.t.r.r.RateRepositoryTest -
                Started RateRepositoryTest in 11.385 seconds (JVM running for 15.998)
2022-01-06 18:04:23 [main] INFO  c.e.t.r.r.RateRepositoryTest -
                Starting RateRepositoryTest using Java 1.8.0_301 on DESKTOP-LMHFHK6 with PID 15440 (started by dell in D:\manage-rate)
2022-01-06 18:04:23 [main] DEBUG c.e.t.r.r.RateRepositoryTest -
                Running with Spring Boot v2.6.2, Spring v5.3.14
2022-01-06 18:04:23 [main] INFO  c.e.t.r.r.RateRepositoryTest -
                No active profile set, falling back to default profiles: default
2022-01-06 18:04:30 [main] INFO  c.e.t.r.r.RateRepositoryTest -
                Started RateRepositoryTest in 8.896 seconds (JVM running for 13.521)
2022-01-06 18:05:39 [main] INFO  c.e.t.r.r.RateRepositoryTest -
                Starting RateRepositoryTest using Java 1.8.0_301 on DESKTOP-LMHFHK6 with PID 1756 (started by dell in D:\manage-rate)
2022-01-06 18:05:39 [main] DEBUG c.e.t.r.r.RateRepositoryTest -
                Running with Spring Boot v2.6.2, Spring v5.3.14
2022-01-06 18:05:39 [main] INFO  c.e.t.r.r.RateRepositoryTest -
                No active profile set, falling back to default profiles: default
2022-01-06 18:05:50 [main] INFO  c.e.t.r.r.RateRepositoryTest -
                Started RateRepositoryTest in 13.664 seconds (JVM running for 24.61)
2022-01-06 18:06:10 [main] INFO  c.e.t.r.r.RateRepositoryTest -
                Starting RateRepositoryTest using Java 1.8.0_301 on DESKTOP-LMHFHK6 with PID 13468 (started by dell in D:\manage-rate)
2022-01-06 18:06:10 [main] DEBUG c.e.t.r.r.RateRepositoryTest -
                Running with Spring Boot v2.6.2, Spring v5.3.14
2022-01-06 18:06:10 [main] INFO  c.e.t.r.r.RateRepositoryTest -
                No active profile set, falling back to default profiles: default
2022-01-06 18:06:21 [main] INFO  c.e.t.r.r.RateRepositoryTest -
                Started RateRepositoryTest in 12.756 seconds (JVM running for 17.723)
2022-01-06 18:07:02 [main] INFO  c.e.t.r.r.RateRepositoryTest -
                Starting RateRepositoryTest using Java 1.8.0_301 on DESKTOP-LMHFHK6 with PID 14468 (started by dell in D:\manage-rate)
2022-01-06 18:07:02 [main] DEBUG c.e.t.r.r.RateRepositoryTest -
                Running with Spring Boot v2.6.2, Spring v5.3.14
2022-01-06 18:07:02 [main] INFO  c.e.t.r.r.RateRepositoryTest -
                No active profile set, falling back to default profiles: default
2022-01-06 18:07:12 [main] INFO  c.e.t.r.r.RateRepositoryTest -
                Started RateRepositoryTest in 12.45 seconds (JVM running for 17.381)
2022-01-06 18:07:27 [main] INFO  c.e.t.r.r.RateRepositoryTest -
                Starting RateRepositoryTest using Java 1.8.0_301 on DESKTOP-LMHFHK6 with PID 7908 (started by dell in D:\manage-rate)
2022-01-06 18:07:27 [main] DEBUG c.e.t.r.r.RateRepositoryTest -
                Running with Spring Boot v2.6.2, Spring v5.3.14
2022-01-06 18:07:27 [main] INFO  c.e.t.r.r.RateRepositoryTest -
                No active profile set, falling back to default profiles: default
2022-01-06 18:07:35 [main] INFO  c.e.t.r.r.RateRepositoryTest -
                Started RateRepositoryTest in 9.724 seconds (JVM running for 14.504)
2022-01-06 18:08:20 [main] INFO  c.e.t.r.r.RateRepositoryTest -
                Starting RateRepositoryTest using Java 1.8.0_301 on DESKTOP-LMHFHK6 with PID 10616 (started by dell in D:\manage-rate)
2022-01-06 18:08:20 [main] DEBUG c.e.t.r.r.RateRepositoryTest -
                Running with Spring Boot v2.6.2, Spring v5.3.14
2022-01-06 18:08:20 [main] INFO  c.e.t.r.r.RateRepositoryTest -
                No active profile set, falling back to default profiles: default
2022-01-06 18:08:33 [main] INFO  c.e.t.r.r.RateRepositoryTest -
                Started RateRepositoryTest in 14.362 seconds (JVM running for 20.71)
2022-01-06 18:10:58 [main] INFO  c.e.t.r.r.RateRepositoryTest -
                Starting RateRepositoryTest using Java 1.8.0_301 on DESKTOP-LMHFHK6 with PID 15512 (started by dell in D:\manage-rate)
2022-01-06 18:10:58 [main] DEBUG c.e.t.r.r.RateRepositoryTest -
                Running with Spring Boot v2.6.2, Spring v5.3.14
2022-01-06 18:10:58 [main] INFO  c.e.t.r.r.RateRepositoryTest -
                No active profile set, falling back to default profiles: default
2022-01-06 18:11:15 [main] INFO  c.e.t.r.r.RateRepositoryTest -
                Started RateRepositoryTest in 20.236 seconds (JVM running for 31.787)
2022-01-06 18:12:59 [main] INFO  c.e.test.rate.service.RateService -
                Service Layer : New Rate details are added to RMS
2022-01-06 18:47:05 [main] INFO  c.e.test.rate.service.RateService -
                Service Layer : New Rate details are added to RMS
2022-01-06 19:18:55 [main] INFO  c.e.test.rate.service.RateService -
                Service Layer : New Rate details are added to RMS
2022-01-06 19:19:24 [main] INFO  c.e.t.r.r.RateRepositoryTest -
                Starting RateRepositoryTest using Java 1.8.0_301 on DESKTOP-LMHFHK6 with PID 6740 (started by dell in D:\manage-rate)
2022-01-06 19:19:24 [main] DEBUG c.e.t.r.r.RateRepositoryTest -
                Running with Spring Boot v2.6.2, Spring v5.3.14
2022-01-06 19:19:24 [main] INFO  c.e.t.r.r.RateRepositoryTest -
                No active profile set, falling back to default profiles: default
2022-01-06 19:19:34 [main] INFO  c.e.t.r.r.RateRepositoryTest -
                Started RateRepositoryTest in 11.348 seconds (JVM running for 18.085)
2022-01-06 19:19:58 [main] INFO  c.e.t.rate.controller.RateController -
                Inside controller: Rate details deleted successfully for Rate ID: 2
2022-01-06 19:20:02 [main] INFO  c.e.t.rate.controller.RateController -
                Inside Controller::Retrieve rate details from RMS by Rate ID
2022-01-06 19:20:03 [main] INFO  c.e.t.rate.controller.RateController -
                Inside Controller:New Rate details are added to RMS
2022-01-06 19:21:07 [main] INFO  c.e.t.rate.controller.RateController -
                Inside controller: Rate details deleted successfully for Rate ID: 2
2022-01-06 19:21:07 [main] INFO  c.e.t.rate.controller.RateController -
                Inside Controller::Retrieve rate details from RMS by Rate ID
2022-01-06 19:21:07 [main] INFO  c.e.t.rate.controller.RateController -
                Inside Controller:New Rate details are added to RMS
